<?xml version="1.0" encoding="UTF-8"?>
<testsuite xmlns:xsi="http://www.w3.org/2001/XMLSchema-instance" xsi:noNamespaceSchemaLocation="https://maven.apache.org/surefire/maven-surefire-plugin/xsd/surefire-test-report-3.0.xsd" version="3.0" name="examples.ExamplesTest" time="9.63" tests="1" errors="0" skipped="0" failures="1">
  <properties>
    <property name="java.specification.version" value="24"/>
    <property name="sun.cpu.isalist" value="amd64"/>
    <property name="sun.jnu.encoding" value="Cp1252"/>
    <property name="java.class.path" value="C:\Users\dikyd\Documents\Maven\Proyecto_QA2_example1\target\test-classes;C:\Users\dikyd\Documents\Maven\Proyecto_QA2_example1\target\classes;C:\Users\dikyd\.m2\repository\io\karatelabs\karate-junit5\1.5.0\karate-junit5-1.5.0.jar;C:\Users\dikyd\.m2\repository\io\karatelabs\karate-core\1.5.0\karate-core-1.5.0.jar;C:\Users\dikyd\.m2\repository\org\graalvm\js\js-scriptengine\24.0.0\js-scriptengine-24.0.0.jar;C:\Users\dikyd\.m2\repository\org\graalvm\polyglot\polyglot\24.0.0\polyglot-24.0.0.jar;C:\Users\dikyd\.m2\repository\org\graalvm\sdk\collections\24.0.0\collections-24.0.0.jar;C:\Users\dikyd\.m2\repository\org\graalvm\sdk\nativeimage\24.0.0\nativeimage-24.0.0.jar;C:\Users\dikyd\.m2\repository\org\graalvm\sdk\word\24.0.0\word-24.0.0.jar;C:\Users\dikyd\.m2\repository\org\graalvm\js\js-language\24.0.0\js-language-24.0.0.jar;C:\Users\dikyd\.m2\repository\org\graalvm\regex\regex\24.0.0\regex-24.0.0.jar;C:\Users\dikyd\.m2\repository\org\graalvm\truffle\truffle-api\24.0.0\truffle-api-24.0.0.jar;C:\Users\dikyd\.m2\repository\org\graalvm\shadowed\icu4j\24.0.0\icu4j-24.0.0.jar;C:\Users\dikyd\.m2\repository\org\thymeleaf\thymeleaf\3.1.2.RELEASE\thymeleaf-3.1.2.RELEASE.jar;C:\Users\dikyd\.m2\repository\ognl\ognl\3.3.4\ognl-3.3.4.jar;C:\Users\dikyd\.m2\repository\org\javassist\javassist\3.29.0-GA\javassist-3.29.0-GA.jar;C:\Users\dikyd\.m2\repository\org\attoparser\attoparser\2.0.7.RELEASE\attoparser-2.0.7.RELEASE.jar;C:\Users\dikyd\.m2\repository\org\unbescape\unbescape\1.1.6.RELEASE\unbescape-1.1.6.RELEASE.jar;C:\Users\dikyd\.m2\repository\com\linecorp\armeria\armeria\1.29.2\armeria-1.29.2.jar;C:\Users\dikyd\.m2\repository\com\fasterxml\jackson\core\jackson-core\2.17.1\jackson-core-2.17.1.jar;C:\Users\dikyd\.m2\repository\com\fasterxml\jackson\core\jackson-annotations\2.17.1\jackson-annotations-2.17.1.jar;C:\Users\dikyd\.m2\repository\com\fasterxml\jackson\core\jackson-databind\2.17.1\jackson-databind-2.17.1.jar;C:\Users\dikyd\.m2\repository\com\fasterxml\jackson\datatype\jackson-datatype-jdk8\2.17.1\jackson-datatype-jdk8-2.17.1.jar;C:\Users\dikyd\.m2\repository\com\fasterxml\jackson\datatype\jackson-datatype-jsr310\2.17.1\jackson-datatype-jsr310-2.17.1.jar;C:\Users\dikyd\.m2\repository\io\micrometer\micrometer-core\1.13.0\micrometer-core-1.13.0.jar;C:\Users\dikyd\.m2\repository\io\micrometer\micrometer-commons\1.13.0\micrometer-commons-1.13.0.jar;C:\Users\dikyd\.m2\repository\io\micrometer\micrometer-observation\1.13.0\micrometer-observation-1.13.0.jar;C:\Users\dikyd\.m2\repository\org\hdrhistogram\HdrHistogram\2.2.1\HdrHistogram-2.2.1.jar;C:\Users\dikyd\.m2\repository\org\latencyutils\LatencyUtils\2.0.3\LatencyUtils-2.0.3.jar;C:\Users\dikyd\.m2\repository\io\netty\netty-transport\4.1.110.Final\netty-transport-4.1.110.Final.jar;C:\Users\dikyd\.m2\repository\io\netty\netty-common\4.1.110.Final\netty-common-4.1.110.Final.jar;C:\Users\dikyd\.m2\repository\io\netty\netty-buffer\4.1.110.Final\netty-buffer-4.1.110.Final.jar;C:\Users\dikyd\.m2\repository\io\netty\netty-resolver\4.1.110.Final\netty-resolver-4.1.110.Final.jar;C:\Users\dikyd\.m2\repository\io\netty\netty-codec-haproxy\4.1.110.Final\netty-codec-haproxy-4.1.110.Final.jar;C:\Users\dikyd\.m2\repository\io\netty\netty-codec\4.1.110.Final\netty-codec-4.1.110.Final.jar;C:\Users\dikyd\.m2\repository\io\netty\netty-codec-http2\4.1.110.Final\netty-codec-http2-4.1.110.Final.jar;C:\Users\dikyd\.m2\repository\io\netty\netty-handler\4.1.110.Final\netty-handler-4.1.110.Final.jar;C:\Users\dikyd\.m2\repository\io\netty\netty-codec-http\4.1.110.Final\netty-codec-http-4.1.110.Final.jar;C:\Users\dikyd\.m2\repository\io\netty\netty-resolver-dns\4.1.110.Final\netty-resolver-dns-4.1.110.Final.jar;C:\Users\dikyd\.m2\repository\io\netty\netty-codec-dns\4.1.110.Final\netty-codec-dns-4.1.110.Final.jar;C:\Users\dikyd\.m2\repository\io\netty\netty-transport-native-unix-common\4.1.110.Final\netty-transport-native-unix-common-4.1.110.Final-linux-x86_64.jar;C:\Users\dikyd\.m2\repository\io\netty\netty-transport-native-unix-common\4.1.110.Final\netty-transport-native-unix-common-4.1.110.Final-linux-aarch_64.jar;C:\Users\dikyd\.m2\repository\io\netty\netty-transport-native-unix-common\4.1.110.Final\netty-transport-native-unix-common-4.1.110.Final-osx-x86_64.jar;C:\Users\dikyd\.m2\repository\io\netty\netty-transport-native-unix-common\4.1.110.Final\netty-transport-native-unix-common-4.1.110.Final-osx-aarch_64.jar;C:\Users\dikyd\.m2\repository\org\reactivestreams\reactive-streams\1.0.4\reactive-streams-1.0.4.jar;C:\Users\dikyd\.m2\repository\com\google\code\findbugs\jsr305\3.0.2\jsr305-3.0.2.jar;C:\Users\dikyd\.m2\repository\io\netty\netty-handler-proxy\4.1.110.Final\netty-handler-proxy-4.1.110.Final.jar;C:\Users\dikyd\.m2\repository\io\netty\netty-codec-socks\4.1.110.Final\netty-codec-socks-4.1.110.Final.jar;C:\Users\dikyd\.m2\repository\io\netty\netty-transport-native-epoll\4.1.110.Final\netty-transport-native-epoll-4.1.110.Final-linux-x86_64.jar;C:\Users\dikyd\.m2\repository\io\netty\netty-transport-native-unix-common\4.1.110.Final\netty-transport-native-unix-common-4.1.110.Final.jar;C:\Users\dikyd\.m2\repository\io\netty\netty-transport-classes-epoll\4.1.110.Final\netty-transport-classes-epoll-4.1.110.Final.jar;C:\Users\dikyd\.m2\repository\io\netty\netty-transport-native-epoll\4.1.110.Final\netty-transport-native-epoll-4.1.110.Final-linux-aarch_64.jar;C:\Users\dikyd\.m2\repository\io\netty\netty-transport-native-kqueue\4.1.110.Final\netty-transport-native-kqueue-4.1.110.Final-osx-x86_64.jar;C:\Users\dikyd\.m2\repository\io\netty\netty-transport-classes-kqueue\4.1.110.Final\netty-transport-classes-kqueue-4.1.110.Final.jar;C:\Users\dikyd\.m2\repository\io\netty\netty-resolver-dns-native-macos\4.1.110.Final\netty-resolver-dns-native-macos-4.1.110.Final-osx-x86_64.jar;C:\Users\dikyd\.m2\repository\io\netty\netty-resolver-dns-classes-macos\4.1.110.Final\netty-resolver-dns-classes-macos-4.1.110.Final.jar;C:\Users\dikyd\.m2\repository\io\netty\netty-transport-native-kqueue\4.1.110.Final\netty-transport-native-kqueue-4.1.110.Final-osx-aarch_64.jar;C:\Users\dikyd\.m2\repository\io\netty\netty-resolver-dns-native-macos\4.1.110.Final\netty-resolver-dns-native-macos-4.1.110.Final-osx-aarch_64.jar;C:\Users\dikyd\.m2\repository\io\netty\netty-tcnative-boringssl-static\2.0.65.Final\netty-tcnative-boringssl-static-2.0.65.Final-linux-x86_64.jar;C:\Users\dikyd\.m2\repository\io\netty\netty-tcnative-classes\2.0.65.Final\netty-tcnative-classes-2.0.65.Final.jar;C:\Users\dikyd\.m2\repository\io\netty\netty-tcnative-boringssl-static\2.0.65.Final\netty-tcnative-boringssl-static-2.0.65.Final-linux-aarch_64.jar;C:\Users\dikyd\.m2\repository\io\netty\netty-tcnative-boringssl-static\2.0.65.Final\netty-tcnative-boringssl-static-2.0.65.Final-osx-x86_64.jar;C:\Users\dikyd\.m2\repository\io\netty\netty-tcnative-boringssl-static\2.0.65.Final\netty-tcnative-boringssl-static-2.0.65.Final-osx-aarch_64.jar;C:\Users\dikyd\.m2\repository\io\netty\netty-tcnative-boringssl-static\2.0.65.Final\netty-tcnative-boringssl-static-2.0.65.Final-windows-x86_64.jar;C:\Users\dikyd\.m2\repository\com\aayushatharva\brotli4j\brotli4j\1.16.0\brotli4j-1.16.0.jar;C:\Users\dikyd\.m2\repository\com\aayushatharva\brotli4j\service\1.16.0\service-1.16.0.jar;C:\Users\dikyd\.m2\repository\com\aayushatharva\brotli4j\native-windows-x86_64\1.16.0\native-windows-x86_64-1.16.0.jar;C:\Users\dikyd\.m2\repository\org\apache\httpcomponents\httpclient\4.5.14\httpclient-4.5.14.jar;C:\Users\dikyd\.m2\repository\org\apache\httpcomponents\httpcore\4.4.16\httpcore-4.4.16.jar;C:\Users\dikyd\.m2\repository\commons-codec\commons-codec\1.16.1\commons-codec-1.16.1.jar;C:\Users\dikyd\.m2\repository\ch\qos\logback\logback-classic\1.5.4\logback-classic-1.5.4.jar;C:\Users\dikyd\.m2\repository\ch\qos\logback\logback-core\1.5.4\logback-core-1.5.4.jar;C:\Users\dikyd\.m2\repository\org\slf4j\jcl-over-slf4j\2.0.12\jcl-over-slf4j-2.0.12.jar;C:\Users\dikyd\.m2\repository\org\slf4j\slf4j-api\2.0.12\slf4j-api-2.0.12.jar;C:\Users\dikyd\.m2\repository\org\antlr\antlr4-runtime\4.13.1\antlr4-runtime-4.13.1.jar;C:\Users\dikyd\.m2\repository\com\jayway\jsonpath\json-path\2.9.0\json-path-2.9.0.jar;C:\Users\dikyd\.m2\repository\net\minidev\json-smart\2.5.1\json-smart-2.5.1.jar;C:\Users\dikyd\.m2\repository\net\minidev\accessors-smart\2.5.1\accessors-smart-2.5.1.jar;C:\Users\dikyd\.m2\repository\org\ow2\asm\asm\9.6\asm-9.6.jar;C:\Users\dikyd\.m2\repository\org\yaml\snakeyaml\2.2\snakeyaml-2.2.jar;C:\Users\dikyd\.m2\repository\de\siegmar\fastcsv\3.1.0\fastcsv-3.1.0.jar;C:\Users\dikyd\.m2\repository\info\picocli\picocli\4.7.5\picocli-4.7.5.jar;C:\Users\dikyd\.m2\repository\io\github\classgraph\classgraph\4.8.170\classgraph-4.8.170.jar;C:\Users\dikyd\.m2\repository\io\github\t12y\resemble\1.1.0\resemble-1.1.0.jar;C:\Users\dikyd\.m2\repository\io\github\t12y\ssim\1.0.0\ssim-1.0.0.jar;C:\Users\dikyd\.m2\repository\org\junit\jupiter\junit-jupiter-api\5.10.2\junit-jupiter-api-5.10.2.jar;C:\Users\dikyd\.m2\repository\org\opentest4j\opentest4j\1.3.0\opentest4j-1.3.0.jar;C:\Users\dikyd\.m2\repository\org\junit\platform\junit-platform-commons\1.10.2\junit-platform-commons-1.10.2.jar;C:\Users\dikyd\.m2\repository\org\apiguardian\apiguardian-api\1.1.2\apiguardian-api-1.1.2.jar;C:\Users\dikyd\.m2\repository\org\junit\jupiter\junit-jupiter-engine\5.10.2\junit-jupiter-engine-5.10.2.jar;C:\Users\dikyd\.m2\repository\org\junit\platform\junit-platform-engine\1.10.2\junit-platform-engine-1.10.2.jar;"/>
    <property name="java.vm.vendor" value="Oracle Corporation"/>
    <property name="sun.arch.data.model" value="64"/>
    <property name="user.variant" value=""/>
    <property name="java.vendor.url" value="https://java.oracle.com/"/>
    <property name="user.timezone" value="America/La_Paz"/>
    <property name="user.country.format" value="BO"/>
    <property name="os.name" value="Windows 11"/>
    <property name="java.vm.specification.version" value="24"/>
    <property name="sun.java.launcher" value="SUN_STANDARD"/>
    <property name="user.country" value="US"/>
    <property name="sun.boot.library.path" value="C:\Program Files\Java\jdk-24\bin"/>
    <property name="sun.java.command" value="C:\Users\dikyd\AppData\Local\Temp\surefire18320908894913136991\surefirebooter-20250827235254456_3.jar C:\Users\dikyd\AppData\Local\Temp\surefire18320908894913136991 2025-08-27T23-52-54_281-jvmRun1 surefire-20250827235254456_1tmp surefire_0-20250827235254456_2tmp"/>
    <property name="jdk.debug" value="release"/>
    <property name="surefire.test.class.path" value="C:\Users\dikyd\Documents\Maven\Proyecto_QA2_example1\target\test-classes;C:\Users\dikyd\Documents\Maven\Proyecto_QA2_example1\target\classes;C:\Users\dikyd\.m2\repository\io\karatelabs\karate-junit5\1.5.0\karate-junit5-1.5.0.jar;C:\Users\dikyd\.m2\repository\io\karatelabs\karate-core\1.5.0\karate-core-1.5.0.jar;C:\Users\dikyd\.m2\repository\org\graalvm\js\js-scriptengine\24.0.0\js-scriptengine-24.0.0.jar;C:\Users\dikyd\.m2\repository\org\graalvm\polyglot\polyglot\24.0.0\polyglot-24.0.0.jar;C:\Users\dikyd\.m2\repository\org\graalvm\sdk\collections\24.0.0\collections-24.0.0.jar;C:\Users\dikyd\.m2\repository\org\graalvm\sdk\nativeimage\24.0.0\nativeimage-24.0.0.jar;C:\Users\dikyd\.m2\repository\org\graalvm\sdk\word\24.0.0\word-24.0.0.jar;C:\Users\dikyd\.m2\repository\org\graalvm\js\js-language\24.0.0\js-language-24.0.0.jar;C:\Users\dikyd\.m2\repository\org\graalvm\regex\regex\24.0.0\regex-24.0.0.jar;C:\Users\dikyd\.m2\repository\org\graalvm\truffle\truffle-api\24.0.0\truffle-api-24.0.0.jar;C:\Users\dikyd\.m2\repository\org\graalvm\shadowed\icu4j\24.0.0\icu4j-24.0.0.jar;C:\Users\dikyd\.m2\repository\org\thymeleaf\thymeleaf\3.1.2.RELEASE\thymeleaf-3.1.2.RELEASE.jar;C:\Users\dikyd\.m2\repository\ognl\ognl\3.3.4\ognl-3.3.4.jar;C:\Users\dikyd\.m2\repository\org\javassist\javassist\3.29.0-GA\javassist-3.29.0-GA.jar;C:\Users\dikyd\.m2\repository\org\attoparser\attoparser\2.0.7.RELEASE\attoparser-2.0.7.RELEASE.jar;C:\Users\dikyd\.m2\repository\org\unbescape\unbescape\1.1.6.RELEASE\unbescape-1.1.6.RELEASE.jar;C:\Users\dikyd\.m2\repository\com\linecorp\armeria\armeria\1.29.2\armeria-1.29.2.jar;C:\Users\dikyd\.m2\repository\com\fasterxml\jackson\core\jackson-core\2.17.1\jackson-core-2.17.1.jar;C:\Users\dikyd\.m2\repository\com\fasterxml\jackson\core\jackson-annotations\2.17.1\jackson-annotations-2.17.1.jar;C:\Users\dikyd\.m2\repository\com\fasterxml\jackson\core\jackson-databind\2.17.1\jackson-databind-2.17.1.jar;C:\Users\dikyd\.m2\repository\com\fasterxml\jackson\datatype\jackson-datatype-jdk8\2.17.1\jackson-datatype-jdk8-2.17.1.jar;C:\Users\dikyd\.m2\repository\com\fasterxml\jackson\datatype\jackson-datatype-jsr310\2.17.1\jackson-datatype-jsr310-2.17.1.jar;C:\Users\dikyd\.m2\repository\io\micrometer\micrometer-core\1.13.0\micrometer-core-1.13.0.jar;C:\Users\dikyd\.m2\repository\io\micrometer\micrometer-commons\1.13.0\micrometer-commons-1.13.0.jar;C:\Users\dikyd\.m2\repository\io\micrometer\micrometer-observation\1.13.0\micrometer-observation-1.13.0.jar;C:\Users\dikyd\.m2\repository\org\hdrhistogram\HdrHistogram\2.2.1\HdrHistogram-2.2.1.jar;C:\Users\dikyd\.m2\repository\org\latencyutils\LatencyUtils\2.0.3\LatencyUtils-2.0.3.jar;C:\Users\dikyd\.m2\repository\io\netty\netty-transport\4.1.110.Final\netty-transport-4.1.110.Final.jar;C:\Users\dikyd\.m2\repository\io\netty\netty-common\4.1.110.Final\netty-common-4.1.110.Final.jar;C:\Users\dikyd\.m2\repository\io\netty\netty-buffer\4.1.110.Final\netty-buffer-4.1.110.Final.jar;C:\Users\dikyd\.m2\repository\io\netty\netty-resolver\4.1.110.Final\netty-resolver-4.1.110.Final.jar;C:\Users\dikyd\.m2\repository\io\netty\netty-codec-haproxy\4.1.110.Final\netty-codec-haproxy-4.1.110.Final.jar;C:\Users\dikyd\.m2\repository\io\netty\netty-codec\4.1.110.Final\netty-codec-4.1.110.Final.jar;C:\Users\dikyd\.m2\repository\io\netty\netty-codec-http2\4.1.110.Final\netty-codec-http2-4.1.110.Final.jar;C:\Users\dikyd\.m2\repository\io\netty\netty-handler\4.1.110.Final\netty-handler-4.1.110.Final.jar;C:\Users\dikyd\.m2\repository\io\netty\netty-codec-http\4.1.110.Final\netty-codec-http-4.1.110.Final.jar;C:\Users\dikyd\.m2\repository\io\netty\netty-resolver-dns\4.1.110.Final\netty-resolver-dns-4.1.110.Final.jar;C:\Users\dikyd\.m2\repository\io\netty\netty-codec-dns\4.1.110.Final\netty-codec-dns-4.1.110.Final.jar;C:\Users\dikyd\.m2\repository\io\netty\netty-transport-native-unix-common\4.1.110.Final\netty-transport-native-unix-common-4.1.110.Final-linux-x86_64.jar;C:\Users\dikyd\.m2\repository\io\netty\netty-transport-native-unix-common\4.1.110.Final\netty-transport-native-unix-common-4.1.110.Final-linux-aarch_64.jar;C:\Users\dikyd\.m2\repository\io\netty\netty-transport-native-unix-common\4.1.110.Final\netty-transport-native-unix-common-4.1.110.Final-osx-x86_64.jar;C:\Users\dikyd\.m2\repository\io\netty\netty-transport-native-unix-common\4.1.110.Final\netty-transport-native-unix-common-4.1.110.Final-osx-aarch_64.jar;C:\Users\dikyd\.m2\repository\org\reactivestreams\reactive-streams\1.0.4\reactive-streams-1.0.4.jar;C:\Users\dikyd\.m2\repository\com\google\code\findbugs\jsr305\3.0.2\jsr305-3.0.2.jar;C:\Users\dikyd\.m2\repository\io\netty\netty-handler-proxy\4.1.110.Final\netty-handler-proxy-4.1.110.Final.jar;C:\Users\dikyd\.m2\repository\io\netty\netty-codec-socks\4.1.110.Final\netty-codec-socks-4.1.110.Final.jar;C:\Users\dikyd\.m2\repository\io\netty\netty-transport-native-epoll\4.1.110.Final\netty-transport-native-epoll-4.1.110.Final-linux-x86_64.jar;C:\Users\dikyd\.m2\repository\io\netty\netty-transport-native-unix-common\4.1.110.Final\netty-transport-native-unix-common-4.1.110.Final.jar;C:\Users\dikyd\.m2\repository\io\netty\netty-transport-classes-epoll\4.1.110.Final\netty-transport-classes-epoll-4.1.110.Final.jar;C:\Users\dikyd\.m2\repository\io\netty\netty-transport-native-epoll\4.1.110.Final\netty-transport-native-epoll-4.1.110.Final-linux-aarch_64.jar;C:\Users\dikyd\.m2\repository\io\netty\netty-transport-native-kqueue\4.1.110.Final\netty-transport-native-kqueue-4.1.110.Final-osx-x86_64.jar;C:\Users\dikyd\.m2\repository\io\netty\netty-transport-classes-kqueue\4.1.110.Final\netty-transport-classes-kqueue-4.1.110.Final.jar;C:\Users\dikyd\.m2\repository\io\netty\netty-resolver-dns-native-macos\4.1.110.Final\netty-resolver-dns-native-macos-4.1.110.Final-osx-x86_64.jar;C:\Users\dikyd\.m2\repository\io\netty\netty-resolver-dns-classes-macos\4.1.110.Final\netty-resolver-dns-classes-macos-4.1.110.Final.jar;C:\Users\dikyd\.m2\repository\io\netty\netty-transport-native-kqueue\4.1.110.Final\netty-transport-native-kqueue-4.1.110.Final-osx-aarch_64.jar;C:\Users\dikyd\.m2\repository\io\netty\netty-resolver-dns-native-macos\4.1.110.Final\netty-resolver-dns-native-macos-4.1.110.Final-osx-aarch_64.jar;C:\Users\dikyd\.m2\repository\io\netty\netty-tcnative-boringssl-static\2.0.65.Final\netty-tcnative-boringssl-static-2.0.65.Final-linux-x86_64.jar;C:\Users\dikyd\.m2\repository\io\netty\netty-tcnative-classes\2.0.65.Final\netty-tcnative-classes-2.0.65.Final.jar;C:\Users\dikyd\.m2\repository\io\netty\netty-tcnative-boringssl-static\2.0.65.Final\netty-tcnative-boringssl-static-2.0.65.Final-linux-aarch_64.jar;C:\Users\dikyd\.m2\repository\io\netty\netty-tcnative-boringssl-static\2.0.65.Final\netty-tcnative-boringssl-static-2.0.65.Final-osx-x86_64.jar;C:\Users\dikyd\.m2\repository\io\netty\netty-tcnative-boringssl-static\2.0.65.Final\netty-tcnative-boringssl-static-2.0.65.Final-osx-aarch_64.jar;C:\Users\dikyd\.m2\repository\io\netty\netty-tcnative-boringssl-static\2.0.65.Final\netty-tcnative-boringssl-static-2.0.65.Final-windows-x86_64.jar;C:\Users\dikyd\.m2\repository\com\aayushatharva\brotli4j\brotli4j\1.16.0\brotli4j-1.16.0.jar;C:\Users\dikyd\.m2\repository\com\aayushatharva\brotli4j\service\1.16.0\service-1.16.0.jar;C:\Users\dikyd\.m2\repository\com\aayushatharva\brotli4j\native-windows-x86_64\1.16.0\native-windows-x86_64-1.16.0.jar;C:\Users\dikyd\.m2\repository\org\apache\httpcomponents\httpclient\4.5.14\httpclient-4.5.14.jar;C:\Users\dikyd\.m2\repository\org\apache\httpcomponents\httpcore\4.4.16\httpcore-4.4.16.jar;C:\Users\dikyd\.m2\repository\commons-codec\commons-codec\1.16.1\commons-codec-1.16.1.jar;C:\Users\dikyd\.m2\repository\ch\qos\logback\logback-classic\1.5.4\logback-classic-1.5.4.jar;C:\Users\dikyd\.m2\repository\ch\qos\logback\logback-core\1.5.4\logback-core-1.5.4.jar;C:\Users\dikyd\.m2\repository\org\slf4j\jcl-over-slf4j\2.0.12\jcl-over-slf4j-2.0.12.jar;C:\Users\dikyd\.m2\repository\org\slf4j\slf4j-api\2.0.12\slf4j-api-2.0.12.jar;C:\Users\dikyd\.m2\repository\org\antlr\antlr4-runtime\4.13.1\antlr4-runtime-4.13.1.jar;C:\Users\dikyd\.m2\repository\com\jayway\jsonpath\json-path\2.9.0\json-path-2.9.0.jar;C:\Users\dikyd\.m2\repository\net\minidev\json-smart\2.5.1\json-smart-2.5.1.jar;C:\Users\dikyd\.m2\repository\net\minidev\accessors-smart\2.5.1\accessors-smart-2.5.1.jar;C:\Users\dikyd\.m2\repository\org\ow2\asm\asm\9.6\asm-9.6.jar;C:\Users\dikyd\.m2\repository\org\yaml\snakeyaml\2.2\snakeyaml-2.2.jar;C:\Users\dikyd\.m2\repository\de\siegmar\fastcsv\3.1.0\fastcsv-3.1.0.jar;C:\Users\dikyd\.m2\repository\info\picocli\picocli\4.7.5\picocli-4.7.5.jar;C:\Users\dikyd\.m2\repository\io\github\classgraph\classgraph\4.8.170\classgraph-4.8.170.jar;C:\Users\dikyd\.m2\repository\io\github\t12y\resemble\1.1.0\resemble-1.1.0.jar;C:\Users\dikyd\.m2\repository\io\github\t12y\ssim\1.0.0\ssim-1.0.0.jar;C:\Users\dikyd\.m2\repository\org\junit\jupiter\junit-jupiter-api\5.10.2\junit-jupiter-api-5.10.2.jar;C:\Users\dikyd\.m2\repository\org\opentest4j\opentest4j\1.3.0\opentest4j-1.3.0.jar;C:\Users\dikyd\.m2\repository\org\junit\platform\junit-platform-commons\1.10.2\junit-platform-commons-1.10.2.jar;C:\Users\dikyd\.m2\repository\org\apiguardian\apiguardian-api\1.1.2\apiguardian-api-1.1.2.jar;C:\Users\dikyd\.m2\repository\org\junit\jupiter\junit-jupiter-engine\5.10.2\junit-jupiter-engine-5.10.2.jar;C:\Users\dikyd\.m2\repository\org\junit\platform\junit-platform-engine\1.10.2\junit-platform-engine-1.10.2.jar;"/>
    <property name="sun.cpu.endian" value="little"/>
    <property name="user.home" value="C:\Users\dikyd"/>
    <property name="user.language" value="en"/>
    <property name="java.specification.vendor" value="Oracle Corporation"/>
    <property name="java.version.date" value="2025-04-15"/>
    <property name="java.home" value="C:\Program Files\Java\jdk-24"/>
    <property name="file.separator" value="\"/>
    <property name="basedir" value="C:\Users\dikyd\Documents\Maven\Proyecto_QA2_example1"/>
    <property name="java.vm.compressedOopsMode" value="Zero based"/>
    <property name="line.separator" value="&#10;"/>
    <property name="java.vm.specification.vendor" value="Oracle Corporation"/>
    <property name="java.specification.name" value="Java Platform API Specification"/>
    <property name="surefire.real.class.path" value="C:\Users\dikyd\AppData\Local\Temp\surefire18320908894913136991\surefirebooter-20250827235254456_3.jar"/>
    <property name="user.script" value=""/>
    <property name="sun.management.compiler" value="HotSpot 64-Bit Tiered Compilers"/>
    <property name="java.runtime.version" value="24.0.1+9-30"/>
    <property name="user.name" value="dikyd"/>
    <property name="stdout.encoding" value="Cp1252"/>
    <property name="path.separator" value=";"/>
    <property name="os.version" value="10.0"/>
    <property name="java.runtime.name" value="Java(TM) SE Runtime Environment"/>
    <property name="file.encoding" value="UTF-8"/>
    <property name="java.vm.name" value="Java HotSpot(TM) 64-Bit Server VM"/>
    <property name="localRepository" value="C:\Users\dikyd\.m2\repository"/>
    <property name="java.vendor.url.bug" value="https://bugreport.java.com/bugreport/"/>
    <property name="java.io.tmpdir" value="C:\Users\dikyd\AppData\Local\Temp\"/>
    <property name="java.version" value="24.0.1"/>
    <property name="user.dir" value="C:\Users\dikyd\Documents\Maven\Proyecto_QA2_example1"/>
    <property name="os.arch" value="amd64"/>
    <property name="java.vm.specification.name" value="Java Virtual Machine Specification"/>
    <property name="user.language.format" value="es"/>
    <property name="sun.os.patch.level" value=""/>
    <property name="native.encoding" value="Cp1252"/>
    <property name="java.library.path" value="C:\Program Files\Java\jdk-24\bin;C:\WINDOWS\Sun\Java\bin;C:\WINDOWS\system32;C:\WINDOWS;C:\Program Files\Common Files\Oracle\Java\javapath;C:\Program Files (x86)\Common Files\Oracle\Java\java8path;C:\Program Files (x86)\Common Files\Oracle\Java\javapath;C:\Program Files\Microsoft MPI\Bin\;C:\WINDOWS\system32;C:\WINDOWS;C:\WINDOWS\System32\Wbem;C:\WINDOWS\System32\WindowsPowerShell\v1.0\;C:\WINDOWS\System32\OpenSSH\;C:\Program Files\Microsoft SQL Server\150\Tools\Binn\;C:\Program Files\Microsoft SQL Server\Client SDK\ODBC\170\Tools\Binn\;C:\Program Files\dotnet\;C:\Program Files (x86)\Windows Kits\10\Windows Performance Toolkit\;C:\Users\dikyd\AppData\Roaming\npm;C:\Program Files\Git\cmd;C:\Program Files (x86)\Microsoft SQL Server\160\DTS\Binn\;C:\Program Files (x86)\Microsoft SQL Server\160\Tools\Binn\;C:\Program Files\Microsoft SQL Server\160\Tools\Binn\;C:\Program Files\Microsoft SQL Server\160\DTS\Binn\;C:\Program Files\NVIDIA Corporation\NVIDIA App\NvDLISR;C:\Program Files (x86)\NVIDIA Corporation\PhysX\Common;C:\Program Files\PuTTY\;C:\Program Files (x86)\Java\jre1.8.0_451;C:\Program Files\Java\jdk-24\bin;C:\Program Files\Maven\apache-maven-3.9.9\bin;C:\Program Files\allure-2.34.0\bin;C:\Program Files\nodejs\;C:\Users\dikyd\AppData\Local\Programs\Python\Python39\Scripts\;C:\Users\dikyd\AppData\Local\Programs\Python\Python39\;C:\Users\dikyd\Dev\flutter\bin;C:\Users\dikyd\AppData\Local\Microsoft\WindowsApps;C:\Users\dikyd\AppData\Local\Programs\Microsoft VS Code\bin;C:\Users\dikyd\.dotnet\tools;C:\Users\dikyd\AppData\Local\GitHubDesktop\bin;C:\Program Files\nodejs\;C:\Program Files\JetBrains\PyCharm 2024.3.5\bin;;C:\Program Files (x86)\Java\jre1.8.0_451;C:\Program Files\Java\jre1.8.0_451;C:\Program Files\JetBrains\IntelliJ IDEA 2025.1\bin;;C:\Users\dikyd\AppData\Local\Programs\Windsurf\bin;C:\Users\dikyd\AppData\Roaming\npm;;."/>
    <property name="java.vm.info" value="mixed mode, sharing"/>
    <property name="stderr.encoding" value="Cp1252"/>
    <property name="java.vendor" value="Oracle Corporation"/>
    <property name="java.vm.version" value="24.0.1+9-30"/>
    <property name="sun.io.unicode.encoding" value="UnicodeLittle"/>
    <property name="java.class.version" value="68.0"/>
  </properties>
  <testcase name="testParallel" classname="examples.ExamplesTest" time="9.591">
    <failure message="status code was: 404, expected: 201, response time in milliseconds: 1632, url: https://gorest.co.in/public/v2/posts/comments, response: &#10;&lt;!DOCTYPE html&gt;&lt;html&gt;&lt;head&gt;&lt;meta charset=&quot;utf-8&quot; /&gt;&lt;meta content=&quot;width=device-width, initial-scale=1, shrink-to-fit=no&quot; name=&quot;viewport&quot; /&gt;&lt;link href=&quot;/favicon.ico&quot; rel=&quot;icon&quot; type=&quot;image/x-icon&quot; /&gt;&lt;title&gt;Page Not Found | GO REST&lt;/title&gt;&lt;link rel=&quot;stylesheet&quot; href=&quot;/assets/application-908c2251d58be479b7fb209519b40235fa8b917357737796da9f4462eea8cabe.css&quot; media=&quot;all&quot; data-turbolinks-track=&quot;reload&quot; /&gt;&lt;script src=&quot;/packs/js/application-194ed409298f13f197d2.js&quot; data-turbolinks-track=&quot;reload&quot; defer=&quot;defer&quot;&gt;&lt;/script&gt;&lt;script async=&quot;true&quot; crossorigin=&quot;anonymous&quot; src=&quot;https://pagead2.googlesyndication.com/pagead/js/adsbygoogle.js?client=ca-pub-4400401340006140&quot;&gt;&lt;/script&gt;&lt;/head&gt;&lt;body&gt;&lt;nav class=&quot;navbar navbar-expand-lg navbar-dark bg-dark sticky-top&quot;&gt;&lt;div class=&quot;container&quot;&gt;&lt;a class=&quot;navbar-brand&quot; href=&quot;/&quot;&gt;&lt;i class=&quot;fas fa-exchange-alt&quot;&gt;&lt;/i&gt; Go REST&lt;/a&gt;&lt;button aria-controls=&quot;AppNavBar&quot; aria-expanded=&quot;false&quot; aria-label=&quot;Toggle navigation&quot; class=&quot;navbar-toggler&quot; data-bs-target=&quot;#AppNavBar&quot; data-bs-toggle=&quot;collapse&quot; type=&quot;button&quot;&gt;&lt;span class=&quot;navbar-toggler-icon&quot;&gt;&lt;/span&gt;&lt;/button&gt;&lt;div class=&quot;collapse navbar-collapse&quot; id=&quot;AppNavBar&quot;&gt;&lt;ul class=&quot;navbar-nav ms-auto&quot;&gt;&lt;li class=&quot;nav-item&quot;&gt;&lt;a class=&quot;nav-link&quot; href=&quot;/qa&quot;&gt;&lt;i class=&quot;fas fa-life-ring&quot;&gt;&lt;/i&gt; Help&lt;/a&gt;&lt;/li&gt;&lt;li class=&quot;nav-item&quot;&gt;&lt;a class=&quot;nav-link&quot; href=&quot;/rest-console&quot;&gt;&lt;i class=&quot;fab fa-linux&quot;&gt;&lt;/i&gt; Rest Console&lt;/a&gt;&lt;/li&gt;&lt;li class=&quot;nav-item dropdown&quot;&gt;&lt;a aria-expanded=&quot;false&quot; class=&quot;nav-link dropdown-toggle&quot; data-bs-toggle=&quot;dropdown&quot; href=&quot;#&quot; id=&quot;ToolsDropDown&quot; role=&quot;button&quot;&gt;&lt;i class=&quot;fas fa-tools&quot;&gt;&lt;/i&gt; Tools&lt;/a&gt;&lt;ul aria-labelledby=&quot;ToolsDropDown&quot; class=&quot;dropdown-menu&quot;&gt;&lt;li class=&quot;&quot;&gt;&lt;a class=&quot;dropdown-item&quot; href=&quot;/tools/base64-encode-decode&quot;&gt;Base64 Encode/Decode&lt;/a&gt;&lt;/li&gt;&lt;li class=&quot;&quot;&gt;&lt;a class=&quot;dropdown-item&quot; href=&quot;/tools/url-encode-decode&quot;&gt;Url Encode/Decode&lt;/a&gt;&lt;/li&gt;&lt;li class=&quot;&quot;&gt;&lt;a class=&quot;dropdown-item&quot; href=&quot;/tools/gcode-translator&quot;&gt;G-Code Translator&lt;/a&gt;&lt;/li&gt;&lt;/ul&gt;&lt;/li&gt;&lt;li class=&quot;nav-item&quot;&gt;&lt;a class=&quot;nav-link&quot; href=&quot;/consumer/login&quot;&gt;Login&lt;/a&gt;&lt;/li&gt;&lt;/ul&gt;&lt;/div&gt;&lt;/div&gt;&lt;/nav&gt;&lt;div class=&quot;container pt-3&quot;&gt;&lt;style type=&quot;text/css&quot;&gt;.code-text code {color: #bdbdbd;display: block;}.code-text code b {color: #81a2be;font-weight: 900;}.code-text code em {color: #b294bb;font-style: unset;}.code-text code i {color: #b5bd68;}.code-text code span {color: #f0c674;}&lt;/style&gt;&lt;div class=&quot;card text-white border-secondary bg-dark&quot;&gt;&lt;div class=&quot;card-header&quot;&gt;&lt;h1 class=&quot;card-title text-warning&quot;&gt;&lt;i class=&quot;fas fa-ghost text-white slide-right&quot;&gt;&lt;/i&gt; HTTP: Not Found &lt;/h1&gt;&lt;/div&gt;&lt;div class=&quot;card-body&quot;&gt;&lt;h3 class=&quot;leaad code-text&quot;&gt;&lt;code class=&quot;mb-3&quot;&gt;&lt;span&gt;this_page&lt;/span&gt;.&lt;em&gt;not_found&lt;/em&gt; = true&lt;/code&gt;&lt;/h3&gt;&lt;p class=&quot;lead code-text&quot;&gt;&lt;code class=&quot;mb-2&quot;&gt;&lt;span&gt;if&lt;/span&gt; &lt;b&gt;you_spelt_it_wrong&lt;/b&gt; &lt;br /&gt;&amp;nbsp;&amp;nbsp;&lt;span&gt;try_again&lt;/span&gt;&lt;br /&gt;&lt;/code&gt;&lt;code class=&quot;mb-2&quot;&gt;&lt;span&gt;elsif &lt;b&gt;we_screwed_up&lt;/b&gt;&lt;/span&gt; &lt;br /&gt;&amp;nbsp;&amp;nbsp;&lt;em&gt;print&lt;/em&gt; &lt;i&gt;&quot;We&apos;re really sorry about that.&quot;&lt;/i&gt;&lt;br/&gt;&lt;/code&gt;&lt;code class=&quot;mb-2&quot;&gt;&lt;span&gt;end&lt;/span&gt;&lt;/code&gt;&lt;code class=&quot;mb-2&quot;&gt;&lt;span&gt;redirect_to&lt;/span&gt; &lt;em&gt;home_page&lt;/em&gt;&lt;/code&gt;&lt;/p&gt;&lt;/div&gt;&lt;div class=&quot;card-footer&quot;&gt;&lt;p class=&quot;text-danger&quot;&gt;We are sorry, something went wrong. Please try again later.&lt;/p&gt;&lt;/div&gt;&lt;/div&gt;&lt;/div&gt;&lt;hr class=&quot;mt-5&quot; /&gt;&lt;div class=&quot;container&quot;&gt;&lt;div class=&quot;footer&quot;&gt;&lt;ul class=&quot;list-inline&quot;&gt;&lt;li class=&quot;list-inline-item&quot;&gt;&amp;copy; Go Rest 2025&lt;/li&gt;&lt;li class=&quot;list-inline-item float-lg-end&quot;&gt;&lt;a href=&quot;/privacy-policy&quot;&gt;Privacy Policy&lt;/a&gt;&lt;/li&gt;&lt;li class=&quot;list-inline-item float-lg-end me-3&quot;&gt;&lt;a href=&quot;/contact-us&quot;&gt;Contact Us&lt;/a&gt;&lt;/li&gt;&lt;/ul&gt;&lt;/div&gt;&lt;/div&gt;&lt;/body&gt;&lt;/html&gt;&#10;classpath:examples/comments/comments.feature:22&#10;status code was: 404, expected: 200, response time in milliseconds: 1632, url: https://gorest.co.in/public/v2/comments, response: &#10;&lt;!DOCTYPE html&gt;&lt;html&gt;&lt;head&gt;&lt;meta charset=&quot;utf-8&quot; /&gt;&lt;meta content=&quot;width=device-width, initial-scale=1, shrink-to-fit=no&quot; name=&quot;viewport&quot; /&gt;&lt;link href=&quot;/favicon.ico&quot; rel=&quot;icon&quot; type=&quot;image/x-icon&quot; /&gt;&lt;title&gt;Page Not Found | GO REST&lt;/title&gt;&lt;link rel=&quot;stylesheet&quot; href=&quot;/assets/application-908c2251d58be479b7fb209519b40235fa8b917357737796da9f4462eea8cabe.css&quot; media=&quot;all&quot; data-turbolinks-track=&quot;reload&quot; /&gt;&lt;script src=&quot;/packs/js/application-194ed409298f13f197d2.js&quot; data-turbolinks-track=&quot;reload&quot; defer=&quot;defer&quot;&gt;&lt;/script&gt;&lt;script async=&quot;true&quot; crossorigin=&quot;anonymous&quot; src=&quot;https://pagead2.googlesyndication.com/pagead/js/adsbygoogle.js?client=ca-pub-4400401340006140&quot;&gt;&lt;/script&gt;&lt;/head&gt;&lt;body&gt;&lt;nav class=&quot;navbar navbar-expand-lg navbar-dark bg-dark sticky-top&quot;&gt;&lt;div class=&quot;container&quot;&gt;&lt;a class=&quot;navbar-brand&quot; href=&quot;/&quot;&gt;&lt;i class=&quot;fas fa-exchange-alt&quot;&gt;&lt;/i&gt; Go REST&lt;/a&gt;&lt;button aria-controls=&quot;AppNavBar&quot; aria-expanded=&quot;false&quot; aria-label=&quot;Toggle navigation&quot; class=&quot;navbar-toggler&quot; data-bs-target=&quot;#AppNavBar&quot; data-bs-toggle=&quot;collapse&quot; type=&quot;button&quot;&gt;&lt;span class=&quot;navbar-toggler-icon&quot;&gt;&lt;/span&gt;&lt;/button&gt;&lt;div class=&quot;collapse navbar-collapse&quot; id=&quot;AppNavBar&quot;&gt;&lt;ul class=&quot;navbar-nav ms-auto&quot;&gt;&lt;li class=&quot;nav-item&quot;&gt;&lt;a class=&quot;nav-link&quot; href=&quot;/qa&quot;&gt;&lt;i class=&quot;fas fa-life-ring&quot;&gt;&lt;/i&gt; Help&lt;/a&gt;&lt;/li&gt;&lt;li class=&quot;nav-item&quot;&gt;&lt;a class=&quot;nav-link&quot; href=&quot;/rest-console&quot;&gt;&lt;i class=&quot;fab fa-linux&quot;&gt;&lt;/i&gt; Rest Console&lt;/a&gt;&lt;/li&gt;&lt;li class=&quot;nav-item dropdown&quot;&gt;&lt;a aria-expanded=&quot;false&quot; class=&quot;nav-link dropdown-toggle&quot; data-bs-toggle=&quot;dropdown&quot; href=&quot;#&quot; id=&quot;ToolsDropDown&quot; role=&quot;button&quot;&gt;&lt;i class=&quot;fas fa-tools&quot;&gt;&lt;/i&gt; Tools&lt;/a&gt;&lt;ul aria-labelledby=&quot;ToolsDropDown&quot; class=&quot;dropdown-menu&quot;&gt;&lt;li class=&quot;&quot;&gt;&lt;a class=&quot;dropdown-item&quot; href=&quot;/tools/base64-encode-decode&quot;&gt;Base64 Encode/Decode&lt;/a&gt;&lt;/li&gt;&lt;li class=&quot;&quot;&gt;&lt;a class=&quot;dropdown-item&quot; href=&quot;/tools/url-encode-decode&quot;&gt;Url Encode/Decode&lt;/a&gt;&lt;/li&gt;&lt;li class=&quot;&quot;&gt;&lt;a class=&quot;dropdown-item&quot; href=&quot;/tools/gcode-translator&quot;&gt;G-Code Translator&lt;/a&gt;&lt;/li&gt;&lt;/ul&gt;&lt;/li&gt;&lt;li class=&quot;nav-item&quot;&gt;&lt;a class=&quot;nav-link&quot; href=&quot;/consumer/login&quot;&gt;Login&lt;/a&gt;&lt;/li&gt;&lt;/ul&gt;&lt;/div&gt;&lt;/div&gt;&lt;/nav&gt;&lt;div class=&quot;container pt-3&quot;&gt;&lt;style type=&quot;text/css&quot;&gt;.code-text code {color: #bdbdbd;display: block;}.code-text code b {color: #81a2be;font-weight: 900;}.code-text code em {color: #b294bb;font-style: unset;}.code-text code i {color: #b5bd68;}.code-text code span {color: #f0c674;}&lt;/style&gt;&lt;div class=&quot;card text-white border-secondary bg-dark&quot;&gt;&lt;div class=&quot;card-header&quot;&gt;&lt;h1 class=&quot;card-title text-warning&quot;&gt;&lt;i class=&quot;fas fa-ghost text-white slide-right&quot;&gt;&lt;/i&gt; HTTP: Not Found &lt;/h1&gt;&lt;/div&gt;&lt;div class=&quot;card-body&quot;&gt;&lt;h3 class=&quot;leaad code-text&quot;&gt;&lt;code class=&quot;mb-3&quot;&gt;&lt;span&gt;this_page&lt;/span&gt;.&lt;em&gt;not_found&lt;/em&gt; = true&lt;/code&gt;&lt;/h3&gt;&lt;p class=&quot;lead code-text&quot;&gt;&lt;code class=&quot;mb-2&quot;&gt;&lt;span&gt;if&lt;/span&gt; &lt;b&gt;you_spelt_it_wrong&lt;/b&gt; &lt;br /&gt;&amp;nbsp;&amp;nbsp;&lt;span&gt;try_again&lt;/span&gt;&lt;br /&gt;&lt;/code&gt;&lt;code class=&quot;mb-2&quot;&gt;&lt;span&gt;elsif &lt;b&gt;we_screwed_up&lt;/b&gt;&lt;/span&gt; &lt;br /&gt;&amp;nbsp;&amp;nbsp;&lt;em&gt;print&lt;/em&gt; &lt;i&gt;&quot;We&apos;re really sorry about that.&quot;&lt;/i&gt;&lt;br/&gt;&lt;/code&gt;&lt;code class=&quot;mb-2&quot;&gt;&lt;span&gt;end&lt;/span&gt;&lt;/code&gt;&lt;code class=&quot;mb-2&quot;&gt;&lt;span&gt;redirect_to&lt;/span&gt; &lt;em&gt;home_page&lt;/em&gt;&lt;/code&gt;&lt;/p&gt;&lt;/div&gt;&lt;div class=&quot;card-footer&quot;&gt;&lt;p class=&quot;text-danger&quot;&gt;We are sorry, something went wrong. Please try again later.&lt;/p&gt;&lt;/div&gt;&lt;/div&gt;&lt;/div&gt;&lt;hr class=&quot;mt-5&quot; /&gt;&lt;div class=&quot;container&quot;&gt;&lt;div class=&quot;footer&quot;&gt;&lt;ul class=&quot;list-inline&quot;&gt;&lt;li class=&quot;list-inline-item&quot;&gt;&amp;copy; Go Rest 2025&lt;/li&gt;&lt;li class=&quot;list-inline-item float-lg-end&quot;&gt;&lt;a href=&quot;/privacy-policy&quot;&gt;Privacy Policy&lt;/a&gt;&lt;/li&gt;&lt;li class=&quot;list-inline-item float-lg-end me-3&quot;&gt;&lt;a href=&quot;/contact-us&quot;&gt;Contact Us&lt;/a&gt;&lt;/li&gt;&lt;/ul&gt;&lt;/div&gt;&lt;/div&gt;&lt;/body&gt;&lt;/html&gt;&#10;classpath:examples/comments/comments.feature:48&#10;status code was: 404, expected: 204, response time in milliseconds: 1657, url: https://gorest.co.in/public/v2/comments, response: &#10;&lt;!DOCTYPE html&gt;&lt;html&gt;&lt;head&gt;&lt;meta charset=&quot;utf-8&quot; /&gt;&lt;meta content=&quot;width=device-width, initial-scale=1, shrink-to-fit=no&quot; name=&quot;viewport&quot; /&gt;&lt;link href=&quot;/favicon.ico&quot; rel=&quot;icon&quot; type=&quot;image/x-icon&quot; /&gt;&lt;title&gt;Page Not Found | GO REST&lt;/title&gt;&lt;link rel=&quot;stylesheet&quot; href=&quot;/assets/application-908c2251d58be479b7fb209519b40235fa8b917357737796da9f4462eea8cabe.css&quot; media=&quot;all&quot; data-turbolinks-track=&quot;reload&quot; /&gt;&lt;script src=&quot;/packs/js/application-194ed409298f13f197d2.js&quot; data-turbolinks-track=&quot;reload&quot; defer=&quot;defer&quot;&gt;&lt;/script&gt;&lt;script async=&quot;true&quot; crossorigin=&quot;anonymous&quot; src=&quot;https://pagead2.googlesyndication.com/pagead/js/adsbygoogle.js?client=ca-pub-4400401340006140&quot;&gt;&lt;/script&gt;&lt;/head&gt;&lt;body&gt;&lt;nav class=&quot;navbar navbar-expand-lg navbar-dark bg-dark sticky-top&quot;&gt;&lt;div class=&quot;container&quot;&gt;&lt;a class=&quot;navbar-brand&quot; href=&quot;/&quot;&gt;&lt;i class=&quot;fas fa-exchange-alt&quot;&gt;&lt;/i&gt; Go REST&lt;/a&gt;&lt;button aria-controls=&quot;AppNavBar&quot; aria-expanded=&quot;false&quot; aria-label=&quot;Toggle navigation&quot; class=&quot;navbar-toggler&quot; data-bs-target=&quot;#AppNavBar&quot; data-bs-toggle=&quot;collapse&quot; type=&quot;button&quot;&gt;&lt;span class=&quot;navbar-toggler-icon&quot;&gt;&lt;/span&gt;&lt;/button&gt;&lt;div class=&quot;collapse navbar-collapse&quot; id=&quot;AppNavBar&quot;&gt;&lt;ul class=&quot;navbar-nav ms-auto&quot;&gt;&lt;li class=&quot;nav-item&quot;&gt;&lt;a class=&quot;nav-link&quot; href=&quot;/qa&quot;&gt;&lt;i class=&quot;fas fa-life-ring&quot;&gt;&lt;/i&gt; Help&lt;/a&gt;&lt;/li&gt;&lt;li class=&quot;nav-item&quot;&gt;&lt;a class=&quot;nav-link&quot; href=&quot;/rest-console&quot;&gt;&lt;i class=&quot;fab fa-linux&quot;&gt;&lt;/i&gt; Rest Console&lt;/a&gt;&lt;/li&gt;&lt;li class=&quot;nav-item dropdown&quot;&gt;&lt;a aria-expanded=&quot;false&quot; class=&quot;nav-link dropdown-toggle&quot; data-bs-toggle=&quot;dropdown&quot; href=&quot;#&quot; id=&quot;ToolsDropDown&quot; role=&quot;button&quot;&gt;&lt;i class=&quot;fas fa-tools&quot;&gt;&lt;/i&gt; Tools&lt;/a&gt;&lt;ul aria-labelledby=&quot;ToolsDropDown&quot; class=&quot;dropdown-menu&quot;&gt;&lt;li class=&quot;&quot;&gt;&lt;a class=&quot;dropdown-item&quot; href=&quot;/tools/base64-encode-decode&quot;&gt;Base64 Encode/Decode&lt;/a&gt;&lt;/li&gt;&lt;li class=&quot;&quot;&gt;&lt;a class=&quot;dropdown-item&quot; href=&quot;/tools/url-encode-decode&quot;&gt;Url Encode/Decode&lt;/a&gt;&lt;/li&gt;&lt;li class=&quot;&quot;&gt;&lt;a class=&quot;dropdown-item&quot; href=&quot;/tools/gcode-translator&quot;&gt;G-Code Translator&lt;/a&gt;&lt;/li&gt;&lt;/ul&gt;&lt;/li&gt;&lt;li class=&quot;nav-item&quot;&gt;&lt;a class=&quot;nav-link&quot; href=&quot;/consumer/login&quot;&gt;Login&lt;/a&gt;&lt;/li&gt;&lt;/ul&gt;&lt;/div&gt;&lt;/div&gt;&lt;/nav&gt;&lt;div class=&quot;container pt-3&quot;&gt;&lt;style type=&quot;text/css&quot;&gt;.code-text code {color: #bdbdbd;display: block;}.code-text code b {color: #81a2be;font-weight: 900;}.code-text code em {color: #b294bb;font-style: unset;}.code-text code i {color: #b5bd68;}.code-text code span {color: #f0c674;}&lt;/style&gt;&lt;div class=&quot;card text-white border-secondary bg-dark&quot;&gt;&lt;div class=&quot;card-header&quot;&gt;&lt;h1 class=&quot;card-title text-warning&quot;&gt;&lt;i class=&quot;fas fa-ghost text-white slide-right&quot;&gt;&lt;/i&gt; HTTP: Not Found &lt;/h1&gt;&lt;/div&gt;&lt;div class=&quot;card-body&quot;&gt;&lt;h3 class=&quot;leaad code-text&quot;&gt;&lt;code class=&quot;mb-3&quot;&gt;&lt;span&gt;this_page&lt;/span&gt;.&lt;em&gt;not_found&lt;/em&gt; = true&lt;/code&gt;&lt;/h3&gt;&lt;p class=&quot;lead code-text&quot;&gt;&lt;code class=&quot;mb-2&quot;&gt;&lt;span&gt;if&lt;/span&gt; &lt;b&gt;you_spelt_it_wrong&lt;/b&gt; &lt;br /&gt;&amp;nbsp;&amp;nbsp;&lt;span&gt;try_again&lt;/span&gt;&lt;br /&gt;&lt;/code&gt;&lt;code class=&quot;mb-2&quot;&gt;&lt;span&gt;elsif &lt;b&gt;we_screwed_up&lt;/b&gt;&lt;/span&gt; &lt;br /&gt;&amp;nbsp;&amp;nbsp;&lt;em&gt;print&lt;/em&gt; &lt;i&gt;&quot;We&apos;re really sorry about that.&quot;&lt;/i&gt;&lt;br/&gt;&lt;/code&gt;&lt;code class=&quot;mb-2&quot;&gt;&lt;span&gt;end&lt;/span&gt;&lt;/code&gt;&lt;code class=&quot;mb-2&quot;&gt;&lt;span&gt;redirect_to&lt;/span&gt; &lt;em&gt;home_page&lt;/em&gt;&lt;/code&gt;&lt;/p&gt;&lt;/div&gt;&lt;div class=&quot;card-footer&quot;&gt;&lt;p class=&quot;text-danger&quot;&gt;We are sorry, something went wrong. Please try again later.&lt;/p&gt;&lt;/div&gt;&lt;/div&gt;&lt;/div&gt;&lt;hr class=&quot;mt-5&quot; /&gt;&lt;div class=&quot;container&quot;&gt;&lt;div class=&quot;footer&quot;&gt;&lt;ul class=&quot;list-inline&quot;&gt;&lt;li class=&quot;list-inline-item&quot;&gt;&amp;copy; Go Rest 2025&lt;/li&gt;&lt;li class=&quot;list-inline-item float-lg-end&quot;&gt;&lt;a href=&quot;/privacy-policy&quot;&gt;Privacy Policy&lt;/a&gt;&lt;/li&gt;&lt;li class=&quot;list-inline-item float-lg-end me-3&quot;&gt;&lt;a href=&quot;/contact-us&quot;&gt;Contact Us&lt;/a&gt;&lt;/li&gt;&lt;/ul&gt;&lt;/div&gt;&lt;/div&gt;&lt;/body&gt;&lt;/html&gt;&#10;classpath:examples/comments/comments.feature:55&#10;status code was: 404, expected: 201, response time in milliseconds: 1291, url: https://gorest.co.in/public/v2/users/posts, response: &#10;&lt;!DOCTYPE html&gt;&lt;html&gt;&lt;head&gt;&lt;meta charset=&quot;utf-8&quot; /&gt;&lt;meta content=&quot;width=device-width, initial-scale=1, shrink-to-fit=no&quot; name=&quot;viewport&quot; /&gt;&lt;link href=&quot;/favicon.ico&quot; rel=&quot;icon&quot; type=&quot;image/x-icon&quot; /&gt;&lt;title&gt;Page Not Found | GO REST&lt;/title&gt;&lt;link rel=&quot;stylesheet&quot; href=&quot;/assets/application-908c2251d58be479b7fb209519b40235fa8b917357737796da9f4462eea8cabe.css&quot; media=&quot;all&quot; data-turbolinks-track=&quot;reload&quot; /&gt;&lt;script src=&quot;/packs/js/application-194ed409298f13f197d2.js&quot; data-turbolinks-track=&quot;reload&quot; defer=&quot;defer&quot;&gt;&lt;/script&gt;&lt;script async=&quot;true&quot; crossorigin=&quot;anonymous&quot; src=&quot;https://pagead2.googlesyndication.com/pagead/js/adsbygoogle.js?client=ca-pub-4400401340006140&quot;&gt;&lt;/script&gt;&lt;/head&gt;&lt;body&gt;&lt;nav class=&quot;navbar navbar-expand-lg navbar-dark bg-dark sticky-top&quot;&gt;&lt;div class=&quot;container&quot;&gt;&lt;a class=&quot;navbar-brand&quot; href=&quot;/&quot;&gt;&lt;i class=&quot;fas fa-exchange-alt&quot;&gt;&lt;/i&gt; Go REST&lt;/a&gt;&lt;button aria-controls=&quot;AppNavBar&quot; aria-expanded=&quot;false&quot; aria-label=&quot;Toggle navigation&quot; class=&quot;navbar-toggler&quot; data-bs-target=&quot;#AppNavBar&quot; data-bs-toggle=&quot;collapse&quot; type=&quot;button&quot;&gt;&lt;span class=&quot;navbar-toggler-icon&quot;&gt;&lt;/span&gt;&lt;/button&gt;&lt;div class=&quot;collapse navbar-collapse&quot; id=&quot;AppNavBar&quot;&gt;&lt;ul class=&quot;navbar-nav ms-auto&quot;&gt;&lt;li class=&quot;nav-item&quot;&gt;&lt;a class=&quot;nav-link&quot; href=&quot;/qa&quot;&gt;&lt;i class=&quot;fas fa-life-ring&quot;&gt;&lt;/i&gt; Help&lt;/a&gt;&lt;/li&gt;&lt;li class=&quot;nav-item&quot;&gt;&lt;a class=&quot;nav-link&quot; href=&quot;/rest-console&quot;&gt;&lt;i class=&quot;fab fa-linux&quot;&gt;&lt;/i&gt; Rest Console&lt;/a&gt;&lt;/li&gt;&lt;li class=&quot;nav-item dropdown&quot;&gt;&lt;a aria-expanded=&quot;false&quot; class=&quot;nav-link dropdown-toggle&quot; data-bs-toggle=&quot;dropdown&quot; href=&quot;#&quot; id=&quot;ToolsDropDown&quot; role=&quot;button&quot;&gt;&lt;i class=&quot;fas fa-tools&quot;&gt;&lt;/i&gt; Tools&lt;/a&gt;&lt;ul aria-labelledby=&quot;ToolsDropDown&quot; class=&quot;dropdown-menu&quot;&gt;&lt;li class=&quot;&quot;&gt;&lt;a class=&quot;dropdown-item&quot; href=&quot;/tools/base64-encode-decode&quot;&gt;Base64 Encode/Decode&lt;/a&gt;&lt;/li&gt;&lt;li class=&quot;&quot;&gt;&lt;a class=&quot;dropdown-item&quot; href=&quot;/tools/url-encode-decode&quot;&gt;Url Encode/Decode&lt;/a&gt;&lt;/li&gt;&lt;li class=&quot;&quot;&gt;&lt;a class=&quot;dropdown-item&quot; href=&quot;/tools/gcode-translator&quot;&gt;G-Code Translator&lt;/a&gt;&lt;/li&gt;&lt;/ul&gt;&lt;/li&gt;&lt;li class=&quot;nav-item&quot;&gt;&lt;a class=&quot;nav-link&quot; href=&quot;/consumer/login&quot;&gt;Login&lt;/a&gt;&lt;/li&gt;&lt;/ul&gt;&lt;/div&gt;&lt;/div&gt;&lt;/nav&gt;&lt;div class=&quot;container pt-3&quot;&gt;&lt;style type=&quot;text/css&quot;&gt;.code-text code {color: #bdbdbd;display: block;}.code-text code b {color: #81a2be;font-weight: 900;}.code-text code em {color: #b294bb;font-style: unset;}.code-text code i {color: #b5bd68;}.code-text code span {color: #f0c674;}&lt;/style&gt;&lt;div class=&quot;card text-white border-secondary bg-dark&quot;&gt;&lt;div class=&quot;card-header&quot;&gt;&lt;h1 class=&quot;card-title text-warning&quot;&gt;&lt;i class=&quot;fas fa-ghost text-white slide-right&quot;&gt;&lt;/i&gt; HTTP: Not Found &lt;/h1&gt;&lt;/div&gt;&lt;div class=&quot;card-body&quot;&gt;&lt;h3 class=&quot;leaad code-text&quot;&gt;&lt;code class=&quot;mb-3&quot;&gt;&lt;span&gt;this_page&lt;/span&gt;.&lt;em&gt;not_found&lt;/em&gt; = true&lt;/code&gt;&lt;/h3&gt;&lt;p class=&quot;lead code-text&quot;&gt;&lt;code class=&quot;mb-2&quot;&gt;&lt;span&gt;if&lt;/span&gt; &lt;b&gt;you_spelt_it_wrong&lt;/b&gt; &lt;br /&gt;&amp;nbsp;&amp;nbsp;&lt;span&gt;try_again&lt;/span&gt;&lt;br /&gt;&lt;/code&gt;&lt;code class=&quot;mb-2&quot;&gt;&lt;span&gt;elsif &lt;b&gt;we_screwed_up&lt;/b&gt;&lt;/span&gt; &lt;br /&gt;&amp;nbsp;&amp;nbsp;&lt;em&gt;print&lt;/em&gt; &lt;i&gt;&quot;We&apos;re really sorry about that.&quot;&lt;/i&gt;&lt;br/&gt;&lt;/code&gt;&lt;code class=&quot;mb-2&quot;&gt;&lt;span&gt;end&lt;/span&gt;&lt;/code&gt;&lt;code class=&quot;mb-2&quot;&gt;&lt;span&gt;redirect_to&lt;/span&gt; &lt;em&gt;home_page&lt;/em&gt;&lt;/code&gt;&lt;/p&gt;&lt;/div&gt;&lt;div class=&quot;card-footer&quot;&gt;&lt;p class=&quot;text-danger&quot;&gt;We are sorry, something went wrong. Please try again later.&lt;/p&gt;&lt;/div&gt;&lt;/div&gt;&lt;/div&gt;&lt;hr class=&quot;mt-5&quot; /&gt;&lt;div class=&quot;container&quot;&gt;&lt;div class=&quot;footer&quot;&gt;&lt;ul class=&quot;list-inline&quot;&gt;&lt;li class=&quot;list-inline-item&quot;&gt;&amp;copy; Go Rest 2025&lt;/li&gt;&lt;li class=&quot;list-inline-item float-lg-end&quot;&gt;&lt;a href=&quot;/privacy-policy&quot;&gt;Privacy Policy&lt;/a&gt;&lt;/li&gt;&lt;li class=&quot;list-inline-item float-lg-end me-3&quot;&gt;&lt;a href=&quot;/contact-us&quot;&gt;Contact Us&lt;/a&gt;&lt;/li&gt;&lt;/ul&gt;&lt;/div&gt;&lt;/div&gt;&lt;/body&gt;&lt;/html&gt;&#10;classpath:examples/posts/posts.feature:27&#10;status code was: 404, expected: 200, response time in milliseconds: 1298, url: https://gorest.co.in/public/v2/posts, response: &#10;&lt;!DOCTYPE html&gt;&lt;html&gt;&lt;head&gt;&lt;meta charset=&quot;utf-8&quot; /&gt;&lt;meta content=&quot;width=device-width, initial-scale=1, shrink-to-fit=no&quot; name=&quot;viewport&quot; /&gt;&lt;link href=&quot;/favicon.ico&quot; rel=&quot;icon&quot; type=&quot;image/x-icon&quot; /&gt;&lt;title&gt;Page Not Found | GO REST&lt;/title&gt;&lt;link rel=&quot;stylesheet&quot; href=&quot;/assets/application-908c2251d58be479b7fb209519b40235fa8b917357737796da9f4462eea8cabe.css&quot; media=&quot;all&quot; data-turbolinks-track=&quot;reload&quot; /&gt;&lt;script src=&quot;/packs/js/application-194ed409298f13f197d2.js&quot; data-turbolinks-track=&quot;reload&quot; defer=&quot;defer&quot;&gt;&lt;/script&gt;&lt;script async=&quot;true&quot; crossorigin=&quot;anonymous&quot; src=&quot;https://pagead2.googlesyndication.com/pagead/js/adsbygoogle.js?client=ca-pub-4400401340006140&quot;&gt;&lt;/script&gt;&lt;/head&gt;&lt;body&gt;&lt;nav class=&quot;navbar navbar-expand-lg navbar-dark bg-dark sticky-top&quot;&gt;&lt;div class=&quot;container&quot;&gt;&lt;a class=&quot;navbar-brand&quot; href=&quot;/&quot;&gt;&lt;i class=&quot;fas fa-exchange-alt&quot;&gt;&lt;/i&gt; Go REST&lt;/a&gt;&lt;button aria-controls=&quot;AppNavBar&quot; aria-expanded=&quot;false&quot; aria-label=&quot;Toggle navigation&quot; class=&quot;navbar-toggler&quot; data-bs-target=&quot;#AppNavBar&quot; data-bs-toggle=&quot;collapse&quot; type=&quot;button&quot;&gt;&lt;span class=&quot;navbar-toggler-icon&quot;&gt;&lt;/span&gt;&lt;/button&gt;&lt;div class=&quot;collapse navbar-collapse&quot; id=&quot;AppNavBar&quot;&gt;&lt;ul class=&quot;navbar-nav ms-auto&quot;&gt;&lt;li class=&quot;nav-item&quot;&gt;&lt;a class=&quot;nav-link&quot; href=&quot;/qa&quot;&gt;&lt;i class=&quot;fas fa-life-ring&quot;&gt;&lt;/i&gt; Help&lt;/a&gt;&lt;/li&gt;&lt;li class=&quot;nav-item&quot;&gt;&lt;a class=&quot;nav-link&quot; href=&quot;/rest-console&quot;&gt;&lt;i class=&quot;fab fa-linux&quot;&gt;&lt;/i&gt; Rest Console&lt;/a&gt;&lt;/li&gt;&lt;li class=&quot;nav-item dropdown&quot;&gt;&lt;a aria-expanded=&quot;false&quot; class=&quot;nav-link dropdown-toggle&quot; data-bs-toggle=&quot;dropdown&quot; href=&quot;#&quot; id=&quot;ToolsDropDown&quot; role=&quot;button&quot;&gt;&lt;i class=&quot;fas fa-tools&quot;&gt;&lt;/i&gt; Tools&lt;/a&gt;&lt;ul aria-labelledby=&quot;ToolsDropDown&quot; class=&quot;dropdown-menu&quot;&gt;&lt;li class=&quot;&quot;&gt;&lt;a class=&quot;dropdown-item&quot; href=&quot;/tools/base64-encode-decode&quot;&gt;Base64 Encode/Decode&lt;/a&gt;&lt;/li&gt;&lt;li class=&quot;&quot;&gt;&lt;a class=&quot;dropdown-item&quot; href=&quot;/tools/url-encode-decode&quot;&gt;Url Encode/Decode&lt;/a&gt;&lt;/li&gt;&lt;li class=&quot;&quot;&gt;&lt;a class=&quot;dropdown-item&quot; href=&quot;/tools/gcode-translator&quot;&gt;G-Code Translator&lt;/a&gt;&lt;/li&gt;&lt;/ul&gt;&lt;/li&gt;&lt;li class=&quot;nav-item&quot;&gt;&lt;a class=&quot;nav-link&quot; href=&quot;/consumer/login&quot;&gt;Login&lt;/a&gt;&lt;/li&gt;&lt;/ul&gt;&lt;/div&gt;&lt;/div&gt;&lt;/nav&gt;&lt;div class=&quot;container pt-3&quot;&gt;&lt;style type=&quot;text/css&quot;&gt;.code-text code {color: #bdbdbd;display: block;}.code-text code b {color: #81a2be;font-weight: 900;}.code-text code em {color: #b294bb;font-style: unset;}.code-text code i {color: #b5bd68;}.code-text code span {color: #f0c674;}&lt;/style&gt;&lt;div class=&quot;card text-white border-secondary bg-dark&quot;&gt;&lt;div class=&quot;card-header&quot;&gt;&lt;h1 class=&quot;card-title text-warning&quot;&gt;&lt;i class=&quot;fas fa-ghost text-white slide-right&quot;&gt;&lt;/i&gt; HTTP: Not Found &lt;/h1&gt;&lt;/div&gt;&lt;div class=&quot;card-body&quot;&gt;&lt;h3 class=&quot;leaad code-text&quot;&gt;&lt;code class=&quot;mb-3&quot;&gt;&lt;span&gt;this_page&lt;/span&gt;.&lt;em&gt;not_found&lt;/em&gt; = true&lt;/code&gt;&lt;/h3&gt;&lt;p class=&quot;lead code-text&quot;&gt;&lt;code class=&quot;mb-2&quot;&gt;&lt;span&gt;if&lt;/span&gt; &lt;b&gt;you_spelt_it_wrong&lt;/b&gt; &lt;br /&gt;&amp;nbsp;&amp;nbsp;&lt;span&gt;try_again&lt;/span&gt;&lt;br /&gt;&lt;/code&gt;&lt;code class=&quot;mb-2&quot;&gt;&lt;span&gt;elsif &lt;b&gt;we_screwed_up&lt;/b&gt;&lt;/span&gt; &lt;br /&gt;&amp;nbsp;&amp;nbsp;&lt;em&gt;print&lt;/em&gt; &lt;i&gt;&quot;We&apos;re really sorry about that.&quot;&lt;/i&gt;&lt;br/&gt;&lt;/code&gt;&lt;code class=&quot;mb-2&quot;&gt;&lt;span&gt;end&lt;/span&gt;&lt;/code&gt;&lt;code class=&quot;mb-2&quot;&gt;&lt;span&gt;redirect_to&lt;/span&gt; &lt;em&gt;home_page&lt;/em&gt;&lt;/code&gt;&lt;/p&gt;&lt;/div&gt;&lt;div class=&quot;card-footer&quot;&gt;&lt;p class=&quot;text-danger&quot;&gt;We are sorry, something went wrong. Please try again later.&lt;/p&gt;&lt;/div&gt;&lt;/div&gt;&lt;/div&gt;&lt;hr class=&quot;mt-5&quot; /&gt;&lt;div class=&quot;container&quot;&gt;&lt;div class=&quot;footer&quot;&gt;&lt;ul class=&quot;list-inline&quot;&gt;&lt;li class=&quot;list-inline-item&quot;&gt;&amp;copy; Go Rest 2025&lt;/li&gt;&lt;li class=&quot;list-inline-item float-lg-end&quot;&gt;&lt;a href=&quot;/privacy-policy&quot;&gt;Privacy Policy&lt;/a&gt;&lt;/li&gt;&lt;li class=&quot;list-inline-item float-lg-end me-3&quot;&gt;&lt;a href=&quot;/contact-us&quot;&gt;Contact Us&lt;/a&gt;&lt;/li&gt;&lt;/ul&gt;&lt;/div&gt;&lt;/div&gt;&lt;/body&gt;&lt;/html&gt;&#10;classpath:examples/posts/posts.feature:50&#10;status code was: 404, expected: 204, response time in milliseconds: 1307, url: https://gorest.co.in/public/v2/posts, response: &#10;&lt;!DOCTYPE html&gt;&lt;html&gt;&lt;head&gt;&lt;meta charset=&quot;utf-8&quot; /&gt;&lt;meta content=&quot;width=device-width, initial-scale=1, shrink-to-fit=no&quot; name=&quot;viewport&quot; /&gt;&lt;link href=&quot;/favicon.ico&quot; rel=&quot;icon&quot; type=&quot;image/x-icon&quot; /&gt;&lt;title&gt;Page Not Found | GO REST&lt;/title&gt;&lt;link rel=&quot;stylesheet&quot; href=&quot;/assets/application-908c2251d58be479b7fb209519b40235fa8b917357737796da9f4462eea8cabe.css&quot; media=&quot;all&quot; data-turbolinks-track=&quot;reload&quot; /&gt;&lt;script src=&quot;/packs/js/application-194ed409298f13f197d2.js&quot; data-turbolinks-track=&quot;reload&quot; defer=&quot;defer&quot;&gt;&lt;/script&gt;&lt;script async=&quot;true&quot; crossorigin=&quot;anonymous&quot; src=&quot;https://pagead2.googlesyndication.com/pagead/js/adsbygoogle.js?client=ca-pub-4400401340006140&quot;&gt;&lt;/script&gt;&lt;/head&gt;&lt;body&gt;&lt;nav class=&quot;navbar navbar-expand-lg navbar-dark bg-dark sticky-top&quot;&gt;&lt;div class=&quot;container&quot;&gt;&lt;a class=&quot;navbar-brand&quot; href=&quot;/&quot;&gt;&lt;i class=&quot;fas fa-exchange-alt&quot;&gt;&lt;/i&gt; Go REST&lt;/a&gt;&lt;button aria-controls=&quot;AppNavBar&quot; aria-expanded=&quot;false&quot; aria-label=&quot;Toggle navigation&quot; class=&quot;navbar-toggler&quot; data-bs-target=&quot;#AppNavBar&quot; data-bs-toggle=&quot;collapse&quot; type=&quot;button&quot;&gt;&lt;span class=&quot;navbar-toggler-icon&quot;&gt;&lt;/span&gt;&lt;/button&gt;&lt;div class=&quot;collapse navbar-collapse&quot; id=&quot;AppNavBar&quot;&gt;&lt;ul class=&quot;navbar-nav ms-auto&quot;&gt;&lt;li class=&quot;nav-item&quot;&gt;&lt;a class=&quot;nav-link&quot; href=&quot;/qa&quot;&gt;&lt;i class=&quot;fas fa-life-ring&quot;&gt;&lt;/i&gt; Help&lt;/a&gt;&lt;/li&gt;&lt;li class=&quot;nav-item&quot;&gt;&lt;a class=&quot;nav-link&quot; href=&quot;/rest-console&quot;&gt;&lt;i class=&quot;fab fa-linux&quot;&gt;&lt;/i&gt; Rest Console&lt;/a&gt;&lt;/li&gt;&lt;li class=&quot;nav-item dropdown&quot;&gt;&lt;a aria-expanded=&quot;false&quot; class=&quot;nav-link dropdown-toggle&quot; data-bs-toggle=&quot;dropdown&quot; href=&quot;#&quot; id=&quot;ToolsDropDown&quot; role=&quot;button&quot;&gt;&lt;i class=&quot;fas fa-tools&quot;&gt;&lt;/i&gt; Tools&lt;/a&gt;&lt;ul aria-labelledby=&quot;ToolsDropDown&quot; class=&quot;dropdown-menu&quot;&gt;&lt;li class=&quot;&quot;&gt;&lt;a class=&quot;dropdown-item&quot; href=&quot;/tools/base64-encode-decode&quot;&gt;Base64 Encode/Decode&lt;/a&gt;&lt;/li&gt;&lt;li class=&quot;&quot;&gt;&lt;a class=&quot;dropdown-item&quot; href=&quot;/tools/url-encode-decode&quot;&gt;Url Encode/Decode&lt;/a&gt;&lt;/li&gt;&lt;li class=&quot;&quot;&gt;&lt;a class=&quot;dropdown-item&quot; href=&quot;/tools/gcode-translator&quot;&gt;G-Code Translator&lt;/a&gt;&lt;/li&gt;&lt;/ul&gt;&lt;/li&gt;&lt;li class=&quot;nav-item&quot;&gt;&lt;a class=&quot;nav-link&quot; href=&quot;/consumer/login&quot;&gt;Login&lt;/a&gt;&lt;/li&gt;&lt;/ul&gt;&lt;/div&gt;&lt;/div&gt;&lt;/nav&gt;&lt;div class=&quot;container pt-3&quot;&gt;&lt;style type=&quot;text/css&quot;&gt;.code-text code {color: #bdbdbd;display: block;}.code-text code b {color: #81a2be;font-weight: 900;}.code-text code em {color: #b294bb;font-style: unset;}.code-text code i {color: #b5bd68;}.code-text code span {color: #f0c674;}&lt;/style&gt;&lt;div class=&quot;card text-white border-secondary bg-dark&quot;&gt;&lt;div class=&quot;card-header&quot;&gt;&lt;h1 class=&quot;card-title text-warning&quot;&gt;&lt;i class=&quot;fas fa-ghost text-white slide-right&quot;&gt;&lt;/i&gt; HTTP: Not Found &lt;/h1&gt;&lt;/div&gt;&lt;div class=&quot;card-body&quot;&gt;&lt;h3 class=&quot;leaad code-text&quot;&gt;&lt;code class=&quot;mb-3&quot;&gt;&lt;span&gt;this_page&lt;/span&gt;.&lt;em&gt;not_found&lt;/em&gt; = true&lt;/code&gt;&lt;/h3&gt;&lt;p class=&quot;lead code-text&quot;&gt;&lt;code class=&quot;mb-2&quot;&gt;&lt;span&gt;if&lt;/span&gt; &lt;b&gt;you_spelt_it_wrong&lt;/b&gt; &lt;br /&gt;&amp;nbsp;&amp;nbsp;&lt;span&gt;try_again&lt;/span&gt;&lt;br /&gt;&lt;/code&gt;&lt;code class=&quot;mb-2&quot;&gt;&lt;span&gt;elsif &lt;b&gt;we_screwed_up&lt;/b&gt;&lt;/span&gt; &lt;br /&gt;&amp;nbsp;&amp;nbsp;&lt;em&gt;print&lt;/em&gt; &lt;i&gt;&quot;We&apos;re really sorry about that.&quot;&lt;/i&gt;&lt;br/&gt;&lt;/code&gt;&lt;code class=&quot;mb-2&quot;&gt;&lt;span&gt;end&lt;/span&gt;&lt;/code&gt;&lt;code class=&quot;mb-2&quot;&gt;&lt;span&gt;redirect_to&lt;/span&gt; &lt;em&gt;home_page&lt;/em&gt;&lt;/code&gt;&lt;/p&gt;&lt;/div&gt;&lt;div class=&quot;card-footer&quot;&gt;&lt;p class=&quot;text-danger&quot;&gt;We are sorry, something went wrong. Please try again later.&lt;/p&gt;&lt;/div&gt;&lt;/div&gt;&lt;/div&gt;&lt;hr class=&quot;mt-5&quot; /&gt;&lt;div class=&quot;container&quot;&gt;&lt;div class=&quot;footer&quot;&gt;&lt;ul class=&quot;list-inline&quot;&gt;&lt;li class=&quot;list-inline-item&quot;&gt;&amp;copy; Go Rest 2025&lt;/li&gt;&lt;li class=&quot;list-inline-item float-lg-end&quot;&gt;&lt;a href=&quot;/privacy-policy&quot;&gt;Privacy Policy&lt;/a&gt;&lt;/li&gt;&lt;li class=&quot;list-inline-item float-lg-end me-3&quot;&gt;&lt;a href=&quot;/contact-us&quot;&gt;Contact Us&lt;/a&gt;&lt;/li&gt;&lt;/ul&gt;&lt;/div&gt;&lt;/div&gt;&lt;/body&gt;&lt;/html&gt;&#10;classpath:examples/posts/posts.feature:57&#10;status code was: 404, expected: 201, response time in milliseconds: 1339, url: https://gorest.co.in/public/v2/users/todos, response: &#10;&lt;!DOCTYPE html&gt;&lt;html&gt;&lt;head&gt;&lt;meta charset=&quot;utf-8&quot; /&gt;&lt;meta content=&quot;width=device-width, initial-scale=1, shrink-to-fit=no&quot; name=&quot;viewport&quot; /&gt;&lt;link href=&quot;/favicon.ico&quot; rel=&quot;icon&quot; type=&quot;image/x-icon&quot; /&gt;&lt;title&gt;Page Not Found | GO REST&lt;/title&gt;&lt;link rel=&quot;stylesheet&quot; href=&quot;/assets/application-908c2251d58be479b7fb209519b40235fa8b917357737796da9f4462eea8cabe.css&quot; media=&quot;all&quot; data-turbolinks-track=&quot;reload&quot; /&gt;&lt;script src=&quot;/packs/js/application-194ed409298f13f197d2.js&quot; data-turbolinks-track=&quot;reload&quot; defer=&quot;defer&quot;&gt;&lt;/script&gt;&lt;script async=&quot;true&quot; crossorigin=&quot;anonymous&quot; src=&quot;https://pagead2.googlesyndication.com/pagead/js/adsbygoogle.js?client=ca-pub-4400401340006140&quot;&gt;&lt;/script&gt;&lt;/head&gt;&lt;body&gt;&lt;nav class=&quot;navbar navbar-expand-lg navbar-dark bg-dark sticky-top&quot;&gt;&lt;div class=&quot;container&quot;&gt;&lt;a class=&quot;navbar-brand&quot; href=&quot;/&quot;&gt;&lt;i class=&quot;fas fa-exchange-alt&quot;&gt;&lt;/i&gt; Go REST&lt;/a&gt;&lt;button aria-controls=&quot;AppNavBar&quot; aria-expanded=&quot;false&quot; aria-label=&quot;Toggle navigation&quot; class=&quot;navbar-toggler&quot; data-bs-target=&quot;#AppNavBar&quot; data-bs-toggle=&quot;collapse&quot; type=&quot;button&quot;&gt;&lt;span class=&quot;navbar-toggler-icon&quot;&gt;&lt;/span&gt;&lt;/button&gt;&lt;div class=&quot;collapse navbar-collapse&quot; id=&quot;AppNavBar&quot;&gt;&lt;ul class=&quot;navbar-nav ms-auto&quot;&gt;&lt;li class=&quot;nav-item&quot;&gt;&lt;a class=&quot;nav-link&quot; href=&quot;/qa&quot;&gt;&lt;i class=&quot;fas fa-life-ring&quot;&gt;&lt;/i&gt; Help&lt;/a&gt;&lt;/li&gt;&lt;li class=&quot;nav-item&quot;&gt;&lt;a class=&quot;nav-link&quot; href=&quot;/rest-console&quot;&gt;&lt;i class=&quot;fab fa-linux&quot;&gt;&lt;/i&gt; Rest Console&lt;/a&gt;&lt;/li&gt;&lt;li class=&quot;nav-item dropdown&quot;&gt;&lt;a aria-expanded=&quot;false&quot; class=&quot;nav-link dropdown-toggle&quot; data-bs-toggle=&quot;dropdown&quot; href=&quot;#&quot; id=&quot;ToolsDropDown&quot; role=&quot;button&quot;&gt;&lt;i class=&quot;fas fa-tools&quot;&gt;&lt;/i&gt; Tools&lt;/a&gt;&lt;ul aria-labelledby=&quot;ToolsDropDown&quot; class=&quot;dropdown-menu&quot;&gt;&lt;li class=&quot;&quot;&gt;&lt;a class=&quot;dropdown-item&quot; href=&quot;/tools/base64-encode-decode&quot;&gt;Base64 Encode/Decode&lt;/a&gt;&lt;/li&gt;&lt;li class=&quot;&quot;&gt;&lt;a class=&quot;dropdown-item&quot; href=&quot;/tools/url-encode-decode&quot;&gt;Url Encode/Decode&lt;/a&gt;&lt;/li&gt;&lt;li class=&quot;&quot;&gt;&lt;a class=&quot;dropdown-item&quot; href=&quot;/tools/gcode-translator&quot;&gt;G-Code Translator&lt;/a&gt;&lt;/li&gt;&lt;/ul&gt;&lt;/li&gt;&lt;li class=&quot;nav-item&quot;&gt;&lt;a class=&quot;nav-link&quot; href=&quot;/consumer/login&quot;&gt;Login&lt;/a&gt;&lt;/li&gt;&lt;/ul&gt;&lt;/div&gt;&lt;/div&gt;&lt;/nav&gt;&lt;div class=&quot;container pt-3&quot;&gt;&lt;style type=&quot;text/css&quot;&gt;.code-text code {color: #bdbdbd;display: block;}.code-text code b {color: #81a2be;font-weight: 900;}.code-text code em {color: #b294bb;font-style: unset;}.code-text code i {color: #b5bd68;}.code-text code span {color: #f0c674;}&lt;/style&gt;&lt;div class=&quot;card text-white border-secondary bg-dark&quot;&gt;&lt;div class=&quot;card-header&quot;&gt;&lt;h1 class=&quot;card-title text-warning&quot;&gt;&lt;i class=&quot;fas fa-ghost text-white slide-right&quot;&gt;&lt;/i&gt; HTTP: Not Found &lt;/h1&gt;&lt;/div&gt;&lt;div class=&quot;card-body&quot;&gt;&lt;h3 class=&quot;leaad code-text&quot;&gt;&lt;code class=&quot;mb-3&quot;&gt;&lt;span&gt;this_page&lt;/span&gt;.&lt;em&gt;not_found&lt;/em&gt; = true&lt;/code&gt;&lt;/h3&gt;&lt;p class=&quot;lead code-text&quot;&gt;&lt;code class=&quot;mb-2&quot;&gt;&lt;span&gt;if&lt;/span&gt; &lt;b&gt;you_spelt_it_wrong&lt;/b&gt; &lt;br /&gt;&amp;nbsp;&amp;nbsp;&lt;span&gt;try_again&lt;/span&gt;&lt;br /&gt;&lt;/code&gt;&lt;code class=&quot;mb-2&quot;&gt;&lt;span&gt;elsif &lt;b&gt;we_screwed_up&lt;/b&gt;&lt;/span&gt; &lt;br /&gt;&amp;nbsp;&amp;nbsp;&lt;em&gt;print&lt;/em&gt; &lt;i&gt;&quot;We&apos;re really sorry about that.&quot;&lt;/i&gt;&lt;br/&gt;&lt;/code&gt;&lt;code class=&quot;mb-2&quot;&gt;&lt;span&gt;end&lt;/span&gt;&lt;/code&gt;&lt;code class=&quot;mb-2&quot;&gt;&lt;span&gt;redirect_to&lt;/span&gt; &lt;em&gt;home_page&lt;/em&gt;&lt;/code&gt;&lt;/p&gt;&lt;/div&gt;&lt;div class=&quot;card-footer&quot;&gt;&lt;p class=&quot;text-danger&quot;&gt;We are sorry, something went wrong. Please try again later.&lt;/p&gt;&lt;/div&gt;&lt;/div&gt;&lt;/div&gt;&lt;hr class=&quot;mt-5&quot; /&gt;&lt;div class=&quot;container&quot;&gt;&lt;div class=&quot;footer&quot;&gt;&lt;ul class=&quot;list-inline&quot;&gt;&lt;li class=&quot;list-inline-item&quot;&gt;&amp;copy; Go Rest 2025&lt;/li&gt;&lt;li class=&quot;list-inline-item float-lg-end&quot;&gt;&lt;a href=&quot;/privacy-policy&quot;&gt;Privacy Policy&lt;/a&gt;&lt;/li&gt;&lt;li class=&quot;list-inline-item float-lg-end me-3&quot;&gt;&lt;a href=&quot;/contact-us&quot;&gt;Contact Us&lt;/a&gt;&lt;/li&gt;&lt;/ul&gt;&lt;/div&gt;&lt;/div&gt;&lt;/body&gt;&lt;/html&gt;&#10;classpath:examples/todos/todos.feature:22&#10;status code was: 404, expected: 200, response time in milliseconds: 1330, url: https://gorest.co.in/public/v2/todos, response: &#10;&lt;!DOCTYPE html&gt;&lt;html&gt;&lt;head&gt;&lt;meta charset=&quot;utf-8&quot; /&gt;&lt;meta content=&quot;width=device-width, initial-scale=1, shrink-to-fit=no&quot; name=&quot;viewport&quot; /&gt;&lt;link href=&quot;/favicon.ico&quot; rel=&quot;icon&quot; type=&quot;image/x-icon&quot; /&gt;&lt;title&gt;Page Not Found | GO REST&lt;/title&gt;&lt;link rel=&quot;stylesheet&quot; href=&quot;/assets/application-908c2251d58be479b7fb209519b40235fa8b917357737796da9f4462eea8cabe.css&quot; media=&quot;all&quot; data-turbolinks-track=&quot;reload&quot; /&gt;&lt;script src=&quot;/packs/js/application-194ed409298f13f197d2.js&quot; data-turbolinks-track=&quot;reload&quot; defer=&quot;defer&quot;&gt;&lt;/script&gt;&lt;script async=&quot;true&quot; crossorigin=&quot;anonymous&quot; src=&quot;https://pagead2.googlesyndication.com/pagead/js/adsbygoogle.js?client=ca-pub-4400401340006140&quot;&gt;&lt;/script&gt;&lt;/head&gt;&lt;body&gt;&lt;nav class=&quot;navbar navbar-expand-lg navbar-dark bg-dark sticky-top&quot;&gt;&lt;div class=&quot;container&quot;&gt;&lt;a class=&quot;navbar-brand&quot; href=&quot;/&quot;&gt;&lt;i class=&quot;fas fa-exchange-alt&quot;&gt;&lt;/i&gt; Go REST&lt;/a&gt;&lt;button aria-controls=&quot;AppNavBar&quot; aria-expanded=&quot;false&quot; aria-label=&quot;Toggle navigation&quot; class=&quot;navbar-toggler&quot; data-bs-target=&quot;#AppNavBar&quot; data-bs-toggle=&quot;collapse&quot; type=&quot;button&quot;&gt;&lt;span class=&quot;navbar-toggler-icon&quot;&gt;&lt;/span&gt;&lt;/button&gt;&lt;div class=&quot;collapse navbar-collapse&quot; id=&quot;AppNavBar&quot;&gt;&lt;ul class=&quot;navbar-nav ms-auto&quot;&gt;&lt;li class=&quot;nav-item&quot;&gt;&lt;a class=&quot;nav-link&quot; href=&quot;/qa&quot;&gt;&lt;i class=&quot;fas fa-life-ring&quot;&gt;&lt;/i&gt; Help&lt;/a&gt;&lt;/li&gt;&lt;li class=&quot;nav-item&quot;&gt;&lt;a class=&quot;nav-link&quot; href=&quot;/rest-console&quot;&gt;&lt;i class=&quot;fab fa-linux&quot;&gt;&lt;/i&gt; Rest Console&lt;/a&gt;&lt;/li&gt;&lt;li class=&quot;nav-item dropdown&quot;&gt;&lt;a aria-expanded=&quot;false&quot; class=&quot;nav-link dropdown-toggle&quot; data-bs-toggle=&quot;dropdown&quot; href=&quot;#&quot; id=&quot;ToolsDropDown&quot; role=&quot;button&quot;&gt;&lt;i class=&quot;fas fa-tools&quot;&gt;&lt;/i&gt; Tools&lt;/a&gt;&lt;ul aria-labelledby=&quot;ToolsDropDown&quot; class=&quot;dropdown-menu&quot;&gt;&lt;li class=&quot;&quot;&gt;&lt;a class=&quot;dropdown-item&quot; href=&quot;/tools/base64-encode-decode&quot;&gt;Base64 Encode/Decode&lt;/a&gt;&lt;/li&gt;&lt;li class=&quot;&quot;&gt;&lt;a class=&quot;dropdown-item&quot; href=&quot;/tools/url-encode-decode&quot;&gt;Url Encode/Decode&lt;/a&gt;&lt;/li&gt;&lt;li class=&quot;&quot;&gt;&lt;a class=&quot;dropdown-item&quot; href=&quot;/tools/gcode-translator&quot;&gt;G-Code Translator&lt;/a&gt;&lt;/li&gt;&lt;/ul&gt;&lt;/li&gt;&lt;li class=&quot;nav-item&quot;&gt;&lt;a class=&quot;nav-link&quot; href=&quot;/consumer/login&quot;&gt;Login&lt;/a&gt;&lt;/li&gt;&lt;/ul&gt;&lt;/div&gt;&lt;/div&gt;&lt;/nav&gt;&lt;div class=&quot;container pt-3&quot;&gt;&lt;style type=&quot;text/css&quot;&gt;.code-text code {color: #bdbdbd;display: block;}.code-text code b {color: #81a2be;font-weight: 900;}.code-text code em {color: #b294bb;font-style: unset;}.code-text code i {color: #b5bd68;}.code-text code span {color: #f0c674;}&lt;/style&gt;&lt;div class=&quot;card text-white border-secondary bg-dark&quot;&gt;&lt;div class=&quot;card-header&quot;&gt;&lt;h1 class=&quot;card-title text-warning&quot;&gt;&lt;i class=&quot;fas fa-ghost text-white slide-right&quot;&gt;&lt;/i&gt; HTTP: Not Found &lt;/h1&gt;&lt;/div&gt;&lt;div class=&quot;card-body&quot;&gt;&lt;h3 class=&quot;leaad code-text&quot;&gt;&lt;code class=&quot;mb-3&quot;&gt;&lt;span&gt;this_page&lt;/span&gt;.&lt;em&gt;not_found&lt;/em&gt; = true&lt;/code&gt;&lt;/h3&gt;&lt;p class=&quot;lead code-text&quot;&gt;&lt;code class=&quot;mb-2&quot;&gt;&lt;span&gt;if&lt;/span&gt; &lt;b&gt;you_spelt_it_wrong&lt;/b&gt; &lt;br /&gt;&amp;nbsp;&amp;nbsp;&lt;span&gt;try_again&lt;/span&gt;&lt;br /&gt;&lt;/code&gt;&lt;code class=&quot;mb-2&quot;&gt;&lt;span&gt;elsif &lt;b&gt;we_screwed_up&lt;/b&gt;&lt;/span&gt; &lt;br /&gt;&amp;nbsp;&amp;nbsp;&lt;em&gt;print&lt;/em&gt; &lt;i&gt;&quot;We&apos;re really sorry about that.&quot;&lt;/i&gt;&lt;br/&gt;&lt;/code&gt;&lt;code class=&quot;mb-2&quot;&gt;&lt;span&gt;end&lt;/span&gt;&lt;/code&gt;&lt;code class=&quot;mb-2&quot;&gt;&lt;span&gt;redirect_to&lt;/span&gt; &lt;em&gt;home_page&lt;/em&gt;&lt;/code&gt;&lt;/p&gt;&lt;/div&gt;&lt;div class=&quot;card-footer&quot;&gt;&lt;p class=&quot;text-danger&quot;&gt;We are sorry, something went wrong. Please try again later.&lt;/p&gt;&lt;/div&gt;&lt;/div&gt;&lt;/div&gt;&lt;hr class=&quot;mt-5&quot; /&gt;&lt;div class=&quot;container&quot;&gt;&lt;div class=&quot;footer&quot;&gt;&lt;ul class=&quot;list-inline&quot;&gt;&lt;li class=&quot;list-inline-item&quot;&gt;&amp;copy; Go Rest 2025&lt;/li&gt;&lt;li class=&quot;list-inline-item float-lg-end&quot;&gt;&lt;a href=&quot;/privacy-policy&quot;&gt;Privacy Policy&lt;/a&gt;&lt;/li&gt;&lt;li class=&quot;list-inline-item float-lg-end me-3&quot;&gt;&lt;a href=&quot;/contact-us&quot;&gt;Contact Us&lt;/a&gt;&lt;/li&gt;&lt;/ul&gt;&lt;/div&gt;&lt;/div&gt;&lt;/body&gt;&lt;/html&gt;&#10;classpath:examples/todos/todos.feature:54&#10;status code was: 404, expected: 204, response time in milliseconds: 1313, url: https://gorest.co.in/public/v2/todos, response: &#10;&lt;!DOCTYPE html&gt;&lt;html&gt;&lt;head&gt;&lt;meta charset=&quot;utf-8&quot; /&gt;&lt;meta content=&quot;width=device-width, initial-scale=1, shrink-to-fit=no&quot; name=&quot;viewport&quot; /&gt;&lt;link href=&quot;/favicon.ico&quot; rel=&quot;icon&quot; type=&quot;image/x-icon&quot; /&gt;&lt;title&gt;Page Not Found | GO REST&lt;/title&gt;&lt;link rel=&quot;stylesheet&quot; href=&quot;/assets/application-908c2251d58be479b7fb209519b40235fa8b917357737796da9f4462eea8cabe.css&quot; media=&quot;all&quot; data-turbolinks-track=&quot;reload&quot; /&gt;&lt;script src=&quot;/packs/js/application-194ed409298f13f197d2.js&quot; data-turbolinks-track=&quot;reload&quot; defer=&quot;defer&quot;&gt;&lt;/script&gt;&lt;script async=&quot;true&quot; crossorigin=&quot;anonymous&quot; src=&quot;https://pagead2.googlesyndication.com/pagead/js/adsbygoogle.js?client=ca-pub-4400401340006140&quot;&gt;&lt;/script&gt;&lt;/head&gt;&lt;body&gt;&lt;nav class=&quot;navbar navbar-expand-lg navbar-dark bg-dark sticky-top&quot;&gt;&lt;div class=&quot;container&quot;&gt;&lt;a class=&quot;navbar-brand&quot; href=&quot;/&quot;&gt;&lt;i class=&quot;fas fa-exchange-alt&quot;&gt;&lt;/i&gt; Go REST&lt;/a&gt;&lt;button aria-controls=&quot;AppNavBar&quot; aria-expanded=&quot;false&quot; aria-label=&quot;Toggle navigation&quot; class=&quot;navbar-toggler&quot; data-bs-target=&quot;#AppNavBar&quot; data-bs-toggle=&quot;collapse&quot; type=&quot;button&quot;&gt;&lt;span class=&quot;navbar-toggler-icon&quot;&gt;&lt;/span&gt;&lt;/button&gt;&lt;div class=&quot;collapse navbar-collapse&quot; id=&quot;AppNavBar&quot;&gt;&lt;ul class=&quot;navbar-nav ms-auto&quot;&gt;&lt;li class=&quot;nav-item&quot;&gt;&lt;a class=&quot;nav-link&quot; href=&quot;/qa&quot;&gt;&lt;i class=&quot;fas fa-life-ring&quot;&gt;&lt;/i&gt; Help&lt;/a&gt;&lt;/li&gt;&lt;li class=&quot;nav-item&quot;&gt;&lt;a class=&quot;nav-link&quot; href=&quot;/rest-console&quot;&gt;&lt;i class=&quot;fab fa-linux&quot;&gt;&lt;/i&gt; Rest Console&lt;/a&gt;&lt;/li&gt;&lt;li class=&quot;nav-item dropdown&quot;&gt;&lt;a aria-expanded=&quot;false&quot; class=&quot;nav-link dropdown-toggle&quot; data-bs-toggle=&quot;dropdown&quot; href=&quot;#&quot; id=&quot;ToolsDropDown&quot; role=&quot;button&quot;&gt;&lt;i class=&quot;fas fa-tools&quot;&gt;&lt;/i&gt; Tools&lt;/a&gt;&lt;ul aria-labelledby=&quot;ToolsDropDown&quot; class=&quot;dropdown-menu&quot;&gt;&lt;li class=&quot;&quot;&gt;&lt;a class=&quot;dropdown-item&quot; href=&quot;/tools/base64-encode-decode&quot;&gt;Base64 Encode/Decode&lt;/a&gt;&lt;/li&gt;&lt;li class=&quot;&quot;&gt;&lt;a class=&quot;dropdown-item&quot; href=&quot;/tools/url-encode-decode&quot;&gt;Url Encode/Decode&lt;/a&gt;&lt;/li&gt;&lt;li class=&quot;&quot;&gt;&lt;a class=&quot;dropdown-item&quot; href=&quot;/tools/gcode-translator&quot;&gt;G-Code Translator&lt;/a&gt;&lt;/li&gt;&lt;/ul&gt;&lt;/li&gt;&lt;li class=&quot;nav-item&quot;&gt;&lt;a class=&quot;nav-link&quot; href=&quot;/consumer/login&quot;&gt;Login&lt;/a&gt;&lt;/li&gt;&lt;/ul&gt;&lt;/div&gt;&lt;/div&gt;&lt;/nav&gt;&lt;div class=&quot;container pt-3&quot;&gt;&lt;style type=&quot;text/css&quot;&gt;.code-text code {color: #bdbdbd;display: block;}.code-text code b {color: #81a2be;font-weight: 900;}.code-text code em {color: #b294bb;font-style: unset;}.code-text code i {color: #b5bd68;}.code-text code span {color: #f0c674;}&lt;/style&gt;&lt;div class=&quot;card text-white border-secondary bg-dark&quot;&gt;&lt;div class=&quot;card-header&quot;&gt;&lt;h1 class=&quot;card-title text-warning&quot;&gt;&lt;i class=&quot;fas fa-ghost text-white slide-right&quot;&gt;&lt;/i&gt; HTTP: Not Found &lt;/h1&gt;&lt;/div&gt;&lt;div class=&quot;card-body&quot;&gt;&lt;h3 class=&quot;leaad code-text&quot;&gt;&lt;code class=&quot;mb-3&quot;&gt;&lt;span&gt;this_page&lt;/span&gt;.&lt;em&gt;not_found&lt;/em&gt; = true&lt;/code&gt;&lt;/h3&gt;&lt;p class=&quot;lead code-text&quot;&gt;&lt;code class=&quot;mb-2&quot;&gt;&lt;span&gt;if&lt;/span&gt; &lt;b&gt;you_spelt_it_wrong&lt;/b&gt; &lt;br /&gt;&amp;nbsp;&amp;nbsp;&lt;span&gt;try_again&lt;/span&gt;&lt;br /&gt;&lt;/code&gt;&lt;code class=&quot;mb-2&quot;&gt;&lt;span&gt;elsif &lt;b&gt;we_screwed_up&lt;/b&gt;&lt;/span&gt; &lt;br /&gt;&amp;nbsp;&amp;nbsp;&lt;em&gt;print&lt;/em&gt; &lt;i&gt;&quot;We&apos;re really sorry about that.&quot;&lt;/i&gt;&lt;br/&gt;&lt;/code&gt;&lt;code class=&quot;mb-2&quot;&gt;&lt;span&gt;end&lt;/span&gt;&lt;/code&gt;&lt;code class=&quot;mb-2&quot;&gt;&lt;span&gt;redirect_to&lt;/span&gt; &lt;em&gt;home_page&lt;/em&gt;&lt;/code&gt;&lt;/p&gt;&lt;/div&gt;&lt;div class=&quot;card-footer&quot;&gt;&lt;p class=&quot;text-danger&quot;&gt;We are sorry, something went wrong. Please try again later.&lt;/p&gt;&lt;/div&gt;&lt;/div&gt;&lt;/div&gt;&lt;hr class=&quot;mt-5&quot; /&gt;&lt;div class=&quot;container&quot;&gt;&lt;div class=&quot;footer&quot;&gt;&lt;ul class=&quot;list-inline&quot;&gt;&lt;li class=&quot;list-inline-item&quot;&gt;&amp;copy; Go Rest 2025&lt;/li&gt;&lt;li class=&quot;list-inline-item float-lg-end&quot;&gt;&lt;a href=&quot;/privacy-policy&quot;&gt;Privacy Policy&lt;/a&gt;&lt;/li&gt;&lt;li class=&quot;list-inline-item float-lg-end me-3&quot;&gt;&lt;a href=&quot;/contact-us&quot;&gt;Contact Us&lt;/a&gt;&lt;/li&gt;&lt;/ul&gt;&lt;/div&gt;&lt;/div&gt;&lt;/body&gt;&lt;/html&gt;&#10;classpath:examples/todos/todos.feature:61&#10;match failed: EQUALS&#10;  $ | actual path does not exist (STRING:NULL)&#10;  &apos;#notpresent&apos;&#10;  null&#10;&#10;classpath:examples/user/user.feature:51&#10;status code was: 404, expected: 200, response time in milliseconds: 1298, url: https://gorest.co.in/public/v2/users, response: &#10;&lt;!DOCTYPE html&gt;&lt;html&gt;&lt;head&gt;&lt;meta charset=&quot;utf-8&quot; /&gt;&lt;meta content=&quot;width=device-width, initial-scale=1, shrink-to-fit=no&quot; name=&quot;viewport&quot; /&gt;&lt;link href=&quot;/favicon.ico&quot; rel=&quot;icon&quot; type=&quot;image/x-icon&quot; /&gt;&lt;title&gt;Page Not Found | GO REST&lt;/title&gt;&lt;link rel=&quot;stylesheet&quot; href=&quot;/assets/application-908c2251d58be479b7fb209519b40235fa8b917357737796da9f4462eea8cabe.css&quot; media=&quot;all&quot; data-turbolinks-track=&quot;reload&quot; /&gt;&lt;script src=&quot;/packs/js/application-194ed409298f13f197d2.js&quot; data-turbolinks-track=&quot;reload&quot; defer=&quot;defer&quot;&gt;&lt;/script&gt;&lt;script async=&quot;true&quot; crossorigin=&quot;anonymous&quot; src=&quot;https://pagead2.googlesyndication.com/pagead/js/adsbygoogle.js?client=ca-pub-4400401340006140&quot;&gt;&lt;/script&gt;&lt;/head&gt;&lt;body&gt;&lt;nav class=&quot;navbar navbar-expand-lg navbar-dark bg-dark sticky-top&quot;&gt;&lt;div class=&quot;container&quot;&gt;&lt;a class=&quot;navbar-brand&quot; href=&quot;/&quot;&gt;&lt;i class=&quot;fas fa-exchange-alt&quot;&gt;&lt;/i&gt; Go REST&lt;/a&gt;&lt;button aria-controls=&quot;AppNavBar&quot; aria-expanded=&quot;false&quot; aria-label=&quot;Toggle navigation&quot; class=&quot;navbar-toggler&quot; data-bs-target=&quot;#AppNavBar&quot; data-bs-toggle=&quot;collapse&quot; type=&quot;button&quot;&gt;&lt;span class=&quot;navbar-toggler-icon&quot;&gt;&lt;/span&gt;&lt;/button&gt;&lt;div class=&quot;collapse navbar-collapse&quot; id=&quot;AppNavBar&quot;&gt;&lt;ul class=&quot;navbar-nav ms-auto&quot;&gt;&lt;li class=&quot;nav-item&quot;&gt;&lt;a class=&quot;nav-link&quot; href=&quot;/qa&quot;&gt;&lt;i class=&quot;fas fa-life-ring&quot;&gt;&lt;/i&gt; Help&lt;/a&gt;&lt;/li&gt;&lt;li class=&quot;nav-item&quot;&gt;&lt;a class=&quot;nav-link&quot; href=&quot;/rest-console&quot;&gt;&lt;i class=&quot;fab fa-linux&quot;&gt;&lt;/i&gt; Rest Console&lt;/a&gt;&lt;/li&gt;&lt;li class=&quot;nav-item dropdown&quot;&gt;&lt;a aria-expanded=&quot;false&quot; class=&quot;nav-link dropdown-toggle&quot; data-bs-toggle=&quot;dropdown&quot; href=&quot;#&quot; id=&quot;ToolsDropDown&quot; role=&quot;button&quot;&gt;&lt;i class=&quot;fas fa-tools&quot;&gt;&lt;/i&gt; Tools&lt;/a&gt;&lt;ul aria-labelledby=&quot;ToolsDropDown&quot; class=&quot;dropdown-menu&quot;&gt;&lt;li class=&quot;&quot;&gt;&lt;a class=&quot;dropdown-item&quot; href=&quot;/tools/base64-encode-decode&quot;&gt;Base64 Encode/Decode&lt;/a&gt;&lt;/li&gt;&lt;li class=&quot;&quot;&gt;&lt;a class=&quot;dropdown-item&quot; href=&quot;/tools/url-encode-decode&quot;&gt;Url Encode/Decode&lt;/a&gt;&lt;/li&gt;&lt;li class=&quot;&quot;&gt;&lt;a class=&quot;dropdown-item&quot; href=&quot;/tools/gcode-translator&quot;&gt;G-Code Translator&lt;/a&gt;&lt;/li&gt;&lt;/ul&gt;&lt;/li&gt;&lt;li class=&quot;nav-item&quot;&gt;&lt;a class=&quot;nav-link&quot; href=&quot;/consumer/login&quot;&gt;Login&lt;/a&gt;&lt;/li&gt;&lt;/ul&gt;&lt;/div&gt;&lt;/div&gt;&lt;/nav&gt;&lt;div class=&quot;container pt-3&quot;&gt;&lt;style type=&quot;text/css&quot;&gt;.code-text code {color: #bdbdbd;display: block;}.code-text code b {color: #81a2be;font-weight: 900;}.code-text code em {color: #b294bb;font-style: unset;}.code-text code i {color: #b5bd68;}.code-text code span {color: #f0c674;}&lt;/style&gt;&lt;div class=&quot;card text-white border-secondary bg-dark&quot;&gt;&lt;div class=&quot;card-header&quot;&gt;&lt;h1 class=&quot;card-title text-warning&quot;&gt;&lt;i class=&quot;fas fa-ghost text-white slide-right&quot;&gt;&lt;/i&gt; HTTP: Not Found &lt;/h1&gt;&lt;/div&gt;&lt;div class=&quot;card-body&quot;&gt;&lt;h3 class=&quot;leaad code-text&quot;&gt;&lt;code class=&quot;mb-3&quot;&gt;&lt;span&gt;this_page&lt;/span&gt;.&lt;em&gt;not_found&lt;/em&gt; = true&lt;/code&gt;&lt;/h3&gt;&lt;p class=&quot;lead code-text&quot;&gt;&lt;code class=&quot;mb-2&quot;&gt;&lt;span&gt;if&lt;/span&gt; &lt;b&gt;you_spelt_it_wrong&lt;/b&gt; &lt;br /&gt;&amp;nbsp;&amp;nbsp;&lt;span&gt;try_again&lt;/span&gt;&lt;br /&gt;&lt;/code&gt;&lt;code class=&quot;mb-2&quot;&gt;&lt;span&gt;elsif &lt;b&gt;we_screwed_up&lt;/b&gt;&lt;/span&gt; &lt;br /&gt;&amp;nbsp;&amp;nbsp;&lt;em&gt;print&lt;/em&gt; &lt;i&gt;&quot;We&apos;re really sorry about that.&quot;&lt;/i&gt;&lt;br/&gt;&lt;/code&gt;&lt;code class=&quot;mb-2&quot;&gt;&lt;span&gt;end&lt;/span&gt;&lt;/code&gt;&lt;code class=&quot;mb-2&quot;&gt;&lt;span&gt;redirect_to&lt;/span&gt; &lt;em&gt;home_page&lt;/em&gt;&lt;/code&gt;&lt;/p&gt;&lt;/div&gt;&lt;div class=&quot;card-footer&quot;&gt;&lt;p class=&quot;text-danger&quot;&gt;We are sorry, something went wrong. Please try again later.&lt;/p&gt;&lt;/div&gt;&lt;/div&gt;&lt;/div&gt;&lt;hr class=&quot;mt-5&quot; /&gt;&lt;div class=&quot;container&quot;&gt;&lt;div class=&quot;footer&quot;&gt;&lt;ul class=&quot;list-inline&quot;&gt;&lt;li class=&quot;list-inline-item&quot;&gt;&amp;copy; Go Rest 2025&lt;/li&gt;&lt;li class=&quot;list-inline-item float-lg-end&quot;&gt;&lt;a href=&quot;/privacy-policy&quot;&gt;Privacy Policy&lt;/a&gt;&lt;/li&gt;&lt;li class=&quot;list-inline-item float-lg-end me-3&quot;&gt;&lt;a href=&quot;/contact-us&quot;&gt;Contact Us&lt;/a&gt;&lt;/li&gt;&lt;/ul&gt;&lt;/div&gt;&lt;/div&gt;&lt;/body&gt;&lt;/html&gt;&#10;classpath:examples/user/user.feature:67&#10;status code was: 404, expected: 204, response time in milliseconds: 1303, url: https://gorest.co.in/public/v2/users, response: &#10;&lt;!DOCTYPE html&gt;&lt;html&gt;&lt;head&gt;&lt;meta charset=&quot;utf-8&quot; /&gt;&lt;meta content=&quot;width=device-width, initial-scale=1, shrink-to-fit=no&quot; name=&quot;viewport&quot; /&gt;&lt;link href=&quot;/favicon.ico&quot; rel=&quot;icon&quot; type=&quot;image/x-icon&quot; /&gt;&lt;title&gt;Page Not Found | GO REST&lt;/title&gt;&lt;link rel=&quot;stylesheet&quot; href=&quot;/assets/application-908c2251d58be479b7fb209519b40235fa8b917357737796da9f4462eea8cabe.css&quot; media=&quot;all&quot; data-turbolinks-track=&quot;reload&quot; /&gt;&lt;script src=&quot;/packs/js/application-194ed409298f13f197d2.js&quot; data-turbolinks-track=&quot;reload&quot; defer=&quot;defer&quot;&gt;&lt;/script&gt;&lt;script async=&quot;true&quot; crossorigin=&quot;anonymous&quot; src=&quot;https://pagead2.googlesyndication.com/pagead/js/adsbygoogle.js?client=ca-pub-4400401340006140&quot;&gt;&lt;/script&gt;&lt;/head&gt;&lt;body&gt;&lt;nav class=&quot;navbar navbar-expand-lg navbar-dark bg-dark sticky-top&quot;&gt;&lt;div class=&quot;container&quot;&gt;&lt;a class=&quot;navbar-brand&quot; href=&quot;/&quot;&gt;&lt;i class=&quot;fas fa-exchange-alt&quot;&gt;&lt;/i&gt; Go REST&lt;/a&gt;&lt;button aria-controls=&quot;AppNavBar&quot; aria-expanded=&quot;false&quot; aria-label=&quot;Toggle navigation&quot; class=&quot;navbar-toggler&quot; data-bs-target=&quot;#AppNavBar&quot; data-bs-toggle=&quot;collapse&quot; type=&quot;button&quot;&gt;&lt;span class=&quot;navbar-toggler-icon&quot;&gt;&lt;/span&gt;&lt;/button&gt;&lt;div class=&quot;collapse navbar-collapse&quot; id=&quot;AppNavBar&quot;&gt;&lt;ul class=&quot;navbar-nav ms-auto&quot;&gt;&lt;li class=&quot;nav-item&quot;&gt;&lt;a class=&quot;nav-link&quot; href=&quot;/qa&quot;&gt;&lt;i class=&quot;fas fa-life-ring&quot;&gt;&lt;/i&gt; Help&lt;/a&gt;&lt;/li&gt;&lt;li class=&quot;nav-item&quot;&gt;&lt;a class=&quot;nav-link&quot; href=&quot;/rest-console&quot;&gt;&lt;i class=&quot;fab fa-linux&quot;&gt;&lt;/i&gt; Rest Console&lt;/a&gt;&lt;/li&gt;&lt;li class=&quot;nav-item dropdown&quot;&gt;&lt;a aria-expanded=&quot;false&quot; class=&quot;nav-link dropdown-toggle&quot; data-bs-toggle=&quot;dropdown&quot; href=&quot;#&quot; id=&quot;ToolsDropDown&quot; role=&quot;button&quot;&gt;&lt;i class=&quot;fas fa-tools&quot;&gt;&lt;/i&gt; Tools&lt;/a&gt;&lt;ul aria-labelledby=&quot;ToolsDropDown&quot; class=&quot;dropdown-menu&quot;&gt;&lt;li class=&quot;&quot;&gt;&lt;a class=&quot;dropdown-item&quot; href=&quot;/tools/base64-encode-decode&quot;&gt;Base64 Encode/Decode&lt;/a&gt;&lt;/li&gt;&lt;li class=&quot;&quot;&gt;&lt;a class=&quot;dropdown-item&quot; href=&quot;/tools/url-encode-decode&quot;&gt;Url Encode/Decode&lt;/a&gt;&lt;/li&gt;&lt;li class=&quot;&quot;&gt;&lt;a class=&quot;dropdown-item&quot; href=&quot;/tools/gcode-translator&quot;&gt;G-Code Translator&lt;/a&gt;&lt;/li&gt;&lt;/ul&gt;&lt;/li&gt;&lt;li class=&quot;nav-item&quot;&gt;&lt;a class=&quot;nav-link&quot; href=&quot;/consumer/login&quot;&gt;Login&lt;/a&gt;&lt;/li&gt;&lt;/ul&gt;&lt;/div&gt;&lt;/div&gt;&lt;/nav&gt;&lt;div class=&quot;container pt-3&quot;&gt;&lt;style type=&quot;text/css&quot;&gt;.code-text code {color: #bdbdbd;display: block;}.code-text code b {color: #81a2be;font-weight: 900;}.code-text code em {color: #b294bb;font-style: unset;}.code-text code i {color: #b5bd68;}.code-text code span {color: #f0c674;}&lt;/style&gt;&lt;div class=&quot;card text-white border-secondary bg-dark&quot;&gt;&lt;div class=&quot;card-header&quot;&gt;&lt;h1 class=&quot;card-title text-warning&quot;&gt;&lt;i class=&quot;fas fa-ghost text-white slide-right&quot;&gt;&lt;/i&gt; HTTP: Not Found &lt;/h1&gt;&lt;/div&gt;&lt;div class=&quot;card-body&quot;&gt;&lt;h3 class=&quot;leaad code-text&quot;&gt;&lt;code class=&quot;mb-3&quot;&gt;&lt;span&gt;this_page&lt;/span&gt;.&lt;em&gt;not_found&lt;/em&gt; = true&lt;/code&gt;&lt;/h3&gt;&lt;p class=&quot;lead code-text&quot;&gt;&lt;code class=&quot;mb-2&quot;&gt;&lt;span&gt;if&lt;/span&gt; &lt;b&gt;you_spelt_it_wrong&lt;/b&gt; &lt;br /&gt;&amp;nbsp;&amp;nbsp;&lt;span&gt;try_again&lt;/span&gt;&lt;br /&gt;&lt;/code&gt;&lt;code class=&quot;mb-2&quot;&gt;&lt;span&gt;elsif &lt;b&gt;we_screwed_up&lt;/b&gt;&lt;/span&gt; &lt;br /&gt;&amp;nbsp;&amp;nbsp;&lt;em&gt;print&lt;/em&gt; &lt;i&gt;&quot;We&apos;re really sorry about that.&quot;&lt;/i&gt;&lt;br/&gt;&lt;/code&gt;&lt;code class=&quot;mb-2&quot;&gt;&lt;span&gt;end&lt;/span&gt;&lt;/code&gt;&lt;code class=&quot;mb-2&quot;&gt;&lt;span&gt;redirect_to&lt;/span&gt; &lt;em&gt;home_page&lt;/em&gt;&lt;/code&gt;&lt;/p&gt;&lt;/div&gt;&lt;div class=&quot;card-footer&quot;&gt;&lt;p class=&quot;text-danger&quot;&gt;We are sorry, something went wrong. Please try again later.&lt;/p&gt;&lt;/div&gt;&lt;/div&gt;&lt;/div&gt;&lt;hr class=&quot;mt-5&quot; /&gt;&lt;div class=&quot;container&quot;&gt;&lt;div class=&quot;footer&quot;&gt;&lt;ul class=&quot;list-inline&quot;&gt;&lt;li class=&quot;list-inline-item&quot;&gt;&amp;copy; Go Rest 2025&lt;/li&gt;&lt;li class=&quot;list-inline-item float-lg-end&quot;&gt;&lt;a href=&quot;/privacy-policy&quot;&gt;Privacy Policy&lt;/a&gt;&lt;/li&gt;&lt;li class=&quot;list-inline-item float-lg-end me-3&quot;&gt;&lt;a href=&quot;/contact-us&quot;&gt;Contact Us&lt;/a&gt;&lt;/li&gt;&lt;/ul&gt;&lt;/div&gt;&lt;/div&gt;&lt;/body&gt;&lt;/html&gt;&#10;classpath:examples/user/user.feature:74&#10;invalid variable name: examples.user&#10;classpath:examples/users/users.feature:19 ==&gt; expected: &lt;0&gt; but was: &lt;13&gt;" type="org.opentest4j.AssertionFailedError"><![CDATA[org.opentest4j.AssertionFailedError: 
status code was: 404, expected: 201, response time in milliseconds: 1632, url: https://gorest.co.in/public/v2/posts/comments, response: 
<!DOCTYPE html><html><head><meta charset="utf-8" /><meta content="width=device-width, initial-scale=1, shrink-to-fit=no" name="viewport" /><link href="/favicon.ico" rel="icon" type="image/x-icon" /><title>Page Not Found | GO REST</title><link rel="stylesheet" href="/assets/application-908c2251d58be479b7fb209519b40235fa8b917357737796da9f4462eea8cabe.css" media="all" data-turbolinks-track="reload" /><script src="/packs/js/application-194ed409298f13f197d2.js" data-turbolinks-track="reload" defer="defer"></script><script async="true" crossorigin="anonymous" src="https://pagead2.googlesyndication.com/pagead/js/adsbygoogle.js?client=ca-pub-4400401340006140"></script></head><body><nav class="navbar navbar-expand-lg navbar-dark bg-dark sticky-top"><div class="container"><a class="navbar-brand" href="/"><i class="fas fa-exchange-alt"></i> Go REST</a><button aria-controls="AppNavBar" aria-expanded="false" aria-label="Toggle navigation" class="navbar-toggler" data-bs-target="#AppNavBar" data-bs-toggle="collapse" type="button"><span class="navbar-toggler-icon"></span></button><div class="collapse navbar-collapse" id="AppNavBar"><ul class="navbar-nav ms-auto"><li class="nav-item"><a class="nav-link" href="/qa"><i class="fas fa-life-ring"></i> Help</a></li><li class="nav-item"><a class="nav-link" href="/rest-console"><i class="fab fa-linux"></i> Rest Console</a></li><li class="nav-item dropdown"><a aria-expanded="false" class="nav-link dropdown-toggle" data-bs-toggle="dropdown" href="#" id="ToolsDropDown" role="button"><i class="fas fa-tools"></i> Tools</a><ul aria-labelledby="ToolsDropDown" class="dropdown-menu"><li class=""><a class="dropdown-item" href="/tools/base64-encode-decode">Base64 Encode/Decode</a></li><li class=""><a class="dropdown-item" href="/tools/url-encode-decode">Url Encode/Decode</a></li><li class=""><a class="dropdown-item" href="/tools/gcode-translator">G-Code Translator</a></li></ul></li><li class="nav-item"><a class="nav-link" href="/consumer/login">Login</a></li></ul></div></div></nav><div class="container pt-3"><style type="text/css">.code-text code {color: #bdbdbd;display: block;}.code-text code b {color: #81a2be;font-weight: 900;}.code-text code em {color: #b294bb;font-style: unset;}.code-text code i {color: #b5bd68;}.code-text code span {color: #f0c674;}</style><div class="card text-white border-secondary bg-dark"><div class="card-header"><h1 class="card-title text-warning"><i class="fas fa-ghost text-white slide-right"></i> HTTP: Not Found </h1></div><div class="card-body"><h3 class="leaad code-text"><code class="mb-3"><span>this_page</span>.<em>not_found</em> = true</code></h3><p class="lead code-text"><code class="mb-2"><span>if</span> <b>you_spelt_it_wrong</b> <br />&nbsp;&nbsp;<span>try_again</span><br /></code><code class="mb-2"><span>elsif <b>we_screwed_up</b></span> <br />&nbsp;&nbsp;<em>print</em> <i>"We're really sorry about that."</i><br/></code><code class="mb-2"><span>end</span></code><code class="mb-2"><span>redirect_to</span> <em>home_page</em></code></p></div><div class="card-footer"><p class="text-danger">We are sorry, something went wrong. Please try again later.</p></div></div></div><hr class="mt-5" /><div class="container"><div class="footer"><ul class="list-inline"><li class="list-inline-item">&copy; Go Rest 2025</li><li class="list-inline-item float-lg-end"><a href="/privacy-policy">Privacy Policy</a></li><li class="list-inline-item float-lg-end me-3"><a href="/contact-us">Contact Us</a></li></ul></div></div></body></html>
classpath:examples/comments/comments.feature:22
status code was: 404, expected: 200, response time in milliseconds: 1632, url: https://gorest.co.in/public/v2/comments, response: 
<!DOCTYPE html><html><head><meta charset="utf-8" /><meta content="width=device-width, initial-scale=1, shrink-to-fit=no" name="viewport" /><link href="/favicon.ico" rel="icon" type="image/x-icon" /><title>Page Not Found | GO REST</title><link rel="stylesheet" href="/assets/application-908c2251d58be479b7fb209519b40235fa8b917357737796da9f4462eea8cabe.css" media="all" data-turbolinks-track="reload" /><script src="/packs/js/application-194ed409298f13f197d2.js" data-turbolinks-track="reload" defer="defer"></script><script async="true" crossorigin="anonymous" src="https://pagead2.googlesyndication.com/pagead/js/adsbygoogle.js?client=ca-pub-4400401340006140"></script></head><body><nav class="navbar navbar-expand-lg navbar-dark bg-dark sticky-top"><div class="container"><a class="navbar-brand" href="/"><i class="fas fa-exchange-alt"></i> Go REST</a><button aria-controls="AppNavBar" aria-expanded="false" aria-label="Toggle navigation" class="navbar-toggler" data-bs-target="#AppNavBar" data-bs-toggle="collapse" type="button"><span class="navbar-toggler-icon"></span></button><div class="collapse navbar-collapse" id="AppNavBar"><ul class="navbar-nav ms-auto"><li class="nav-item"><a class="nav-link" href="/qa"><i class="fas fa-life-ring"></i> Help</a></li><li class="nav-item"><a class="nav-link" href="/rest-console"><i class="fab fa-linux"></i> Rest Console</a></li><li class="nav-item dropdown"><a aria-expanded="false" class="nav-link dropdown-toggle" data-bs-toggle="dropdown" href="#" id="ToolsDropDown" role="button"><i class="fas fa-tools"></i> Tools</a><ul aria-labelledby="ToolsDropDown" class="dropdown-menu"><li class=""><a class="dropdown-item" href="/tools/base64-encode-decode">Base64 Encode/Decode</a></li><li class=""><a class="dropdown-item" href="/tools/url-encode-decode">Url Encode/Decode</a></li><li class=""><a class="dropdown-item" href="/tools/gcode-translator">G-Code Translator</a></li></ul></li><li class="nav-item"><a class="nav-link" href="/consumer/login">Login</a></li></ul></div></div></nav><div class="container pt-3"><style type="text/css">.code-text code {color: #bdbdbd;display: block;}.code-text code b {color: #81a2be;font-weight: 900;}.code-text code em {color: #b294bb;font-style: unset;}.code-text code i {color: #b5bd68;}.code-text code span {color: #f0c674;}</style><div class="card text-white border-secondary bg-dark"><div class="card-header"><h1 class="card-title text-warning"><i class="fas fa-ghost text-white slide-right"></i> HTTP: Not Found </h1></div><div class="card-body"><h3 class="leaad code-text"><code class="mb-3"><span>this_page</span>.<em>not_found</em> = true</code></h3><p class="lead code-text"><code class="mb-2"><span>if</span> <b>you_spelt_it_wrong</b> <br />&nbsp;&nbsp;<span>try_again</span><br /></code><code class="mb-2"><span>elsif <b>we_screwed_up</b></span> <br />&nbsp;&nbsp;<em>print</em> <i>"We're really sorry about that."</i><br/></code><code class="mb-2"><span>end</span></code><code class="mb-2"><span>redirect_to</span> <em>home_page</em></code></p></div><div class="card-footer"><p class="text-danger">We are sorry, something went wrong. Please try again later.</p></div></div></div><hr class="mt-5" /><div class="container"><div class="footer"><ul class="list-inline"><li class="list-inline-item">&copy; Go Rest 2025</li><li class="list-inline-item float-lg-end"><a href="/privacy-policy">Privacy Policy</a></li><li class="list-inline-item float-lg-end me-3"><a href="/contact-us">Contact Us</a></li></ul></div></div></body></html>
classpath:examples/comments/comments.feature:48
status code was: 404, expected: 204, response time in milliseconds: 1657, url: https://gorest.co.in/public/v2/comments, response: 
<!DOCTYPE html><html><head><meta charset="utf-8" /><meta content="width=device-width, initial-scale=1, shrink-to-fit=no" name="viewport" /><link href="/favicon.ico" rel="icon" type="image/x-icon" /><title>Page Not Found | GO REST</title><link rel="stylesheet" href="/assets/application-908c2251d58be479b7fb209519b40235fa8b917357737796da9f4462eea8cabe.css" media="all" data-turbolinks-track="reload" /><script src="/packs/js/application-194ed409298f13f197d2.js" data-turbolinks-track="reload" defer="defer"></script><script async="true" crossorigin="anonymous" src="https://pagead2.googlesyndication.com/pagead/js/adsbygoogle.js?client=ca-pub-4400401340006140"></script></head><body><nav class="navbar navbar-expand-lg navbar-dark bg-dark sticky-top"><div class="container"><a class="navbar-brand" href="/"><i class="fas fa-exchange-alt"></i> Go REST</a><button aria-controls="AppNavBar" aria-expanded="false" aria-label="Toggle navigation" class="navbar-toggler" data-bs-target="#AppNavBar" data-bs-toggle="collapse" type="button"><span class="navbar-toggler-icon"></span></button><div class="collapse navbar-collapse" id="AppNavBar"><ul class="navbar-nav ms-auto"><li class="nav-item"><a class="nav-link" href="/qa"><i class="fas fa-life-ring"></i> Help</a></li><li class="nav-item"><a class="nav-link" href="/rest-console"><i class="fab fa-linux"></i> Rest Console</a></li><li class="nav-item dropdown"><a aria-expanded="false" class="nav-link dropdown-toggle" data-bs-toggle="dropdown" href="#" id="ToolsDropDown" role="button"><i class="fas fa-tools"></i> Tools</a><ul aria-labelledby="ToolsDropDown" class="dropdown-menu"><li class=""><a class="dropdown-item" href="/tools/base64-encode-decode">Base64 Encode/Decode</a></li><li class=""><a class="dropdown-item" href="/tools/url-encode-decode">Url Encode/Decode</a></li><li class=""><a class="dropdown-item" href="/tools/gcode-translator">G-Code Translator</a></li></ul></li><li class="nav-item"><a class="nav-link" href="/consumer/login">Login</a></li></ul></div></div></nav><div class="container pt-3"><style type="text/css">.code-text code {color: #bdbdbd;display: block;}.code-text code b {color: #81a2be;font-weight: 900;}.code-text code em {color: #b294bb;font-style: unset;}.code-text code i {color: #b5bd68;}.code-text code span {color: #f0c674;}</style><div class="card text-white border-secondary bg-dark"><div class="card-header"><h1 class="card-title text-warning"><i class="fas fa-ghost text-white slide-right"></i> HTTP: Not Found </h1></div><div class="card-body"><h3 class="leaad code-text"><code class="mb-3"><span>this_page</span>.<em>not_found</em> = true</code></h3><p class="lead code-text"><code class="mb-2"><span>if</span> <b>you_spelt_it_wrong</b> <br />&nbsp;&nbsp;<span>try_again</span><br /></code><code class="mb-2"><span>elsif <b>we_screwed_up</b></span> <br />&nbsp;&nbsp;<em>print</em> <i>"We're really sorry about that."</i><br/></code><code class="mb-2"><span>end</span></code><code class="mb-2"><span>redirect_to</span> <em>home_page</em></code></p></div><div class="card-footer"><p class="text-danger">We are sorry, something went wrong. Please try again later.</p></div></div></div><hr class="mt-5" /><div class="container"><div class="footer"><ul class="list-inline"><li class="list-inline-item">&copy; Go Rest 2025</li><li class="list-inline-item float-lg-end"><a href="/privacy-policy">Privacy Policy</a></li><li class="list-inline-item float-lg-end me-3"><a href="/contact-us">Contact Us</a></li></ul></div></div></body></html>
classpath:examples/comments/comments.feature:55
status code was: 404, expected: 201, response time in milliseconds: 1291, url: https://gorest.co.in/public/v2/users/posts, response: 
<!DOCTYPE html><html><head><meta charset="utf-8" /><meta content="width=device-width, initial-scale=1, shrink-to-fit=no" name="viewport" /><link href="/favicon.ico" rel="icon" type="image/x-icon" /><title>Page Not Found | GO REST</title><link rel="stylesheet" href="/assets/application-908c2251d58be479b7fb209519b40235fa8b917357737796da9f4462eea8cabe.css" media="all" data-turbolinks-track="reload" /><script src="/packs/js/application-194ed409298f13f197d2.js" data-turbolinks-track="reload" defer="defer"></script><script async="true" crossorigin="anonymous" src="https://pagead2.googlesyndication.com/pagead/js/adsbygoogle.js?client=ca-pub-4400401340006140"></script></head><body><nav class="navbar navbar-expand-lg navbar-dark bg-dark sticky-top"><div class="container"><a class="navbar-brand" href="/"><i class="fas fa-exchange-alt"></i> Go REST</a><button aria-controls="AppNavBar" aria-expanded="false" aria-label="Toggle navigation" class="navbar-toggler" data-bs-target="#AppNavBar" data-bs-toggle="collapse" type="button"><span class="navbar-toggler-icon"></span></button><div class="collapse navbar-collapse" id="AppNavBar"><ul class="navbar-nav ms-auto"><li class="nav-item"><a class="nav-link" href="/qa"><i class="fas fa-life-ring"></i> Help</a></li><li class="nav-item"><a class="nav-link" href="/rest-console"><i class="fab fa-linux"></i> Rest Console</a></li><li class="nav-item dropdown"><a aria-expanded="false" class="nav-link dropdown-toggle" data-bs-toggle="dropdown" href="#" id="ToolsDropDown" role="button"><i class="fas fa-tools"></i> Tools</a><ul aria-labelledby="ToolsDropDown" class="dropdown-menu"><li class=""><a class="dropdown-item" href="/tools/base64-encode-decode">Base64 Encode/Decode</a></li><li class=""><a class="dropdown-item" href="/tools/url-encode-decode">Url Encode/Decode</a></li><li class=""><a class="dropdown-item" href="/tools/gcode-translator">G-Code Translator</a></li></ul></li><li class="nav-item"><a class="nav-link" href="/consumer/login">Login</a></li></ul></div></div></nav><div class="container pt-3"><style type="text/css">.code-text code {color: #bdbdbd;display: block;}.code-text code b {color: #81a2be;font-weight: 900;}.code-text code em {color: #b294bb;font-style: unset;}.code-text code i {color: #b5bd68;}.code-text code span {color: #f0c674;}</style><div class="card text-white border-secondary bg-dark"><div class="card-header"><h1 class="card-title text-warning"><i class="fas fa-ghost text-white slide-right"></i> HTTP: Not Found </h1></div><div class="card-body"><h3 class="leaad code-text"><code class="mb-3"><span>this_page</span>.<em>not_found</em> = true</code></h3><p class="lead code-text"><code class="mb-2"><span>if</span> <b>you_spelt_it_wrong</b> <br />&nbsp;&nbsp;<span>try_again</span><br /></code><code class="mb-2"><span>elsif <b>we_screwed_up</b></span> <br />&nbsp;&nbsp;<em>print</em> <i>"We're really sorry about that."</i><br/></code><code class="mb-2"><span>end</span></code><code class="mb-2"><span>redirect_to</span> <em>home_page</em></code></p></div><div class="card-footer"><p class="text-danger">We are sorry, something went wrong. Please try again later.</p></div></div></div><hr class="mt-5" /><div class="container"><div class="footer"><ul class="list-inline"><li class="list-inline-item">&copy; Go Rest 2025</li><li class="list-inline-item float-lg-end"><a href="/privacy-policy">Privacy Policy</a></li><li class="list-inline-item float-lg-end me-3"><a href="/contact-us">Contact Us</a></li></ul></div></div></body></html>
classpath:examples/posts/posts.feature:27
status code was: 404, expected: 200, response time in milliseconds: 1298, url: https://gorest.co.in/public/v2/posts, response: 
<!DOCTYPE html><html><head><meta charset="utf-8" /><meta content="width=device-width, initial-scale=1, shrink-to-fit=no" name="viewport" /><link href="/favicon.ico" rel="icon" type="image/x-icon" /><title>Page Not Found | GO REST</title><link rel="stylesheet" href="/assets/application-908c2251d58be479b7fb209519b40235fa8b917357737796da9f4462eea8cabe.css" media="all" data-turbolinks-track="reload" /><script src="/packs/js/application-194ed409298f13f197d2.js" data-turbolinks-track="reload" defer="defer"></script><script async="true" crossorigin="anonymous" src="https://pagead2.googlesyndication.com/pagead/js/adsbygoogle.js?client=ca-pub-4400401340006140"></script></head><body><nav class="navbar navbar-expand-lg navbar-dark bg-dark sticky-top"><div class="container"><a class="navbar-brand" href="/"><i class="fas fa-exchange-alt"></i> Go REST</a><button aria-controls="AppNavBar" aria-expanded="false" aria-label="Toggle navigation" class="navbar-toggler" data-bs-target="#AppNavBar" data-bs-toggle="collapse" type="button"><span class="navbar-toggler-icon"></span></button><div class="collapse navbar-collapse" id="AppNavBar"><ul class="navbar-nav ms-auto"><li class="nav-item"><a class="nav-link" href="/qa"><i class="fas fa-life-ring"></i> Help</a></li><li class="nav-item"><a class="nav-link" href="/rest-console"><i class="fab fa-linux"></i> Rest Console</a></li><li class="nav-item dropdown"><a aria-expanded="false" class="nav-link dropdown-toggle" data-bs-toggle="dropdown" href="#" id="ToolsDropDown" role="button"><i class="fas fa-tools"></i> Tools</a><ul aria-labelledby="ToolsDropDown" class="dropdown-menu"><li class=""><a class="dropdown-item" href="/tools/base64-encode-decode">Base64 Encode/Decode</a></li><li class=""><a class="dropdown-item" href="/tools/url-encode-decode">Url Encode/Decode</a></li><li class=""><a class="dropdown-item" href="/tools/gcode-translator">G-Code Translator</a></li></ul></li><li class="nav-item"><a class="nav-link" href="/consumer/login">Login</a></li></ul></div></div></nav><div class="container pt-3"><style type="text/css">.code-text code {color: #bdbdbd;display: block;}.code-text code b {color: #81a2be;font-weight: 900;}.code-text code em {color: #b294bb;font-style: unset;}.code-text code i {color: #b5bd68;}.code-text code span {color: #f0c674;}</style><div class="card text-white border-secondary bg-dark"><div class="card-header"><h1 class="card-title text-warning"><i class="fas fa-ghost text-white slide-right"></i> HTTP: Not Found </h1></div><div class="card-body"><h3 class="leaad code-text"><code class="mb-3"><span>this_page</span>.<em>not_found</em> = true</code></h3><p class="lead code-text"><code class="mb-2"><span>if</span> <b>you_spelt_it_wrong</b> <br />&nbsp;&nbsp;<span>try_again</span><br /></code><code class="mb-2"><span>elsif <b>we_screwed_up</b></span> <br />&nbsp;&nbsp;<em>print</em> <i>"We're really sorry about that."</i><br/></code><code class="mb-2"><span>end</span></code><code class="mb-2"><span>redirect_to</span> <em>home_page</em></code></p></div><div class="card-footer"><p class="text-danger">We are sorry, something went wrong. Please try again later.</p></div></div></div><hr class="mt-5" /><div class="container"><div class="footer"><ul class="list-inline"><li class="list-inline-item">&copy; Go Rest 2025</li><li class="list-inline-item float-lg-end"><a href="/privacy-policy">Privacy Policy</a></li><li class="list-inline-item float-lg-end me-3"><a href="/contact-us">Contact Us</a></li></ul></div></div></body></html>
classpath:examples/posts/posts.feature:50
status code was: 404, expected: 204, response time in milliseconds: 1307, url: https://gorest.co.in/public/v2/posts, response: 
<!DOCTYPE html><html><head><meta charset="utf-8" /><meta content="width=device-width, initial-scale=1, shrink-to-fit=no" name="viewport" /><link href="/favicon.ico" rel="icon" type="image/x-icon" /><title>Page Not Found | GO REST</title><link rel="stylesheet" href="/assets/application-908c2251d58be479b7fb209519b40235fa8b917357737796da9f4462eea8cabe.css" media="all" data-turbolinks-track="reload" /><script src="/packs/js/application-194ed409298f13f197d2.js" data-turbolinks-track="reload" defer="defer"></script><script async="true" crossorigin="anonymous" src="https://pagead2.googlesyndication.com/pagead/js/adsbygoogle.js?client=ca-pub-4400401340006140"></script></head><body><nav class="navbar navbar-expand-lg navbar-dark bg-dark sticky-top"><div class="container"><a class="navbar-brand" href="/"><i class="fas fa-exchange-alt"></i> Go REST</a><button aria-controls="AppNavBar" aria-expanded="false" aria-label="Toggle navigation" class="navbar-toggler" data-bs-target="#AppNavBar" data-bs-toggle="collapse" type="button"><span class="navbar-toggler-icon"></span></button><div class="collapse navbar-collapse" id="AppNavBar"><ul class="navbar-nav ms-auto"><li class="nav-item"><a class="nav-link" href="/qa"><i class="fas fa-life-ring"></i> Help</a></li><li class="nav-item"><a class="nav-link" href="/rest-console"><i class="fab fa-linux"></i> Rest Console</a></li><li class="nav-item dropdown"><a aria-expanded="false" class="nav-link dropdown-toggle" data-bs-toggle="dropdown" href="#" id="ToolsDropDown" role="button"><i class="fas fa-tools"></i> Tools</a><ul aria-labelledby="ToolsDropDown" class="dropdown-menu"><li class=""><a class="dropdown-item" href="/tools/base64-encode-decode">Base64 Encode/Decode</a></li><li class=""><a class="dropdown-item" href="/tools/url-encode-decode">Url Encode/Decode</a></li><li class=""><a class="dropdown-item" href="/tools/gcode-translator">G-Code Translator</a></li></ul></li><li class="nav-item"><a class="nav-link" href="/consumer/login">Login</a></li></ul></div></div></nav><div class="container pt-3"><style type="text/css">.code-text code {color: #bdbdbd;display: block;}.code-text code b {color: #81a2be;font-weight: 900;}.code-text code em {color: #b294bb;font-style: unset;}.code-text code i {color: #b5bd68;}.code-text code span {color: #f0c674;}</style><div class="card text-white border-secondary bg-dark"><div class="card-header"><h1 class="card-title text-warning"><i class="fas fa-ghost text-white slide-right"></i> HTTP: Not Found </h1></div><div class="card-body"><h3 class="leaad code-text"><code class="mb-3"><span>this_page</span>.<em>not_found</em> = true</code></h3><p class="lead code-text"><code class="mb-2"><span>if</span> <b>you_spelt_it_wrong</b> <br />&nbsp;&nbsp;<span>try_again</span><br /></code><code class="mb-2"><span>elsif <b>we_screwed_up</b></span> <br />&nbsp;&nbsp;<em>print</em> <i>"We're really sorry about that."</i><br/></code><code class="mb-2"><span>end</span></code><code class="mb-2"><span>redirect_to</span> <em>home_page</em></code></p></div><div class="card-footer"><p class="text-danger">We are sorry, something went wrong. Please try again later.</p></div></div></div><hr class="mt-5" /><div class="container"><div class="footer"><ul class="list-inline"><li class="list-inline-item">&copy; Go Rest 2025</li><li class="list-inline-item float-lg-end"><a href="/privacy-policy">Privacy Policy</a></li><li class="list-inline-item float-lg-end me-3"><a href="/contact-us">Contact Us</a></li></ul></div></div></body></html>
classpath:examples/posts/posts.feature:57
status code was: 404, expected: 201, response time in milliseconds: 1339, url: https://gorest.co.in/public/v2/users/todos, response: 
<!DOCTYPE html><html><head><meta charset="utf-8" /><meta content="width=device-width, initial-scale=1, shrink-to-fit=no" name="viewport" /><link href="/favicon.ico" rel="icon" type="image/x-icon" /><title>Page Not Found | GO REST</title><link rel="stylesheet" href="/assets/application-908c2251d58be479b7fb209519b40235fa8b917357737796da9f4462eea8cabe.css" media="all" data-turbolinks-track="reload" /><script src="/packs/js/application-194ed409298f13f197d2.js" data-turbolinks-track="reload" defer="defer"></script><script async="true" crossorigin="anonymous" src="https://pagead2.googlesyndication.com/pagead/js/adsbygoogle.js?client=ca-pub-4400401340006140"></script></head><body><nav class="navbar navbar-expand-lg navbar-dark bg-dark sticky-top"><div class="container"><a class="navbar-brand" href="/"><i class="fas fa-exchange-alt"></i> Go REST</a><button aria-controls="AppNavBar" aria-expanded="false" aria-label="Toggle navigation" class="navbar-toggler" data-bs-target="#AppNavBar" data-bs-toggle="collapse" type="button"><span class="navbar-toggler-icon"></span></button><div class="collapse navbar-collapse" id="AppNavBar"><ul class="navbar-nav ms-auto"><li class="nav-item"><a class="nav-link" href="/qa"><i class="fas fa-life-ring"></i> Help</a></li><li class="nav-item"><a class="nav-link" href="/rest-console"><i class="fab fa-linux"></i> Rest Console</a></li><li class="nav-item dropdown"><a aria-expanded="false" class="nav-link dropdown-toggle" data-bs-toggle="dropdown" href="#" id="ToolsDropDown" role="button"><i class="fas fa-tools"></i> Tools</a><ul aria-labelledby="ToolsDropDown" class="dropdown-menu"><li class=""><a class="dropdown-item" href="/tools/base64-encode-decode">Base64 Encode/Decode</a></li><li class=""><a class="dropdown-item" href="/tools/url-encode-decode">Url Encode/Decode</a></li><li class=""><a class="dropdown-item" href="/tools/gcode-translator">G-Code Translator</a></li></ul></li><li class="nav-item"><a class="nav-link" href="/consumer/login">Login</a></li></ul></div></div></nav><div class="container pt-3"><style type="text/css">.code-text code {color: #bdbdbd;display: block;}.code-text code b {color: #81a2be;font-weight: 900;}.code-text code em {color: #b294bb;font-style: unset;}.code-text code i {color: #b5bd68;}.code-text code span {color: #f0c674;}</style><div class="card text-white border-secondary bg-dark"><div class="card-header"><h1 class="card-title text-warning"><i class="fas fa-ghost text-white slide-right"></i> HTTP: Not Found </h1></div><div class="card-body"><h3 class="leaad code-text"><code class="mb-3"><span>this_page</span>.<em>not_found</em> = true</code></h3><p class="lead code-text"><code class="mb-2"><span>if</span> <b>you_spelt_it_wrong</b> <br />&nbsp;&nbsp;<span>try_again</span><br /></code><code class="mb-2"><span>elsif <b>we_screwed_up</b></span> <br />&nbsp;&nbsp;<em>print</em> <i>"We're really sorry about that."</i><br/></code><code class="mb-2"><span>end</span></code><code class="mb-2"><span>redirect_to</span> <em>home_page</em></code></p></div><div class="card-footer"><p class="text-danger">We are sorry, something went wrong. Please try again later.</p></div></div></div><hr class="mt-5" /><div class="container"><div class="footer"><ul class="list-inline"><li class="list-inline-item">&copy; Go Rest 2025</li><li class="list-inline-item float-lg-end"><a href="/privacy-policy">Privacy Policy</a></li><li class="list-inline-item float-lg-end me-3"><a href="/contact-us">Contact Us</a></li></ul></div></div></body></html>
classpath:examples/todos/todos.feature:22
status code was: 404, expected: 200, response time in milliseconds: 1330, url: https://gorest.co.in/public/v2/todos, response: 
<!DOCTYPE html><html><head><meta charset="utf-8" /><meta content="width=device-width, initial-scale=1, shrink-to-fit=no" name="viewport" /><link href="/favicon.ico" rel="icon" type="image/x-icon" /><title>Page Not Found | GO REST</title><link rel="stylesheet" href="/assets/application-908c2251d58be479b7fb209519b40235fa8b917357737796da9f4462eea8cabe.css" media="all" data-turbolinks-track="reload" /><script src="/packs/js/application-194ed409298f13f197d2.js" data-turbolinks-track="reload" defer="defer"></script><script async="true" crossorigin="anonymous" src="https://pagead2.googlesyndication.com/pagead/js/adsbygoogle.js?client=ca-pub-4400401340006140"></script></head><body><nav class="navbar navbar-expand-lg navbar-dark bg-dark sticky-top"><div class="container"><a class="navbar-brand" href="/"><i class="fas fa-exchange-alt"></i> Go REST</a><button aria-controls="AppNavBar" aria-expanded="false" aria-label="Toggle navigation" class="navbar-toggler" data-bs-target="#AppNavBar" data-bs-toggle="collapse" type="button"><span class="navbar-toggler-icon"></span></button><div class="collapse navbar-collapse" id="AppNavBar"><ul class="navbar-nav ms-auto"><li class="nav-item"><a class="nav-link" href="/qa"><i class="fas fa-life-ring"></i> Help</a></li><li class="nav-item"><a class="nav-link" href="/rest-console"><i class="fab fa-linux"></i> Rest Console</a></li><li class="nav-item dropdown"><a aria-expanded="false" class="nav-link dropdown-toggle" data-bs-toggle="dropdown" href="#" id="ToolsDropDown" role="button"><i class="fas fa-tools"></i> Tools</a><ul aria-labelledby="ToolsDropDown" class="dropdown-menu"><li class=""><a class="dropdown-item" href="/tools/base64-encode-decode">Base64 Encode/Decode</a></li><li class=""><a class="dropdown-item" href="/tools/url-encode-decode">Url Encode/Decode</a></li><li class=""><a class="dropdown-item" href="/tools/gcode-translator">G-Code Translator</a></li></ul></li><li class="nav-item"><a class="nav-link" href="/consumer/login">Login</a></li></ul></div></div></nav><div class="container pt-3"><style type="text/css">.code-text code {color: #bdbdbd;display: block;}.code-text code b {color: #81a2be;font-weight: 900;}.code-text code em {color: #b294bb;font-style: unset;}.code-text code i {color: #b5bd68;}.code-text code span {color: #f0c674;}</style><div class="card text-white border-secondary bg-dark"><div class="card-header"><h1 class="card-title text-warning"><i class="fas fa-ghost text-white slide-right"></i> HTTP: Not Found </h1></div><div class="card-body"><h3 class="leaad code-text"><code class="mb-3"><span>this_page</span>.<em>not_found</em> = true</code></h3><p class="lead code-text"><code class="mb-2"><span>if</span> <b>you_spelt_it_wrong</b> <br />&nbsp;&nbsp;<span>try_again</span><br /></code><code class="mb-2"><span>elsif <b>we_screwed_up</b></span> <br />&nbsp;&nbsp;<em>print</em> <i>"We're really sorry about that."</i><br/></code><code class="mb-2"><span>end</span></code><code class="mb-2"><span>redirect_to</span> <em>home_page</em></code></p></div><div class="card-footer"><p class="text-danger">We are sorry, something went wrong. Please try again later.</p></div></div></div><hr class="mt-5" /><div class="container"><div class="footer"><ul class="list-inline"><li class="list-inline-item">&copy; Go Rest 2025</li><li class="list-inline-item float-lg-end"><a href="/privacy-policy">Privacy Policy</a></li><li class="list-inline-item float-lg-end me-3"><a href="/contact-us">Contact Us</a></li></ul></div></div></body></html>
classpath:examples/todos/todos.feature:54
status code was: 404, expected: 204, response time in milliseconds: 1313, url: https://gorest.co.in/public/v2/todos, response: 
<!DOCTYPE html><html><head><meta charset="utf-8" /><meta content="width=device-width, initial-scale=1, shrink-to-fit=no" name="viewport" /><link href="/favicon.ico" rel="icon" type="image/x-icon" /><title>Page Not Found | GO REST</title><link rel="stylesheet" href="/assets/application-908c2251d58be479b7fb209519b40235fa8b917357737796da9f4462eea8cabe.css" media="all" data-turbolinks-track="reload" /><script src="/packs/js/application-194ed409298f13f197d2.js" data-turbolinks-track="reload" defer="defer"></script><script async="true" crossorigin="anonymous" src="https://pagead2.googlesyndication.com/pagead/js/adsbygoogle.js?client=ca-pub-4400401340006140"></script></head><body><nav class="navbar navbar-expand-lg navbar-dark bg-dark sticky-top"><div class="container"><a class="navbar-brand" href="/"><i class="fas fa-exchange-alt"></i> Go REST</a><button aria-controls="AppNavBar" aria-expanded="false" aria-label="Toggle navigation" class="navbar-toggler" data-bs-target="#AppNavBar" data-bs-toggle="collapse" type="button"><span class="navbar-toggler-icon"></span></button><div class="collapse navbar-collapse" id="AppNavBar"><ul class="navbar-nav ms-auto"><li class="nav-item"><a class="nav-link" href="/qa"><i class="fas fa-life-ring"></i> Help</a></li><li class="nav-item"><a class="nav-link" href="/rest-console"><i class="fab fa-linux"></i> Rest Console</a></li><li class="nav-item dropdown"><a aria-expanded="false" class="nav-link dropdown-toggle" data-bs-toggle="dropdown" href="#" id="ToolsDropDown" role="button"><i class="fas fa-tools"></i> Tools</a><ul aria-labelledby="ToolsDropDown" class="dropdown-menu"><li class=""><a class="dropdown-item" href="/tools/base64-encode-decode">Base64 Encode/Decode</a></li><li class=""><a class="dropdown-item" href="/tools/url-encode-decode">Url Encode/Decode</a></li><li class=""><a class="dropdown-item" href="/tools/gcode-translator">G-Code Translator</a></li></ul></li><li class="nav-item"><a class="nav-link" href="/consumer/login">Login</a></li></ul></div></div></nav><div class="container pt-3"><style type="text/css">.code-text code {color: #bdbdbd;display: block;}.code-text code b {color: #81a2be;font-weight: 900;}.code-text code em {color: #b294bb;font-style: unset;}.code-text code i {color: #b5bd68;}.code-text code span {color: #f0c674;}</style><div class="card text-white border-secondary bg-dark"><div class="card-header"><h1 class="card-title text-warning"><i class="fas fa-ghost text-white slide-right"></i> HTTP: Not Found </h1></div><div class="card-body"><h3 class="leaad code-text"><code class="mb-3"><span>this_page</span>.<em>not_found</em> = true</code></h3><p class="lead code-text"><code class="mb-2"><span>if</span> <b>you_spelt_it_wrong</b> <br />&nbsp;&nbsp;<span>try_again</span><br /></code><code class="mb-2"><span>elsif <b>we_screwed_up</b></span> <br />&nbsp;&nbsp;<em>print</em> <i>"We're really sorry about that."</i><br/></code><code class="mb-2"><span>end</span></code><code class="mb-2"><span>redirect_to</span> <em>home_page</em></code></p></div><div class="card-footer"><p class="text-danger">We are sorry, something went wrong. Please try again later.</p></div></div></div><hr class="mt-5" /><div class="container"><div class="footer"><ul class="list-inline"><li class="list-inline-item">&copy; Go Rest 2025</li><li class="list-inline-item float-lg-end"><a href="/privacy-policy">Privacy Policy</a></li><li class="list-inline-item float-lg-end me-3"><a href="/contact-us">Contact Us</a></li></ul></div></div></body></html>
classpath:examples/todos/todos.feature:61
match failed: EQUALS
  $ | actual path does not exist (STRING:NULL)
  '#notpresent'
  null

classpath:examples/user/user.feature:51
status code was: 404, expected: 200, response time in milliseconds: 1298, url: https://gorest.co.in/public/v2/users, response: 
<!DOCTYPE html><html><head><meta charset="utf-8" /><meta content="width=device-width, initial-scale=1, shrink-to-fit=no" name="viewport" /><link href="/favicon.ico" rel="icon" type="image/x-icon" /><title>Page Not Found | GO REST</title><link rel="stylesheet" href="/assets/application-908c2251d58be479b7fb209519b40235fa8b917357737796da9f4462eea8cabe.css" media="all" data-turbolinks-track="reload" /><script src="/packs/js/application-194ed409298f13f197d2.js" data-turbolinks-track="reload" defer="defer"></script><script async="true" crossorigin="anonymous" src="https://pagead2.googlesyndication.com/pagead/js/adsbygoogle.js?client=ca-pub-4400401340006140"></script></head><body><nav class="navbar navbar-expand-lg navbar-dark bg-dark sticky-top"><div class="container"><a class="navbar-brand" href="/"><i class="fas fa-exchange-alt"></i> Go REST</a><button aria-controls="AppNavBar" aria-expanded="false" aria-label="Toggle navigation" class="navbar-toggler" data-bs-target="#AppNavBar" data-bs-toggle="collapse" type="button"><span class="navbar-toggler-icon"></span></button><div class="collapse navbar-collapse" id="AppNavBar"><ul class="navbar-nav ms-auto"><li class="nav-item"><a class="nav-link" href="/qa"><i class="fas fa-life-ring"></i> Help</a></li><li class="nav-item"><a class="nav-link" href="/rest-console"><i class="fab fa-linux"></i> Rest Console</a></li><li class="nav-item dropdown"><a aria-expanded="false" class="nav-link dropdown-toggle" data-bs-toggle="dropdown" href="#" id="ToolsDropDown" role="button"><i class="fas fa-tools"></i> Tools</a><ul aria-labelledby="ToolsDropDown" class="dropdown-menu"><li class=""><a class="dropdown-item" href="/tools/base64-encode-decode">Base64 Encode/Decode</a></li><li class=""><a class="dropdown-item" href="/tools/url-encode-decode">Url Encode/Decode</a></li><li class=""><a class="dropdown-item" href="/tools/gcode-translator">G-Code Translator</a></li></ul></li><li class="nav-item"><a class="nav-link" href="/consumer/login">Login</a></li></ul></div></div></nav><div class="container pt-3"><style type="text/css">.code-text code {color: #bdbdbd;display: block;}.code-text code b {color: #81a2be;font-weight: 900;}.code-text code em {color: #b294bb;font-style: unset;}.code-text code i {color: #b5bd68;}.code-text code span {color: #f0c674;}</style><div class="card text-white border-secondary bg-dark"><div class="card-header"><h1 class="card-title text-warning"><i class="fas fa-ghost text-white slide-right"></i> HTTP: Not Found </h1></div><div class="card-body"><h3 class="leaad code-text"><code class="mb-3"><span>this_page</span>.<em>not_found</em> = true</code></h3><p class="lead code-text"><code class="mb-2"><span>if</span> <b>you_spelt_it_wrong</b> <br />&nbsp;&nbsp;<span>try_again</span><br /></code><code class="mb-2"><span>elsif <b>we_screwed_up</b></span> <br />&nbsp;&nbsp;<em>print</em> <i>"We're really sorry about that."</i><br/></code><code class="mb-2"><span>end</span></code><code class="mb-2"><span>redirect_to</span> <em>home_page</em></code></p></div><div class="card-footer"><p class="text-danger">We are sorry, something went wrong. Please try again later.</p></div></div></div><hr class="mt-5" /><div class="container"><div class="footer"><ul class="list-inline"><li class="list-inline-item">&copy; Go Rest 2025</li><li class="list-inline-item float-lg-end"><a href="/privacy-policy">Privacy Policy</a></li><li class="list-inline-item float-lg-end me-3"><a href="/contact-us">Contact Us</a></li></ul></div></div></body></html>
classpath:examples/user/user.feature:67
status code was: 404, expected: 204, response time in milliseconds: 1303, url: https://gorest.co.in/public/v2/users, response: 
<!DOCTYPE html><html><head><meta charset="utf-8" /><meta content="width=device-width, initial-scale=1, shrink-to-fit=no" name="viewport" /><link href="/favicon.ico" rel="icon" type="image/x-icon" /><title>Page Not Found | GO REST</title><link rel="stylesheet" href="/assets/application-908c2251d58be479b7fb209519b40235fa8b917357737796da9f4462eea8cabe.css" media="all" data-turbolinks-track="reload" /><script src="/packs/js/application-194ed409298f13f197d2.js" data-turbolinks-track="reload" defer="defer"></script><script async="true" crossorigin="anonymous" src="https://pagead2.googlesyndication.com/pagead/js/adsbygoogle.js?client=ca-pub-4400401340006140"></script></head><body><nav class="navbar navbar-expand-lg navbar-dark bg-dark sticky-top"><div class="container"><a class="navbar-brand" href="/"><i class="fas fa-exchange-alt"></i> Go REST</a><button aria-controls="AppNavBar" aria-expanded="false" aria-label="Toggle navigation" class="navbar-toggler" data-bs-target="#AppNavBar" data-bs-toggle="collapse" type="button"><span class="navbar-toggler-icon"></span></button><div class="collapse navbar-collapse" id="AppNavBar"><ul class="navbar-nav ms-auto"><li class="nav-item"><a class="nav-link" href="/qa"><i class="fas fa-life-ring"></i> Help</a></li><li class="nav-item"><a class="nav-link" href="/rest-console"><i class="fab fa-linux"></i> Rest Console</a></li><li class="nav-item dropdown"><a aria-expanded="false" class="nav-link dropdown-toggle" data-bs-toggle="dropdown" href="#" id="ToolsDropDown" role="button"><i class="fas fa-tools"></i> Tools</a><ul aria-labelledby="ToolsDropDown" class="dropdown-menu"><li class=""><a class="dropdown-item" href="/tools/base64-encode-decode">Base64 Encode/Decode</a></li><li class=""><a class="dropdown-item" href="/tools/url-encode-decode">Url Encode/Decode</a></li><li class=""><a class="dropdown-item" href="/tools/gcode-translator">G-Code Translator</a></li></ul></li><li class="nav-item"><a class="nav-link" href="/consumer/login">Login</a></li></ul></div></div></nav><div class="container pt-3"><style type="text/css">.code-text code {color: #bdbdbd;display: block;}.code-text code b {color: #81a2be;font-weight: 900;}.code-text code em {color: #b294bb;font-style: unset;}.code-text code i {color: #b5bd68;}.code-text code span {color: #f0c674;}</style><div class="card text-white border-secondary bg-dark"><div class="card-header"><h1 class="card-title text-warning"><i class="fas fa-ghost text-white slide-right"></i> HTTP: Not Found </h1></div><div class="card-body"><h3 class="leaad code-text"><code class="mb-3"><span>this_page</span>.<em>not_found</em> = true</code></h3><p class="lead code-text"><code class="mb-2"><span>if</span> <b>you_spelt_it_wrong</b> <br />&nbsp;&nbsp;<span>try_again</span><br /></code><code class="mb-2"><span>elsif <b>we_screwed_up</b></span> <br />&nbsp;&nbsp;<em>print</em> <i>"We're really sorry about that."</i><br/></code><code class="mb-2"><span>end</span></code><code class="mb-2"><span>redirect_to</span> <em>home_page</em></code></p></div><div class="card-footer"><p class="text-danger">We are sorry, something went wrong. Please try again later.</p></div></div></div><hr class="mt-5" /><div class="container"><div class="footer"><ul class="list-inline"><li class="list-inline-item">&copy; Go Rest 2025</li><li class="list-inline-item float-lg-end"><a href="/privacy-policy">Privacy Policy</a></li><li class="list-inline-item float-lg-end me-3"><a href="/contact-us">Contact Us</a></li></ul></div></div></body></html>
classpath:examples/user/user.feature:74
invalid variable name: examples.user
classpath:examples/users/users.feature:19 ==> expected: <0> but was: <13>
	at org.junit.jupiter.api.AssertionFailureBuilder.build(AssertionFailureBuilder.java:151)
	at org.junit.jupiter.api.AssertionFailureBuilder.buildAndThrow(AssertionFailureBuilder.java:132)
	at org.junit.jupiter.api.AssertEquals.failNotEqual(AssertEquals.java:197)
	at org.junit.jupiter.api.AssertEquals.assertEquals(AssertEquals.java:150)
	at org.junit.jupiter.api.Assertions.assertEquals(Assertions.java:563)
	at examples.ExamplesTest.testParallel(ExamplesTest.java:15)
	at java.base/java.lang.reflect.Method.invoke(Method.java:565)
	at java.base/java.util.ArrayList.forEach(ArrayList.java:1604)
	at java.base/java.util.ArrayList.forEach(ArrayList.java:1604)
]]></failure>
    <system-out><![CDATA[23:52:56.515 [main] DEBUG com.intuit.karate.Suite - [config] classpath:karate-config.js
23:52:56.524 [main] INFO  com.intuit.karate.Suite - backed up existing 'target\karate-reports' dir to: target\karate-reports_1756353176521
23:52:56.531 [main] DEBUG com.intuit.karate.Suite - waiting for 5 features to complete
23:52:58.056 [pool-2-thread-1] INFO  com.intuit.karate - karate.env system property was: null 
23:52:58.056 [pool-2-thread-4] INFO  com.intuit.karate - karate.env system property was: null 
23:52:58.056 [pool-2-thread-3] INFO  com.intuit.karate - karate.env system property was: null 
23:52:58.056 [pool-2-thread-5] INFO  com.intuit.karate - karate.env system property was: null 
23:52:58.056 [pool-2-thread-2] INFO  com.intuit.karate - karate.env system property was: null 
23:52:58.552 [pool-2-thread-2] DEBUG c.intuit.karate.core.ScenarioEngine - over-writing existing variable 'postId' with new value: karate.get('postId')
23:52:58.552 [pool-2-thread-4] DEBUG c.intuit.karate.core.ScenarioEngine - over-writing existing variable 'postId' with new value: karate.get('postId')
23:52:58.552 [pool-2-thread-5] DEBUG c.intuit.karate.core.ScenarioEngine - over-writing existing variable 'userId' with new value: karate.get('userId')
23:52:58.552 [pool-2-thread-1] DEBUG c.intuit.karate.core.ScenarioEngine - over-writing existing variable 'postId' with new value: karate.get('postId')
23:52:58.552 [pool-2-thread-3] DEBUG c.intuit.karate.core.ScenarioEngine - over-writing existing variable 'postId' with new value: karate.get('postId')
23:52:58.720 [pool-2-thread-5] DEBUG com.intuit.karate - request:
1 > GET https://gorest.co.in/public/v2/posts
1 > Accept: application/json
1 > Content-Type: application/json
1 > Authorization: Bearer e582c281c7b7462e01a3a05be8f93aaa4b40dda654ceb0126ba3f538b43da610
1 > Host: gorest.co.in
1 > Connection: Keep-Alive
1 > User-Agent: Apache-HttpClient/4.5.14 (Java/24.0.1)
1 > Accept-Encoding: gzip,deflate


23:52:58.720 [pool-2-thread-4] DEBUG com.intuit.karate - request:
1 > DELETE https://gorest.co.in/public/v2/comments
1 > Accept: application/json
1 > Content-Type: application/json
1 > Authorization: Bearer e582c281c7b7462e01a3a05be8f93aaa4b40dda654ceb0126ba3f538b43da610
1 > Host: gorest.co.in
1 > Connection: Keep-Alive
1 > User-Agent: Apache-HttpClient/4.5.14 (Java/24.0.1)
1 > Accept-Encoding: gzip,deflate


23:52:58.720 [pool-2-thread-2] DEBUG com.intuit.karate - request:
1 > GET https://gorest.co.in/public/v2/comments
1 > Accept: application/json
1 > Content-Type: application/json
1 > Authorization: Bearer e582c281c7b7462e01a3a05be8f93aaa4b40dda654ceb0126ba3f538b43da610
1 > Host: gorest.co.in
1 > Connection: Keep-Alive
1 > User-Agent: Apache-HttpClient/4.5.14 (Java/24.0.1)
1 > Accept-Encoding: gzip,deflate


23:52:58.745 [pool-2-thread-1] DEBUG com.intuit.karate - request:
1 > POST https://gorest.co.in/public/v2/posts/comments
1 > Accept: application/json
1 > Content-Type: application/json; charset=UTF-8
1 > Authorization: Bearer e582c281c7b7462e01a3a05be8f93aaa4b40dda654ceb0126ba3f538b43da610
1 > Content-Length: 101
1 > Host: gorest.co.in
1 > Connection: Keep-Alive
1 > User-Agent: Apache-HttpClient/4.5.14 (Java/24.0.1)
1 > Accept-Encoding: gzip,deflate
{"name":"Juan Carlos","email":"juancarlos1756353178064@test.com","body":"Comment text 1756353178064"}

23:52:58.745 [pool-2-thread-3] DEBUG com.intuit.karate - request:
1 > PATCH https://gorest.co.in/public/v2/comments
1 > Accept: application/json
1 > Content-Type: application/json; charset=UTF-8
1 > Authorization: Bearer e582c281c7b7462e01a3a05be8f93aaa4b40dda654ceb0126ba3f538b43da610
1 > Content-Length: 37
1 > Host: gorest.co.in
1 > Connection: Keep-Alive
1 > User-Agent: Apache-HttpClient/4.5.14 (Java/24.0.1)
1 > Accept-Encoding: gzip,deflate
{"body":"Comment text 1756353178064"}

23:53:00.380 [pool-2-thread-3] DEBUG com.intuit.karate - response time in milliseconds: 1632
1 < 404
1 < Date: Thu, 28 Aug 2025 03:52:59 GMT
1 < Content-Type: text/html; charset=utf-8
1 < Transfer-Encoding: chunked
1 < Connection: keep-alive
1 < Cache-Control: no-cache
1 < Feature-Policy: camera 'none'; gyroscope 'none'; microphone 'none'; usb 'none'; fullscreen 'self'
1 < Link: </assets/application-908c2251d58be479b7fb209519b40235fa8b917357737796da9f4462eea8cabe.css>; rel=preload; as=style; nopush
1 < Referrer-Policy: strict-origin-when-cross-origin
1 < Vary: Origin
1 < X-Content-Type-Options: nosniff
1 < X-Download-Options: noopen
1 < X-Frame-Options: SAMEORIGIN
1 < X-Permitted-Cross-Domain-Policies: none
1 < X-Request-Id: a66aae1d-b840-4f88-866e-abb31dafff26
1 < X-Runtime: 0.004238
1 < X-Xss-Protection: 0
1 < Cf-Cache-Status: DYNAMIC
1 < Nel: {"report_to":"cf-nel","success_fraction":0.0,"max_age":604800}
1 < Report-To: {"group":"cf-nel","max_age":604800,"endpoints":[{"url":"https://a.nel.cloudflare.com/report/v4?s=dxDMfUSb71Q7%2FmsRVHaub%2B%2BPb6jYScYiwaWWP3hO9VutQlWIYC6NGj%2FUFboyv4D1IsSgcAuJchamUlv4JpfWNP%2FJJv4I8jRNhLaGQQ%3D%3D"}]}
1 < Server: cloudflare
1 < CF-RAY: 9760dbe62b9201a3-GRU
1 < alt-svc: h3=":443"; ma=86400
<!DOCTYPE html><html><head><meta charset="utf-8" /><meta content="width=device-width, initial-scale=1, shrink-to-fit=no" name="viewport" /><link href="/favicon.ico" rel="icon" type="image/x-icon" /><title>Page Not Found | GO REST</title><link rel="stylesheet" href="/assets/application-908c2251d58be479b7fb209519b40235fa8b917357737796da9f4462eea8cabe.css" media="all" data-turbolinks-track="reload" /><script src="/packs/js/application-194ed409298f13f197d2.js" data-turbolinks-track="reload" defer="defer"></script><script async="true" crossorigin="anonymous" src="https://pagead2.googlesyndication.com/pagead/js/adsbygoogle.js?client=ca-pub-4400401340006140"></script></head><body><nav class="navbar navbar-expand-lg navbar-dark bg-dark sticky-top"><div class="container"><a class="navbar-brand" href="/"><i class="fas fa-exchange-alt"></i> Go REST</a><button aria-controls="AppNavBar" aria-expanded="false" aria-label="Toggle navigation" class="navbar-toggler" data-bs-target="#AppNavBar" data-bs-toggle="collapse" type="button"><span class="navbar-toggler-icon"></span></button><div class="collapse navbar-collapse" id="AppNavBar"><ul class="navbar-nav ms-auto"><li class="nav-item"><a class="nav-link" href="/qa"><i class="fas fa-life-ring"></i> Help</a></li><li class="nav-item"><a class="nav-link" href="/rest-console"><i class="fab fa-linux"></i> Rest Console</a></li><li class="nav-item dropdown"><a aria-expanded="false" class="nav-link dropdown-toggle" data-bs-toggle="dropdown" href="#" id="ToolsDropDown" role="button"><i class="fas fa-tools"></i> Tools</a><ul aria-labelledby="ToolsDropDown" class="dropdown-menu"><li class=""><a class="dropdown-item" href="/tools/base64-encode-decode">Base64 Encode/Decode</a></li><li class=""><a class="dropdown-item" href="/tools/url-encode-decode">Url Encode/Decode</a></li><li class=""><a class="dropdown-item" href="/tools/gcode-translator">G-Code Translator</a></li></ul></li><li class="nav-item"><a class="nav-link" href="/consumer/login">Login</a></li></ul></div></div></nav><div class="container pt-3"><style type="text/css">.code-text code {color: #bdbdbd;display: block;}.code-text code b {color: #81a2be;font-weight: 900;}.code-text code em {color: #b294bb;font-style: unset;}.code-text code i {color: #b5bd68;}.code-text code span {color: #f0c674;}</style><div class="card text-white border-secondary bg-dark"><div class="card-header"><h1 class="card-title text-warning"><i class="fas fa-ghost text-white slide-right"></i> HTTP: Not Found </h1></div><div class="card-body"><h3 class="leaad code-text"><code class="mb-3"><span>this_page</span>.<em>not_found</em> = true</code></h3><p class="lead code-text"><code class="mb-2"><span>if</span> <b>you_spelt_it_wrong</b> <br />&nbsp;&nbsp;<span>try_again</span><br /></code><code class="mb-2"><span>elsif <b>we_screwed_up</b></span> <br />&nbsp;&nbsp;<em>print</em> <i>"We're really sorry about that."</i><br/></code><code class="mb-2"><span>end</span></code><code class="mb-2"><span>redirect_to</span> <em>home_page</em></code></p></div><div class="card-footer"><p class="text-danger">We are sorry, something went wrong. Please try again later.</p></div></div></div><hr class="mt-5" /><div class="container"><div class="footer"><ul class="list-inline"><li class="list-inline-item">&copy; Go Rest 2025</li><li class="list-inline-item float-lg-end"><a href="/privacy-policy">Privacy Policy</a></li><li class="list-inline-item float-lg-end me-3"><a href="/contact-us">Contact Us</a></li></ul></div></div></body></html>

23:53:00.381 [pool-2-thread-4] DEBUG com.intuit.karate - response time in milliseconds: 1657
1 < 404
1 < Date: Thu, 28 Aug 2025 03:52:59 GMT
1 < Content-Type: text/html; charset=utf-8
1 < Transfer-Encoding: chunked
1 < Connection: keep-alive
1 < Cache-Control: no-cache
1 < feature-policy: camera 'none'; gyroscope 'none'; microphone 'none'; usb 'none'; fullscreen 'self'
1 < link: </assets/application-908c2251d58be479b7fb209519b40235fa8b917357737796da9f4462eea8cabe.css>; rel=preload; as=style; nopush
1 < referrer-policy: strict-origin-when-cross-origin
1 < vary: Origin
1 < x-content-type-options: nosniff
1 < x-download-options: noopen
1 < x-frame-options: SAMEORIGIN
1 < x-permitted-cross-domain-policies: none
1 < x-request-id: 63d765c1-b9ab-494a-b06a-3f0258cb69d2
1 < x-runtime: 0.004849
1 < x-xss-protection: 0
1 < cf-cache-status: DYNAMIC
1 < Nel: {"report_to":"cf-nel","success_fraction":0.0,"max_age":604800}
1 < Report-To: {"group":"cf-nel","max_age":604800,"endpoints":[{"url":"https://a.nel.cloudflare.com/report/v4?s=BrtGcXva8alOrNzebS%2FVhFgxKEI6PMCfvt6vUhJgEKgvnTnEbFos8uNFplGHG1gp9yq6SsqsntpLkTEHcPP42ck1ntAWlQiglrYgOA%3D%3D"}]}
1 < Server: cloudflare
1 < CF-RAY: 9760dbe62e731b15-GRU
1 < alt-svc: h3=":443"; ma=86400
<!DOCTYPE html><html><head><meta charset="utf-8" /><meta content="width=device-width, initial-scale=1, shrink-to-fit=no" name="viewport" /><link href="/favicon.ico" rel="icon" type="image/x-icon" /><title>Page Not Found | GO REST</title><link rel="stylesheet" href="/assets/application-908c2251d58be479b7fb209519b40235fa8b917357737796da9f4462eea8cabe.css" media="all" data-turbolinks-track="reload" /><script src="/packs/js/application-194ed409298f13f197d2.js" data-turbolinks-track="reload" defer="defer"></script><script async="true" crossorigin="anonymous" src="https://pagead2.googlesyndication.com/pagead/js/adsbygoogle.js?client=ca-pub-4400401340006140"></script></head><body><nav class="navbar navbar-expand-lg navbar-dark bg-dark sticky-top"><div class="container"><a class="navbar-brand" href="/"><i class="fas fa-exchange-alt"></i> Go REST</a><button aria-controls="AppNavBar" aria-expanded="false" aria-label="Toggle navigation" class="navbar-toggler" data-bs-target="#AppNavBar" data-bs-toggle="collapse" type="button"><span class="navbar-toggler-icon"></span></button><div class="collapse navbar-collapse" id="AppNavBar"><ul class="navbar-nav ms-auto"><li class="nav-item"><a class="nav-link" href="/qa"><i class="fas fa-life-ring"></i> Help</a></li><li class="nav-item"><a class="nav-link" href="/rest-console"><i class="fab fa-linux"></i> Rest Console</a></li><li class="nav-item dropdown"><a aria-expanded="false" class="nav-link dropdown-toggle" data-bs-toggle="dropdown" href="#" id="ToolsDropDown" role="button"><i class="fas fa-tools"></i> Tools</a><ul aria-labelledby="ToolsDropDown" class="dropdown-menu"><li class=""><a class="dropdown-item" href="/tools/base64-encode-decode">Base64 Encode/Decode</a></li><li class=""><a class="dropdown-item" href="/tools/url-encode-decode">Url Encode/Decode</a></li><li class=""><a class="dropdown-item" href="/tools/gcode-translator">G-Code Translator</a></li></ul></li><li class="nav-item"><a class="nav-link" href="/consumer/login">Login</a></li></ul></div></div></nav><div class="container pt-3"><style type="text/css">.code-text code {color: #bdbdbd;display: block;}.code-text code b {color: #81a2be;font-weight: 900;}.code-text code em {color: #b294bb;font-style: unset;}.code-text code i {color: #b5bd68;}.code-text code span {color: #f0c674;}</style><div class="card text-white border-secondary bg-dark"><div class="card-header"><h1 class="card-title text-warning"><i class="fas fa-ghost text-white slide-right"></i> HTTP: Not Found </h1></div><div class="card-body"><h3 class="leaad code-text"><code class="mb-3"><span>this_page</span>.<em>not_found</em> = true</code></h3><p class="lead code-text"><code class="mb-2"><span>if</span> <b>you_spelt_it_wrong</b> <br />&nbsp;&nbsp;<span>try_again</span><br /></code><code class="mb-2"><span>elsif <b>we_screwed_up</b></span> <br />&nbsp;&nbsp;<em>print</em> <i>"We're really sorry about that."</i><br/></code><code class="mb-2"><span>end</span></code><code class="mb-2"><span>redirect_to</span> <em>home_page</em></code></p></div><div class="card-footer"><p class="text-danger">We are sorry, something went wrong. Please try again later.</p></div></div></div><hr class="mt-5" /><div class="container"><div class="footer"><ul class="list-inline"><li class="list-inline-item">&copy; Go Rest 2025</li><li class="list-inline-item float-lg-end"><a href="/privacy-policy">Privacy Policy</a></li><li class="list-inline-item float-lg-end me-3"><a href="/contact-us">Contact Us</a></li></ul></div></div></body></html>

23:53:00.381 [pool-2-thread-1] DEBUG com.intuit.karate - response time in milliseconds: 1632
1 < 404
1 < Date: Thu, 28 Aug 2025 03:52:59 GMT
1 < Content-Type: text/html; charset=utf-8
1 < Transfer-Encoding: chunked
1 < Connection: keep-alive
1 < Cache-Control: no-cache
1 < feature-policy: camera 'none'; gyroscope 'none'; microphone 'none'; usb 'none'; fullscreen 'self'
1 < link: </assets/application-908c2251d58be479b7fb209519b40235fa8b917357737796da9f4462eea8cabe.css>; rel=preload; as=style; nopush
1 < referrer-policy: strict-origin-when-cross-origin
1 < vary: Origin
1 < x-content-type-options: nosniff
1 < x-download-options: noopen
1 < x-frame-options: SAMEORIGIN
1 < x-permitted-cross-domain-policies: none
1 < x-request-id: e03813eb-6c46-441c-a6c4-bfd982c20d31
1 < x-runtime: 0.006273
1 < x-xss-protection: 0
1 < cf-cache-status: DYNAMIC
1 < Nel: {"report_to":"cf-nel","success_fraction":0.0,"max_age":604800}
1 < Report-To: {"group":"cf-nel","max_age":604800,"endpoints":[{"url":"https://a.nel.cloudflare.com/report/v4?s=BRtI9pRbA7Jiup8ql9YzSygHtLdZ%2FOLHWDVtIsXNAPJUuFiy%2Fwty0VQhMXcXff4c8C7vxRiV74daqmHhejZeo5sGjkpoV%2B%2BzYE5nlw%3D%3D"}]}
1 < Server: cloudflare
1 < CF-RAY: 9760dbe62ab16231-GRU
1 < alt-svc: h3=":443"; ma=86400
<!DOCTYPE html><html><head><meta charset="utf-8" /><meta content="width=device-width, initial-scale=1, shrink-to-fit=no" name="viewport" /><link href="/favicon.ico" rel="icon" type="image/x-icon" /><title>Page Not Found | GO REST</title><link rel="stylesheet" href="/assets/application-908c2251d58be479b7fb209519b40235fa8b917357737796da9f4462eea8cabe.css" media="all" data-turbolinks-track="reload" /><script src="/packs/js/application-194ed409298f13f197d2.js" data-turbolinks-track="reload" defer="defer"></script><script async="true" crossorigin="anonymous" src="https://pagead2.googlesyndication.com/pagead/js/adsbygoogle.js?client=ca-pub-4400401340006140"></script></head><body><nav class="navbar navbar-expand-lg navbar-dark bg-dark sticky-top"><div class="container"><a class="navbar-brand" href="/"><i class="fas fa-exchange-alt"></i> Go REST</a><button aria-controls="AppNavBar" aria-expanded="false" aria-label="Toggle navigation" class="navbar-toggler" data-bs-target="#AppNavBar" data-bs-toggle="collapse" type="button"><span class="navbar-toggler-icon"></span></button><div class="collapse navbar-collapse" id="AppNavBar"><ul class="navbar-nav ms-auto"><li class="nav-item"><a class="nav-link" href="/qa"><i class="fas fa-life-ring"></i> Help</a></li><li class="nav-item"><a class="nav-link" href="/rest-console"><i class="fab fa-linux"></i> Rest Console</a></li><li class="nav-item dropdown"><a aria-expanded="false" class="nav-link dropdown-toggle" data-bs-toggle="dropdown" href="#" id="ToolsDropDown" role="button"><i class="fas fa-tools"></i> Tools</a><ul aria-labelledby="ToolsDropDown" class="dropdown-menu"><li class=""><a class="dropdown-item" href="/tools/base64-encode-decode">Base64 Encode/Decode</a></li><li class=""><a class="dropdown-item" href="/tools/url-encode-decode">Url Encode/Decode</a></li><li class=""><a class="dropdown-item" href="/tools/gcode-translator">G-Code Translator</a></li></ul></li><li class="nav-item"><a class="nav-link" href="/consumer/login">Login</a></li></ul></div></div></nav><div class="container pt-3"><style type="text/css">.code-text code {color: #bdbdbd;display: block;}.code-text code b {color: #81a2be;font-weight: 900;}.code-text code em {color: #b294bb;font-style: unset;}.code-text code i {color: #b5bd68;}.code-text code span {color: #f0c674;}</style><div class="card text-white border-secondary bg-dark"><div class="card-header"><h1 class="card-title text-warning"><i class="fas fa-ghost text-white slide-right"></i> HTTP: Not Found </h1></div><div class="card-body"><h3 class="leaad code-text"><code class="mb-3"><span>this_page</span>.<em>not_found</em> = true</code></h3><p class="lead code-text"><code class="mb-2"><span>if</span> <b>you_spelt_it_wrong</b> <br />&nbsp;&nbsp;<span>try_again</span><br /></code><code class="mb-2"><span>elsif <b>we_screwed_up</b></span> <br />&nbsp;&nbsp;<em>print</em> <i>"We're really sorry about that."</i><br/></code><code class="mb-2"><span>end</span></code><code class="mb-2"><span>redirect_to</span> <em>home_page</em></code></p></div><div class="card-footer"><p class="text-danger">We are sorry, something went wrong. Please try again later.</p></div></div></div><hr class="mt-5" /><div class="container"><div class="footer"><ul class="list-inline"><li class="list-inline-item">&copy; Go Rest 2025</li><li class="list-inline-item float-lg-end"><a href="/privacy-policy">Privacy Policy</a></li><li class="list-inline-item float-lg-end me-3"><a href="/contact-us">Contact Us</a></li></ul></div></div></body></html>

23:53:00.391 [pool-2-thread-4] ERROR com.intuit.karate - classpath:examples/comments/comments.feature:55
Then status 204
status code was: 404, expected: 204, response time in milliseconds: 1657, url: https://gorest.co.in/public/v2/comments, response: 
<!DOCTYPE html><html><head><meta charset="utf-8" /><meta content="width=device-width, initial-scale=1, shrink-to-fit=no" name="viewport" /><link href="/favicon.ico" rel="icon" type="image/x-icon" /><title>Page Not Found | GO REST</title><link rel="stylesheet" href="/assets/application-908c2251d58be479b7fb209519b40235fa8b917357737796da9f4462eea8cabe.css" media="all" data-turbolinks-track="reload" /><script src="/packs/js/application-194ed409298f13f197d2.js" data-turbolinks-track="reload" defer="defer"></script><script async="true" crossorigin="anonymous" src="https://pagead2.googlesyndication.com/pagead/js/adsbygoogle.js?client=ca-pub-4400401340006140"></script></head><body><nav class="navbar navbar-expand-lg navbar-dark bg-dark sticky-top"><div class="container"><a class="navbar-brand" href="/"><i class="fas fa-exchange-alt"></i> Go REST</a><button aria-controls="AppNavBar" aria-expanded="false" aria-label="Toggle navigation" class="navbar-toggler" data-bs-target="#AppNavBar" data-bs-toggle="collapse" type="button"><span class="navbar-toggler-icon"></span></button><div class="collapse navbar-collapse" id="AppNavBar"><ul class="navbar-nav ms-auto"><li class="nav-item"><a class="nav-link" href="/qa"><i class="fas fa-life-ring"></i> Help</a></li><li class="nav-item"><a class="nav-link" href="/rest-console"><i class="fab fa-linux"></i> Rest Console</a></li><li class="nav-item dropdown"><a aria-expanded="false" class="nav-link dropdown-toggle" data-bs-toggle="dropdown" href="#" id="ToolsDropDown" role="button"><i class="fas fa-tools"></i> Tools</a><ul aria-labelledby="ToolsDropDown" class="dropdown-menu"><li class=""><a class="dropdown-item" href="/tools/base64-encode-decode">Base64 Encode/Decode</a></li><li class=""><a class="dropdown-item" href="/tools/url-encode-decode">Url Encode/Decode</a></li><li class=""><a class="dropdown-item" href="/tools/gcode-translator">G-Code Translator</a></li></ul></li><li class="nav-item"><a class="nav-link" href="/consumer/login">Login</a></li></ul></div></div></nav><div class="container pt-3"><style type="text/css">.code-text code {color: #bdbdbd;display: block;}.code-text code b {color: #81a2be;font-weight: 900;}.code-text code em {color: #b294bb;font-style: unset;}.code-text code i {color: #b5bd68;}.code-text code span {color: #f0c674;}</style><div class="card text-white border-secondary bg-dark"><div class="card-header"><h1 class="card-title text-warning"><i class="fas fa-ghost text-white slide-right"></i> HTTP: Not Found </h1></div><div class="card-body"><h3 class="leaad code-text"><code class="mb-3"><span>this_page</span>.<em>not_found</em> = true</code></h3><p class="lead code-text"><code class="mb-2"><span>if</span> <b>you_spelt_it_wrong</b> <br />&nbsp;&nbsp;<span>try_again</span><br /></code><code class="mb-2"><span>elsif <b>we_screwed_up</b></span> <br />&nbsp;&nbsp;<em>print</em> <i>"We're really sorry about that."</i><br/></code><code class="mb-2"><span>end</span></code><code class="mb-2"><span>redirect_to</span> <em>home_page</em></code></p></div><div class="card-footer"><p class="text-danger">We are sorry, something went wrong. Please try again later.</p></div></div></div><hr class="mt-5" /><div class="container"><div class="footer"><ul class="list-inline"><li class="list-inline-item">&copy; Go Rest 2025</li><li class="list-inline-item float-lg-end"><a href="/privacy-policy">Privacy Policy</a></li><li class="list-inline-item float-lg-end me-3"><a href="/contact-us">Contact Us</a></li></ul></div></div></body></html>
classpath:examples/comments/comments.feature:55
23:53:00.391 [pool-2-thread-1] ERROR com.intuit.karate - classpath:examples/comments/comments.feature:22
Then status 201
status code was: 404, expected: 201, response time in milliseconds: 1632, url: https://gorest.co.in/public/v2/posts/comments, response: 
<!DOCTYPE html><html><head><meta charset="utf-8" /><meta content="width=device-width, initial-scale=1, shrink-to-fit=no" name="viewport" /><link href="/favicon.ico" rel="icon" type="image/x-icon" /><title>Page Not Found | GO REST</title><link rel="stylesheet" href="/assets/application-908c2251d58be479b7fb209519b40235fa8b917357737796da9f4462eea8cabe.css" media="all" data-turbolinks-track="reload" /><script src="/packs/js/application-194ed409298f13f197d2.js" data-turbolinks-track="reload" defer="defer"></script><script async="true" crossorigin="anonymous" src="https://pagead2.googlesyndication.com/pagead/js/adsbygoogle.js?client=ca-pub-4400401340006140"></script></head><body><nav class="navbar navbar-expand-lg navbar-dark bg-dark sticky-top"><div class="container"><a class="navbar-brand" href="/"><i class="fas fa-exchange-alt"></i> Go REST</a><button aria-controls="AppNavBar" aria-expanded="false" aria-label="Toggle navigation" class="navbar-toggler" data-bs-target="#AppNavBar" data-bs-toggle="collapse" type="button"><span class="navbar-toggler-icon"></span></button><div class="collapse navbar-collapse" id="AppNavBar"><ul class="navbar-nav ms-auto"><li class="nav-item"><a class="nav-link" href="/qa"><i class="fas fa-life-ring"></i> Help</a></li><li class="nav-item"><a class="nav-link" href="/rest-console"><i class="fab fa-linux"></i> Rest Console</a></li><li class="nav-item dropdown"><a aria-expanded="false" class="nav-link dropdown-toggle" data-bs-toggle="dropdown" href="#" id="ToolsDropDown" role="button"><i class="fas fa-tools"></i> Tools</a><ul aria-labelledby="ToolsDropDown" class="dropdown-menu"><li class=""><a class="dropdown-item" href="/tools/base64-encode-decode">Base64 Encode/Decode</a></li><li class=""><a class="dropdown-item" href="/tools/url-encode-decode">Url Encode/Decode</a></li><li class=""><a class="dropdown-item" href="/tools/gcode-translator">G-Code Translator</a></li></ul></li><li class="nav-item"><a class="nav-link" href="/consumer/login">Login</a></li></ul></div></div></nav><div class="container pt-3"><style type="text/css">.code-text code {color: #bdbdbd;display: block;}.code-text code b {color: #81a2be;font-weight: 900;}.code-text code em {color: #b294bb;font-style: unset;}.code-text code i {color: #b5bd68;}.code-text code span {color: #f0c674;}</style><div class="card text-white border-secondary bg-dark"><div class="card-header"><h1 class="card-title text-warning"><i class="fas fa-ghost text-white slide-right"></i> HTTP: Not Found </h1></div><div class="card-body"><h3 class="leaad code-text"><code class="mb-3"><span>this_page</span>.<em>not_found</em> = true</code></h3><p class="lead code-text"><code class="mb-2"><span>if</span> <b>you_spelt_it_wrong</b> <br />&nbsp;&nbsp;<span>try_again</span><br /></code><code class="mb-2"><span>elsif <b>we_screwed_up</b></span> <br />&nbsp;&nbsp;<em>print</em> <i>"We're really sorry about that."</i><br/></code><code class="mb-2"><span>end</span></code><code class="mb-2"><span>redirect_to</span> <em>home_page</em></code></p></div><div class="card-footer"><p class="text-danger">We are sorry, something went wrong. Please try again later.</p></div></div></div><hr class="mt-5" /><div class="container"><div class="footer"><ul class="list-inline"><li class="list-inline-item">&copy; Go Rest 2025</li><li class="list-inline-item float-lg-end"><a href="/privacy-policy">Privacy Policy</a></li><li class="list-inline-item float-lg-end me-3"><a href="/contact-us">Contact Us</a></li></ul></div></div></body></html>
classpath:examples/comments/comments.feature:22
23:53:00.391 [pool-2-thread-3] ERROR com.intuit.karate - classpath:examples/comments/comments.feature:48
Then status 200
status code was: 404, expected: 200, response time in milliseconds: 1632, url: https://gorest.co.in/public/v2/comments, response: 
<!DOCTYPE html><html><head><meta charset="utf-8" /><meta content="width=device-width, initial-scale=1, shrink-to-fit=no" name="viewport" /><link href="/favicon.ico" rel="icon" type="image/x-icon" /><title>Page Not Found | GO REST</title><link rel="stylesheet" href="/assets/application-908c2251d58be479b7fb209519b40235fa8b917357737796da9f4462eea8cabe.css" media="all" data-turbolinks-track="reload" /><script src="/packs/js/application-194ed409298f13f197d2.js" data-turbolinks-track="reload" defer="defer"></script><script async="true" crossorigin="anonymous" src="https://pagead2.googlesyndication.com/pagead/js/adsbygoogle.js?client=ca-pub-4400401340006140"></script></head><body><nav class="navbar navbar-expand-lg navbar-dark bg-dark sticky-top"><div class="container"><a class="navbar-brand" href="/"><i class="fas fa-exchange-alt"></i> Go REST</a><button aria-controls="AppNavBar" aria-expanded="false" aria-label="Toggle navigation" class="navbar-toggler" data-bs-target="#AppNavBar" data-bs-toggle="collapse" type="button"><span class="navbar-toggler-icon"></span></button><div class="collapse navbar-collapse" id="AppNavBar"><ul class="navbar-nav ms-auto"><li class="nav-item"><a class="nav-link" href="/qa"><i class="fas fa-life-ring"></i> Help</a></li><li class="nav-item"><a class="nav-link" href="/rest-console"><i class="fab fa-linux"></i> Rest Console</a></li><li class="nav-item dropdown"><a aria-expanded="false" class="nav-link dropdown-toggle" data-bs-toggle="dropdown" href="#" id="ToolsDropDown" role="button"><i class="fas fa-tools"></i> Tools</a><ul aria-labelledby="ToolsDropDown" class="dropdown-menu"><li class=""><a class="dropdown-item" href="/tools/base64-encode-decode">Base64 Encode/Decode</a></li><li class=""><a class="dropdown-item" href="/tools/url-encode-decode">Url Encode/Decode</a></li><li class=""><a class="dropdown-item" href="/tools/gcode-translator">G-Code Translator</a></li></ul></li><li class="nav-item"><a class="nav-link" href="/consumer/login">Login</a></li></ul></div></div></nav><div class="container pt-3"><style type="text/css">.code-text code {color: #bdbdbd;display: block;}.code-text code b {color: #81a2be;font-weight: 900;}.code-text code em {color: #b294bb;font-style: unset;}.code-text code i {color: #b5bd68;}.code-text code span {color: #f0c674;}</style><div class="card text-white border-secondary bg-dark"><div class="card-header"><h1 class="card-title text-warning"><i class="fas fa-ghost text-white slide-right"></i> HTTP: Not Found </h1></div><div class="card-body"><h3 class="leaad code-text"><code class="mb-3"><span>this_page</span>.<em>not_found</em> = true</code></h3><p class="lead code-text"><code class="mb-2"><span>if</span> <b>you_spelt_it_wrong</b> <br />&nbsp;&nbsp;<span>try_again</span><br /></code><code class="mb-2"><span>elsif <b>we_screwed_up</b></span> <br />&nbsp;&nbsp;<em>print</em> <i>"We're really sorry about that."</i><br/></code><code class="mb-2"><span>end</span></code><code class="mb-2"><span>redirect_to</span> <em>home_page</em></code></p></div><div class="card-footer"><p class="text-danger">We are sorry, something went wrong. Please try again later.</p></div></div></div><hr class="mt-5" /><div class="container"><div class="footer"><ul class="list-inline"><li class="list-inline-item">&copy; Go Rest 2025</li><li class="list-inline-item float-lg-end"><a href="/privacy-policy">Privacy Policy</a></li><li class="list-inline-item float-lg-end me-3"><a href="/contact-us">Contact Us</a></li></ul></div></div></body></html>
classpath:examples/comments/comments.feature:48
23:53:00.402 [pool-2-thread-4] INFO  com.intuit.karate - karate.env system property was: null 
23:53:00.402 [pool-2-thread-1] INFO  com.intuit.karate - karate.env system property was: null 
23:53:00.402 [pool-2-thread-3] INFO  com.intuit.karate - karate.env system property was: null 
23:53:00.408 [pool-2-thread-5] DEBUG com.intuit.karate - response time in milliseconds: 1686
1 < 200
1 < Date: Thu, 28 Aug 2025 03:52:59 GMT
1 < Content-Type: application/json; charset=utf-8
1 < Transfer-Encoding: chunked
1 < Connection: keep-alive
1 < Cache-Control: max-age=0, private, must-revalidate
1 < Etag: W/"ef905e6191e7790b933d8c61b753e4bc"
1 < Feature-Policy: camera 'none'; gyroscope 'none'; microphone 'none'; usb 'none'; fullscreen 'self'
1 < Referrer-Policy: strict-origin-when-cross-origin
1 < Vary: Origin
1 < X-Content-Type-Options: nosniff
1 < X-Download-Options: noopen
1 < X-Frame-Options: SAMEORIGIN
1 < X-Links-Current: https://gorest.co.in/public/v2/posts?page=1
1 < X-Links-Next: https://gorest.co.in/public/v2/posts?page=2
1 < X-Links-Previous: 
1 < X-Pagination-Limit: 10
1 < X-Pagination-Page: 1
1 < X-Pagination-Pages: 300
1 < X-Pagination-Total: 2998
1 < X-Permitted-Cross-Domain-Policies: none
1 < X-Ratelimit-Limit: 90
1 < X-Ratelimit-Remaining: 86
1 < X-Ratelimit-Reset: 1
1 < X-Request-Id: 09b6beca-30bb-40c5-9993-a1af124703b7
1 < X-Runtime: 0.054465
1 < X-Xss-Protection: 0
1 < Cf-Cache-Status: DYNAMIC
1 < Nel: {"report_to":"cf-nel","success_fraction":0.0,"max_age":604800}
1 < Report-To: {"group":"cf-nel","max_age":604800,"endpoints":[{"url":"https://a.nel.cloudflare.com/report/v4?s=hU9ruUrlV%2F1aWtznWHYiZ2TGm67HWeLvh8b9FvX7xIVrVl6Xapm8wY%2BYjoF33sBo34I83uV%2FmXuP2seLtxOcKH5SY7mHCvmKqO0uJw%3D%3D"}]}
1 < Server: cloudflare
1 < CF-RAY: 9760dbe62905f1cf-GRU
1 < alt-svc: h3=":443"; ma=86400
[{"id":235854,"user_id":8091252,"title":"Trucido necessitatibus ademptio laborum cras.","body":"Est deporto conatus. Nihil unus statua. Aggero acquiro bene. Baiulus adeptio non. Incidunt vita decretum. Tendo vitae consequuntur. Numquam sortitus tenuis. Et certe ultio. Adnuo abstergo comedo. Bene toties consequatur. Aequitas conatus dolor. Verbum deripio tertius. Voluptates benigne aedificium. Baiulus consequatur advenio. Adiuvo voluptas temptatio. Damno virga stabilis. Venio facere amor. Et certe triduana."},{"id":235853,"user_id":8091251,"title":"Coniecto animadverto convoco victus paulatim appositus congregatio nulla confugo.","body":"Amplitudo est sono. Antiquus trucido adicio. Cenaculum tenuis officiis. Curia vel clementia. Auctor deprecator alius. Officia volup provident. Aperio viduo sopor. Somniculosus cariosus est. Comptus defero aggredior. Et sulum cito. Cum colloco atque. Patrocinor verecundia volo. Voluptas decimus vultuosus."},{"id":235852,"user_id":8091248,"title":"Astrum curtus deripio ver decor vitiosus impedit socius recusandae.","body":"Tumultus asporto substantia. Sed blandior trepide. Et vulnus hic. Vigor id demitto. Cedo solium thermae. Aequus volaticus credo. Terebro porro damnatio. Cursus theologus solitudo. Vigilo addo sit. Arcesso aestas minus. Creator tempora creber."},{"id":235851,"user_id":8091248,"title":"Debitis talus tyrannus esse nobis.","body":"Vos accendo bellicus. Sub ustulo curto. Ademptio denuo abundans. Tribuo vobis sit. Aut adhaero texo. Volaticus cursim bene. Centum qui sint. Viridis amplus in. Voluntarius celebrer adfero. Iusto desolo summisse. Delinquo tamen tibi. Depraedor ratione cura. Ut eveniet vulticulus. Caelestis clamo et."},{"id":235850,"user_id":8091246,"title":"Somniculosus vix compello velit et placeat thalassinus voro voluptatibus.","body":"Aeger ustulo venustas. Est vester at. Saepe atrox subiungo. Altus copiose bonus. Synagoga comptus dapifer. Ter corona praesentium. Sursum tracto vitium. Demo victus umquam. Caecus cogo apto. Tamisium audax angelus. Condico totam crinis. Exercitationem calamitas decet. Et pax tam. Voveo abduco non."},{"id":235849,"user_id":8091246,"title":"Ex adsidue sui adamo aliqua urbanus alienus vere.","body":"Corona a armo. Solium sordeo delibero. Sub ipsa decens. Cibo temeritas cunabula. Thymum curto demoror. Vestigium tredecim ut. Eligendi denuncio curiositas. Thalassinus arbor adversus. Statim quos timidus. Tripudio pecto utilis. Stillicidium officiis tamen. Atque alias cicuta. Subseco benevolentia talus."},{"id":235848,"user_id":8091245,"title":"Vel degusto supellex pariatur tepidus veritatis compello modi.","body":"Demo clibanus canto. Solio sustineo tricesimus. Spoliatio adultus utor. Deputo annus eos. Cervus causa voluptatem. Est peior arbor. Aer vallum adicio. Deleniti utique suscipit. Alo dedico studio. Ager congregatio victus. Temptatio veritatis aureus. Adfero angustus hic. Summa decor vos."},{"id":235847,"user_id":8091245,"title":"Amplexus thema omnis textor ventito.","body":"Fugiat ventito amitto. Vindico victus adaugeo. Pecco vorax deserunt. Vociferor velut uterque. Aqua cotidie tametsi. Adeo omnis adultus. Ulciscor et attero. Cultellus delectatio cuppedia. Occaecati ut veniam. Vesco tabella aut. Tam patior autem. Viriliter officiis aeger. Suffragium sol caelum."},{"id":235846,"user_id":8091244,"title":"Territo asperiores thalassinus cumque voluptatum talis acquiro volo.","body":"Aggero sub defetiscor. Cupio auditor venia. Impedit caelestis aegrus. Excepturi eius chirographum. Deduco sit pecunia. Et surculus territo. Vindico vox nemo. Calco omnis armo. Advoco unus ipsum. Nihil aiunt vulpes. Deprecator caritas angulus. Vero acsi voluptatum. Sub ciminatio quas. Teres voluptatem arcesso."},{"id":235845,"user_id":8091242,"title":"Voluptas aliquam cupressus supra tero contego virga copiose.","body":"Fuga volubilis desino. Ut combibo maxime. Recusandae denuo volubilis. Voluptas culpa testimonium. Absens denuo nesciunt. Adversus cena argumentum. Consequatur ago comedo. Optio aequus accusator. Abundans aut tribuo. Mollitia volva comprehendo. Suggero valens stabilis. Tandem culpa agnitio."}]

23:53:00.411 [pool-2-thread-2] DEBUG com.intuit.karate - response time in milliseconds: 1690
1 < 200
1 < Date: Thu, 28 Aug 2025 03:52:59 GMT
1 < Content-Type: application/json; charset=utf-8
1 < Transfer-Encoding: chunked
1 < Connection: keep-alive
1 < Cache-Control: max-age=0, private, must-revalidate
1 < Etag: W/"3f808176aa0f759bdc50f1ccc750894b"
1 < Feature-Policy: camera 'none'; gyroscope 'none'; microphone 'none'; usb 'none'; fullscreen 'self'
1 < Referrer-Policy: strict-origin-when-cross-origin
1 < Vary: Origin
1 < X-Content-Type-Options: nosniff
1 < X-Download-Options: noopen
1 < X-Frame-Options: SAMEORIGIN
1 < X-Links-Current: https://gorest.co.in/public/v2/comments?page=1
1 < X-Links-Next: https://gorest.co.in/public/v2/comments?page=2
1 < X-Links-Previous: 
1 < X-Pagination-Limit: 10
1 < X-Pagination-Page: 1
1 < X-Pagination-Pages: 312
1 < X-Pagination-Total: 3112
1 < X-Permitted-Cross-Domain-Policies: none
1 < X-Ratelimit-Limit: 90
1 < X-Ratelimit-Remaining: 86
1 < X-Ratelimit-Reset: 1
1 < X-Request-Id: 616771d5-c005-4ff9-98be-24828268f247
1 < X-Runtime: 0.036286
1 < X-Xss-Protection: 0
1 < Cf-Cache-Status: DYNAMIC
1 < Nel: {"report_to":"cf-nel","success_fraction":0.0,"max_age":604800}
1 < Report-To: {"group":"cf-nel","max_age":604800,"endpoints":[{"url":"https://a.nel.cloudflare.com/report/v4?s=Ah4UbgXDPGJXxTRzF8rOBBNZ14I6wiyxc2%2BMMKjNCUcweDZosehvgiBeVeKe0mCSO2NQAoSaC%2FbX0GvIJyCktT5tptCubXiq%2F4s%2FVw%3D%3D"}]}
1 < Server: cloudflare
1 < CF-RAY: 9760dbe62b48a4d1-GRU
1 < alt-svc: h3=":443"; ma=86400
[{"id":164622,"post_id":235853,"name":"Nirbhay Dwivedi","email":"dwivedi_nirbhay@blanda.test","body":"Laudantium molestiae iusto."},{"id":164621,"post_id":235853,"name":"Sudeva Bhattathiri","email":"sudeva_bhattathiri@quitzon-hudson.example","body":"Molestias est rerum. Distinctio ullam itaque. Necessitatibus in neque."},{"id":164620,"post_id":235852,"name":"Shantanu Jain","email":"jain_shantanu@steuber.test","body":"Quia enim maiores."},{"id":164619,"post_id":235852,"name":"Rev. Akshat Khanna","email":"akshat_khanna_rev@dach.example","body":"Ab ut eaque."},{"id":164618,"post_id":235850,"name":"Ojaswini Gill","email":"gill_ojaswini@volkman.test","body":"Temporibus aut sequi."},{"id":164617,"post_id":235850,"name":"Digambara Nehru","email":"nehru_digambara@frami-wuckert.example","body":"Omnis deleniti odio. Quis qui ut."},{"id":164616,"post_id":235849,"name":"Somu Johar","email":"johar_somu@skiles-dibbert.example","body":"Eum dignissimos nesciunt. Itaque iure et."},{"id":164615,"post_id":235848,"name":"Baalagopaal Bhattathiri","email":"bhattathiri_baalagopaal@connelly.example","body":"Qui aut aut. Quis voluptas alias. Quam sit voluptate. Magnam recusandae quo."},{"id":164614,"post_id":235847,"name":"Sanya Gill","email":"sanya_gill@balistreri-heathcote.example","body":"Nobis veritatis quaerat."},{"id":164613,"post_id":235847,"name":"Anjushri Joshi","email":"anjushri_joshi@muller.test","body":"Officiis qui pariatur. Dolores a sunt."}]

23:53:00.413 [pool-2-thread-4] DEBUG c.intuit.karate.core.ScenarioEngine - over-writing existing variable 'userId' with new value: karate.get('userId')
23:53:00.413 [pool-2-thread-3] DEBUG c.intuit.karate.core.ScenarioEngine - over-writing existing variable 'userId' with new value: karate.get('userId')
23:53:00.417 [pool-2-thread-1] DEBUG c.intuit.karate.core.ScenarioEngine - over-writing existing variable 'userId' with new value: karate.get('userId')
23:53:00.420 [pool-2-thread-4] DEBUG com.intuit.karate - request:
1 > PATCH https://gorest.co.in/public/v2/posts
1 > Accept: application/json
1 > Content-Type: application/json; charset=UTF-8
1 > Authorization: Bearer e582c281c7b7462e01a3a05be8f93aaa4b40dda654ceb0126ba3f538b43da610
1 > Content-Length: 69
1 > Host: gorest.co.in
1 > Connection: Keep-Alive
1 > User-Agent: Apache-HttpClient/4.5.14 (Java/24.0.1)
1 > Accept-Encoding: gzip,deflate
{"title":"Post title 1756353180404","body":"Post body 1756353180404"}

23:53:00.420 [pool-2-thread-3] DEBUG com.intuit.karate - request:
1 > POST https://gorest.co.in/public/v2/users/posts
1 > Accept: application/json
1 > Content-Type: application/json; charset=UTF-8
1 > Authorization: Bearer e582c281c7b7462e01a3a05be8f93aaa4b40dda654ceb0126ba3f538b43da610
1 > Content-Length: 69
1 > Host: gorest.co.in
1 > Connection: Keep-Alive
1 > User-Agent: Apache-HttpClient/4.5.14 (Java/24.0.1)
1 > Accept-Encoding: gzip,deflate
{"title":"Post title 1756353180404","body":"Post body 1756353180404"}

23:53:00.421 [pool-2-thread-1] DEBUG com.intuit.karate - request:
1 > DELETE https://gorest.co.in/public/v2/posts
1 > Accept: application/json
1 > Content-Type: application/json
1 > Authorization: Bearer e582c281c7b7462e01a3a05be8f93aaa4b40dda654ceb0126ba3f538b43da610
1 > Host: gorest.co.in
1 > Connection: Keep-Alive
1 > User-Agent: Apache-HttpClient/4.5.14 (Java/24.0.1)
1 > Accept-Encoding: gzip,deflate


23:53:00.449 [pool-2-thread-5] INFO  com.intuit.karate - karate.env system property was: null 
23:53:00.449 [pool-2-thread-2] INFO  com.intuit.karate - karate.env system property was: null 
23:53:00.459 [pool-2-thread-5] DEBUG c.intuit.karate.core.ScenarioEngine - over-writing existing variable 'userId' with new value: karate.get('userId')
23:53:00.460 [pool-2-thread-2] DEBUG c.intuit.karate.core.ScenarioEngine - over-writing existing variable 'userId' with new value: karate.get('userId')
23:53:00.466 [pool-2-thread-2] DEBUG com.intuit.karate - request:
1 > GET https://gorest.co.in/public/v2/todos
1 > Accept: application/json
1 > Content-Type: application/json
1 > Authorization: Bearer e582c281c7b7462e01a3a05be8f93aaa4b40dda654ceb0126ba3f538b43da610
1 > Host: gorest.co.in
1 > Connection: Keep-Alive
1 > User-Agent: Apache-HttpClient/4.5.14 (Java/24.0.1)
1 > Accept-Encoding: gzip,deflate


23:53:00.467 [pool-2-thread-5] DEBUG com.intuit.karate - request:
1 > POST https://gorest.co.in/public/v2/users/todos
1 > Accept: application/json
1 > Content-Type: application/json; charset=UTF-8
1 > Authorization: Bearer e582c281c7b7462e01a3a05be8f93aaa4b40dda654ceb0126ba3f538b43da610
1 > Content-Length: 77
1 > Host: gorest.co.in
1 > Connection: Keep-Alive
1 > User-Agent: Apache-HttpClient/4.5.14 (Java/24.0.1)
1 > Accept-Encoding: gzip,deflate
{"title":"Todo title 1756353180450","status":"pending","due_on":"2025-08-31"}

---------------------------------------------------------
feature: classpath:examples/comments/comments.feature
scenarios:  4 | passed:  1 | failed:  3 | time: 7,4340
---------------------------------------------------------

23:53:01.216 [pool-3-thread-1] INFO  com.intuit.karate.Suite - <<fail>> feature 1 of 5 (4 remaining) classpath:examples/comments/comments.feature
23:53:01.712 [pool-2-thread-3] DEBUG com.intuit.karate - response time in milliseconds: 1291
1 < 404
1 < Date: Thu, 28 Aug 2025 03:53:01 GMT
1 < Content-Type: text/html; charset=utf-8
1 < Transfer-Encoding: chunked
1 < Connection: keep-alive
1 < Cache-Control: no-cache
1 < feature-policy: camera 'none'; gyroscope 'none'; microphone 'none'; usb 'none'; fullscreen 'self'
1 < link: </assets/application-908c2251d58be479b7fb209519b40235fa8b917357737796da9f4462eea8cabe.css>; rel=preload; as=style; nopush
1 < referrer-policy: strict-origin-when-cross-origin
1 < vary: Origin
1 < x-content-type-options: nosniff
1 < x-download-options: noopen
1 < x-frame-options: SAMEORIGIN
1 < x-permitted-cross-domain-policies: none
1 < x-request-id: 1bd672e5-b87f-428b-8d75-9cd1caad49c9
1 < x-runtime: 0.006444
1 < x-xss-protection: 0
1 < cf-cache-status: DYNAMIC
1 < Nel: {"report_to":"cf-nel","success_fraction":0.0,"max_age":604800}
1 < Report-To: {"group":"cf-nel","max_age":604800,"endpoints":[{"url":"https://a.nel.cloudflare.com/report/v4?s=euU9mBkvwxdGB9u%2B6yD4Vfhzq3cfEorBwyXZnUvFUsb7oOECth%2BctQceXkYEGIkK%2Ffc24kE3VhIB%2FrK%2FnkCVZyet3ShCbszgOHFmzw%3D%3D"}]}
1 < Server: cloudflare
1 < CF-RAY: 9760dbeea960bf10-GRU
1 < alt-svc: h3=":443"; ma=86400
<!DOCTYPE html><html><head><meta charset="utf-8" /><meta content="width=device-width, initial-scale=1, shrink-to-fit=no" name="viewport" /><link href="/favicon.ico" rel="icon" type="image/x-icon" /><title>Page Not Found | GO REST</title><link rel="stylesheet" href="/assets/application-908c2251d58be479b7fb209519b40235fa8b917357737796da9f4462eea8cabe.css" media="all" data-turbolinks-track="reload" /><script src="/packs/js/application-194ed409298f13f197d2.js" data-turbolinks-track="reload" defer="defer"></script><script async="true" crossorigin="anonymous" src="https://pagead2.googlesyndication.com/pagead/js/adsbygoogle.js?client=ca-pub-4400401340006140"></script></head><body><nav class="navbar navbar-expand-lg navbar-dark bg-dark sticky-top"><div class="container"><a class="navbar-brand" href="/"><i class="fas fa-exchange-alt"></i> Go REST</a><button aria-controls="AppNavBar" aria-expanded="false" aria-label="Toggle navigation" class="navbar-toggler" data-bs-target="#AppNavBar" data-bs-toggle="collapse" type="button"><span class="navbar-toggler-icon"></span></button><div class="collapse navbar-collapse" id="AppNavBar"><ul class="navbar-nav ms-auto"><li class="nav-item"><a class="nav-link" href="/qa"><i class="fas fa-life-ring"></i> Help</a></li><li class="nav-item"><a class="nav-link" href="/rest-console"><i class="fab fa-linux"></i> Rest Console</a></li><li class="nav-item dropdown"><a aria-expanded="false" class="nav-link dropdown-toggle" data-bs-toggle="dropdown" href="#" id="ToolsDropDown" role="button"><i class="fas fa-tools"></i> Tools</a><ul aria-labelledby="ToolsDropDown" class="dropdown-menu"><li class=""><a class="dropdown-item" href="/tools/base64-encode-decode">Base64 Encode/Decode</a></li><li class=""><a class="dropdown-item" href="/tools/url-encode-decode">Url Encode/Decode</a></li><li class=""><a class="dropdown-item" href="/tools/gcode-translator">G-Code Translator</a></li></ul></li><li class="nav-item"><a class="nav-link" href="/consumer/login">Login</a></li></ul></div></div></nav><div class="container pt-3"><style type="text/css">.code-text code {color: #bdbdbd;display: block;}.code-text code b {color: #81a2be;font-weight: 900;}.code-text code em {color: #b294bb;font-style: unset;}.code-text code i {color: #b5bd68;}.code-text code span {color: #f0c674;}</style><div class="card text-white border-secondary bg-dark"><div class="card-header"><h1 class="card-title text-warning"><i class="fas fa-ghost text-white slide-right"></i> HTTP: Not Found </h1></div><div class="card-body"><h3 class="leaad code-text"><code class="mb-3"><span>this_page</span>.<em>not_found</em> = true</code></h3><p class="lead code-text"><code class="mb-2"><span>if</span> <b>you_spelt_it_wrong</b> <br />&nbsp;&nbsp;<span>try_again</span><br /></code><code class="mb-2"><span>elsif <b>we_screwed_up</b></span> <br />&nbsp;&nbsp;<em>print</em> <i>"We're really sorry about that."</i><br/></code><code class="mb-2"><span>end</span></code><code class="mb-2"><span>redirect_to</span> <em>home_page</em></code></p></div><div class="card-footer"><p class="text-danger">We are sorry, something went wrong. Please try again later.</p></div></div></div><hr class="mt-5" /><div class="container"><div class="footer"><ul class="list-inline"><li class="list-inline-item">&copy; Go Rest 2025</li><li class="list-inline-item float-lg-end"><a href="/privacy-policy">Privacy Policy</a></li><li class="list-inline-item float-lg-end me-3"><a href="/contact-us">Contact Us</a></li></ul></div></div></body></html>

23:53:01.713 [pool-2-thread-3] ERROR com.intuit.karate - classpath:examples/posts/posts.feature:27
Then status 201
status code was: 404, expected: 201, response time in milliseconds: 1291, url: https://gorest.co.in/public/v2/users/posts, response: 
<!DOCTYPE html><html><head><meta charset="utf-8" /><meta content="width=device-width, initial-scale=1, shrink-to-fit=no" name="viewport" /><link href="/favicon.ico" rel="icon" type="image/x-icon" /><title>Page Not Found | GO REST</title><link rel="stylesheet" href="/assets/application-908c2251d58be479b7fb209519b40235fa8b917357737796da9f4462eea8cabe.css" media="all" data-turbolinks-track="reload" /><script src="/packs/js/application-194ed409298f13f197d2.js" data-turbolinks-track="reload" defer="defer"></script><script async="true" crossorigin="anonymous" src="https://pagead2.googlesyndication.com/pagead/js/adsbygoogle.js?client=ca-pub-4400401340006140"></script></head><body><nav class="navbar navbar-expand-lg navbar-dark bg-dark sticky-top"><div class="container"><a class="navbar-brand" href="/"><i class="fas fa-exchange-alt"></i> Go REST</a><button aria-controls="AppNavBar" aria-expanded="false" aria-label="Toggle navigation" class="navbar-toggler" data-bs-target="#AppNavBar" data-bs-toggle="collapse" type="button"><span class="navbar-toggler-icon"></span></button><div class="collapse navbar-collapse" id="AppNavBar"><ul class="navbar-nav ms-auto"><li class="nav-item"><a class="nav-link" href="/qa"><i class="fas fa-life-ring"></i> Help</a></li><li class="nav-item"><a class="nav-link" href="/rest-console"><i class="fab fa-linux"></i> Rest Console</a></li><li class="nav-item dropdown"><a aria-expanded="false" class="nav-link dropdown-toggle" data-bs-toggle="dropdown" href="#" id="ToolsDropDown" role="button"><i class="fas fa-tools"></i> Tools</a><ul aria-labelledby="ToolsDropDown" class="dropdown-menu"><li class=""><a class="dropdown-item" href="/tools/base64-encode-decode">Base64 Encode/Decode</a></li><li class=""><a class="dropdown-item" href="/tools/url-encode-decode">Url Encode/Decode</a></li><li class=""><a class="dropdown-item" href="/tools/gcode-translator">G-Code Translator</a></li></ul></li><li class="nav-item"><a class="nav-link" href="/consumer/login">Login</a></li></ul></div></div></nav><div class="container pt-3"><style type="text/css">.code-text code {color: #bdbdbd;display: block;}.code-text code b {color: #81a2be;font-weight: 900;}.code-text code em {color: #b294bb;font-style: unset;}.code-text code i {color: #b5bd68;}.code-text code span {color: #f0c674;}</style><div class="card text-white border-secondary bg-dark"><div class="card-header"><h1 class="card-title text-warning"><i class="fas fa-ghost text-white slide-right"></i> HTTP: Not Found </h1></div><div class="card-body"><h3 class="leaad code-text"><code class="mb-3"><span>this_page</span>.<em>not_found</em> = true</code></h3><p class="lead code-text"><code class="mb-2"><span>if</span> <b>you_spelt_it_wrong</b> <br />&nbsp;&nbsp;<span>try_again</span><br /></code><code class="mb-2"><span>elsif <b>we_screwed_up</b></span> <br />&nbsp;&nbsp;<em>print</em> <i>"We're really sorry about that."</i><br/></code><code class="mb-2"><span>end</span></code><code class="mb-2"><span>redirect_to</span> <em>home_page</em></code></p></div><div class="card-footer"><p class="text-danger">We are sorry, something went wrong. Please try again later.</p></div></div></div><hr class="mt-5" /><div class="container"><div class="footer"><ul class="list-inline"><li class="list-inline-item">&copy; Go Rest 2025</li><li class="list-inline-item float-lg-end"><a href="/privacy-policy">Privacy Policy</a></li><li class="list-inline-item float-lg-end me-3"><a href="/contact-us">Contact Us</a></li></ul></div></div></body></html>
classpath:examples/posts/posts.feature:27
23:53:01.718 [pool-2-thread-4] DEBUG com.intuit.karate - response time in milliseconds: 1298
1 < 404
1 < Date: Thu, 28 Aug 2025 03:53:01 GMT
1 < Content-Type: text/html; charset=utf-8
1 < Transfer-Encoding: chunked
1 < Connection: keep-alive
1 < Cache-Control: no-cache
1 < Feature-Policy: camera 'none'; gyroscope 'none'; microphone 'none'; usb 'none'; fullscreen 'self'
1 < Link: </assets/application-908c2251d58be479b7fb209519b40235fa8b917357737796da9f4462eea8cabe.css>; rel=preload; as=style; nopush
1 < Referrer-Policy: strict-origin-when-cross-origin
1 < Vary: Origin
1 < X-Content-Type-Options: nosniff
1 < X-Download-Options: noopen
1 < X-Frame-Options: SAMEORIGIN
1 < X-Permitted-Cross-Domain-Policies: none
1 < X-Request-Id: 34e9571b-8989-41d3-bb0f-74a55120675a
1 < X-Runtime: 0.006055
1 < X-Xss-Protection: 0
1 < Cf-Cache-Status: DYNAMIC
1 < Nel: {"report_to":"cf-nel","success_fraction":0.0,"max_age":604800}
1 < Report-To: {"group":"cf-nel","max_age":604800,"endpoints":[{"url":"https://a.nel.cloudflare.com/report/v4?s=hmtg9tmfwrn9a0S8KHZDgZvi8BJHlbv2yY6yVLv9dnQeIcyFi9xmTNUOT84R6FZElvIjcTICUMeo6GKGk7BSuBE0m4%2FlICL8PhbQFA%3D%3D"}]}
1 < Server: cloudflare
1 < CF-RAY: 9760dbee9be3a479-GRU
1 < alt-svc: h3=":443"; ma=86400
<!DOCTYPE html><html><head><meta charset="utf-8" /><meta content="width=device-width, initial-scale=1, shrink-to-fit=no" name="viewport" /><link href="/favicon.ico" rel="icon" type="image/x-icon" /><title>Page Not Found | GO REST</title><link rel="stylesheet" href="/assets/application-908c2251d58be479b7fb209519b40235fa8b917357737796da9f4462eea8cabe.css" media="all" data-turbolinks-track="reload" /><script src="/packs/js/application-194ed409298f13f197d2.js" data-turbolinks-track="reload" defer="defer"></script><script async="true" crossorigin="anonymous" src="https://pagead2.googlesyndication.com/pagead/js/adsbygoogle.js?client=ca-pub-4400401340006140"></script></head><body><nav class="navbar navbar-expand-lg navbar-dark bg-dark sticky-top"><div class="container"><a class="navbar-brand" href="/"><i class="fas fa-exchange-alt"></i> Go REST</a><button aria-controls="AppNavBar" aria-expanded="false" aria-label="Toggle navigation" class="navbar-toggler" data-bs-target="#AppNavBar" data-bs-toggle="collapse" type="button"><span class="navbar-toggler-icon"></span></button><div class="collapse navbar-collapse" id="AppNavBar"><ul class="navbar-nav ms-auto"><li class="nav-item"><a class="nav-link" href="/qa"><i class="fas fa-life-ring"></i> Help</a></li><li class="nav-item"><a class="nav-link" href="/rest-console"><i class="fab fa-linux"></i> Rest Console</a></li><li class="nav-item dropdown"><a aria-expanded="false" class="nav-link dropdown-toggle" data-bs-toggle="dropdown" href="#" id="ToolsDropDown" role="button"><i class="fas fa-tools"></i> Tools</a><ul aria-labelledby="ToolsDropDown" class="dropdown-menu"><li class=""><a class="dropdown-item" href="/tools/base64-encode-decode">Base64 Encode/Decode</a></li><li class=""><a class="dropdown-item" href="/tools/url-encode-decode">Url Encode/Decode</a></li><li class=""><a class="dropdown-item" href="/tools/gcode-translator">G-Code Translator</a></li></ul></li><li class="nav-item"><a class="nav-link" href="/consumer/login">Login</a></li></ul></div></div></nav><div class="container pt-3"><style type="text/css">.code-text code {color: #bdbdbd;display: block;}.code-text code b {color: #81a2be;font-weight: 900;}.code-text code em {color: #b294bb;font-style: unset;}.code-text code i {color: #b5bd68;}.code-text code span {color: #f0c674;}</style><div class="card text-white border-secondary bg-dark"><div class="card-header"><h1 class="card-title text-warning"><i class="fas fa-ghost text-white slide-right"></i> HTTP: Not Found </h1></div><div class="card-body"><h3 class="leaad code-text"><code class="mb-3"><span>this_page</span>.<em>not_found</em> = true</code></h3><p class="lead code-text"><code class="mb-2"><span>if</span> <b>you_spelt_it_wrong</b> <br />&nbsp;&nbsp;<span>try_again</span><br /></code><code class="mb-2"><span>elsif <b>we_screwed_up</b></span> <br />&nbsp;&nbsp;<em>print</em> <i>"We're really sorry about that."</i><br/></code><code class="mb-2"><span>end</span></code><code class="mb-2"><span>redirect_to</span> <em>home_page</em></code></p></div><div class="card-footer"><p class="text-danger">We are sorry, something went wrong. Please try again later.</p></div></div></div><hr class="mt-5" /><div class="container"><div class="footer"><ul class="list-inline"><li class="list-inline-item">&copy; Go Rest 2025</li><li class="list-inline-item float-lg-end"><a href="/privacy-policy">Privacy Policy</a></li><li class="list-inline-item float-lg-end me-3"><a href="/contact-us">Contact Us</a></li></ul></div></div></body></html>

23:53:01.720 [pool-2-thread-4] ERROR com.intuit.karate - classpath:examples/posts/posts.feature:50
Then status 200
status code was: 404, expected: 200, response time in milliseconds: 1298, url: https://gorest.co.in/public/v2/posts, response: 
<!DOCTYPE html><html><head><meta charset="utf-8" /><meta content="width=device-width, initial-scale=1, shrink-to-fit=no" name="viewport" /><link href="/favicon.ico" rel="icon" type="image/x-icon" /><title>Page Not Found | GO REST</title><link rel="stylesheet" href="/assets/application-908c2251d58be479b7fb209519b40235fa8b917357737796da9f4462eea8cabe.css" media="all" data-turbolinks-track="reload" /><script src="/packs/js/application-194ed409298f13f197d2.js" data-turbolinks-track="reload" defer="defer"></script><script async="true" crossorigin="anonymous" src="https://pagead2.googlesyndication.com/pagead/js/adsbygoogle.js?client=ca-pub-4400401340006140"></script></head><body><nav class="navbar navbar-expand-lg navbar-dark bg-dark sticky-top"><div class="container"><a class="navbar-brand" href="/"><i class="fas fa-exchange-alt"></i> Go REST</a><button aria-controls="AppNavBar" aria-expanded="false" aria-label="Toggle navigation" class="navbar-toggler" data-bs-target="#AppNavBar" data-bs-toggle="collapse" type="button"><span class="navbar-toggler-icon"></span></button><div class="collapse navbar-collapse" id="AppNavBar"><ul class="navbar-nav ms-auto"><li class="nav-item"><a class="nav-link" href="/qa"><i class="fas fa-life-ring"></i> Help</a></li><li class="nav-item"><a class="nav-link" href="/rest-console"><i class="fab fa-linux"></i> Rest Console</a></li><li class="nav-item dropdown"><a aria-expanded="false" class="nav-link dropdown-toggle" data-bs-toggle="dropdown" href="#" id="ToolsDropDown" role="button"><i class="fas fa-tools"></i> Tools</a><ul aria-labelledby="ToolsDropDown" class="dropdown-menu"><li class=""><a class="dropdown-item" href="/tools/base64-encode-decode">Base64 Encode/Decode</a></li><li class=""><a class="dropdown-item" href="/tools/url-encode-decode">Url Encode/Decode</a></li><li class=""><a class="dropdown-item" href="/tools/gcode-translator">G-Code Translator</a></li></ul></li><li class="nav-item"><a class="nav-link" href="/consumer/login">Login</a></li></ul></div></div></nav><div class="container pt-3"><style type="text/css">.code-text code {color: #bdbdbd;display: block;}.code-text code b {color: #81a2be;font-weight: 900;}.code-text code em {color: #b294bb;font-style: unset;}.code-text code i {color: #b5bd68;}.code-text code span {color: #f0c674;}</style><div class="card text-white border-secondary bg-dark"><div class="card-header"><h1 class="card-title text-warning"><i class="fas fa-ghost text-white slide-right"></i> HTTP: Not Found </h1></div><div class="card-body"><h3 class="leaad code-text"><code class="mb-3"><span>this_page</span>.<em>not_found</em> = true</code></h3><p class="lead code-text"><code class="mb-2"><span>if</span> <b>you_spelt_it_wrong</b> <br />&nbsp;&nbsp;<span>try_again</span><br /></code><code class="mb-2"><span>elsif <b>we_screwed_up</b></span> <br />&nbsp;&nbsp;<em>print</em> <i>"We're really sorry about that."</i><br/></code><code class="mb-2"><span>end</span></code><code class="mb-2"><span>redirect_to</span> <em>home_page</em></code></p></div><div class="card-footer"><p class="text-danger">We are sorry, something went wrong. Please try again later.</p></div></div></div><hr class="mt-5" /><div class="container"><div class="footer"><ul class="list-inline"><li class="list-inline-item">&copy; Go Rest 2025</li><li class="list-inline-item float-lg-end"><a href="/privacy-policy">Privacy Policy</a></li><li class="list-inline-item float-lg-end me-3"><a href="/contact-us">Contact Us</a></li></ul></div></div></body></html>
classpath:examples/posts/posts.feature:50
23:53:01.722 [pool-2-thread-3] INFO  com.intuit.karate - karate.env system property was: null 
23:53:01.726 [pool-2-thread-4] INFO  com.intuit.karate - karate.env system property was: null 
23:53:01.729 [pool-2-thread-1] DEBUG com.intuit.karate - response time in milliseconds: 1307
1 < 404
1 < Date: Thu, 28 Aug 2025 03:53:01 GMT
1 < Content-Type: text/html; charset=utf-8
1 < Transfer-Encoding: chunked
1 < Connection: keep-alive
1 < Cache-Control: no-cache
1 < Feature-Policy: camera 'none'; gyroscope 'none'; microphone 'none'; usb 'none'; fullscreen 'self'
1 < Link: </assets/application-908c2251d58be479b7fb209519b40235fa8b917357737796da9f4462eea8cabe.css>; rel=preload; as=style; nopush
1 < Referrer-Policy: strict-origin-when-cross-origin
1 < Vary: Origin
1 < X-Content-Type-Options: nosniff
1 < X-Download-Options: noopen
1 < X-Frame-Options: SAMEORIGIN
1 < X-Permitted-Cross-Domain-Policies: none
1 < X-Request-Id: b922f9a5-c4af-479e-878c-114842b75f1c
1 < X-Runtime: 0.006386
1 < X-Xss-Protection: 0
1 < Cf-Cache-Status: DYNAMIC
1 < Nel: {"report_to":"cf-nel","success_fraction":0.0,"max_age":604800}
1 < Report-To: {"group":"cf-nel","max_age":604800,"endpoints":[{"url":"https://a.nel.cloudflare.com/report/v4?s=N1kjq%2BOfMdeJ8Mv5knF5UDygHvhzjK8OdN%2Frp377LQk%2FHlS1D%2Bep%2BOKlLzlYngluNO%2BiOaHyH603Hz6F8MmMR3ml1%2Fi7j64OMI61Lw%3D%3D"}]}
1 < Server: cloudflare
1 < CF-RAY: 9760dbeeab74a469-GRU
1 < alt-svc: h3=":443"; ma=86400
<!DOCTYPE html><html><head><meta charset="utf-8" /><meta content="width=device-width, initial-scale=1, shrink-to-fit=no" name="viewport" /><link href="/favicon.ico" rel="icon" type="image/x-icon" /><title>Page Not Found | GO REST</title><link rel="stylesheet" href="/assets/application-908c2251d58be479b7fb209519b40235fa8b917357737796da9f4462eea8cabe.css" media="all" data-turbolinks-track="reload" /><script src="/packs/js/application-194ed409298f13f197d2.js" data-turbolinks-track="reload" defer="defer"></script><script async="true" crossorigin="anonymous" src="https://pagead2.googlesyndication.com/pagead/js/adsbygoogle.js?client=ca-pub-4400401340006140"></script></head><body><nav class="navbar navbar-expand-lg navbar-dark bg-dark sticky-top"><div class="container"><a class="navbar-brand" href="/"><i class="fas fa-exchange-alt"></i> Go REST</a><button aria-controls="AppNavBar" aria-expanded="false" aria-label="Toggle navigation" class="navbar-toggler" data-bs-target="#AppNavBar" data-bs-toggle="collapse" type="button"><span class="navbar-toggler-icon"></span></button><div class="collapse navbar-collapse" id="AppNavBar"><ul class="navbar-nav ms-auto"><li class="nav-item"><a class="nav-link" href="/qa"><i class="fas fa-life-ring"></i> Help</a></li><li class="nav-item"><a class="nav-link" href="/rest-console"><i class="fab fa-linux"></i> Rest Console</a></li><li class="nav-item dropdown"><a aria-expanded="false" class="nav-link dropdown-toggle" data-bs-toggle="dropdown" href="#" id="ToolsDropDown" role="button"><i class="fas fa-tools"></i> Tools</a><ul aria-labelledby="ToolsDropDown" class="dropdown-menu"><li class=""><a class="dropdown-item" href="/tools/base64-encode-decode">Base64 Encode/Decode</a></li><li class=""><a class="dropdown-item" href="/tools/url-encode-decode">Url Encode/Decode</a></li><li class=""><a class="dropdown-item" href="/tools/gcode-translator">G-Code Translator</a></li></ul></li><li class="nav-item"><a class="nav-link" href="/consumer/login">Login</a></li></ul></div></div></nav><div class="container pt-3"><style type="text/css">.code-text code {color: #bdbdbd;display: block;}.code-text code b {color: #81a2be;font-weight: 900;}.code-text code em {color: #b294bb;font-style: unset;}.code-text code i {color: #b5bd68;}.code-text code span {color: #f0c674;}</style><div class="card text-white border-secondary bg-dark"><div class="card-header"><h1 class="card-title text-warning"><i class="fas fa-ghost text-white slide-right"></i> HTTP: Not Found </h1></div><div class="card-body"><h3 class="leaad code-text"><code class="mb-3"><span>this_page</span>.<em>not_found</em> = true</code></h3><p class="lead code-text"><code class="mb-2"><span>if</span> <b>you_spelt_it_wrong</b> <br />&nbsp;&nbsp;<span>try_again</span><br /></code><code class="mb-2"><span>elsif <b>we_screwed_up</b></span> <br />&nbsp;&nbsp;<em>print</em> <i>"We're really sorry about that."</i><br/></code><code class="mb-2"><span>end</span></code><code class="mb-2"><span>redirect_to</span> <em>home_page</em></code></p></div><div class="card-footer"><p class="text-danger">We are sorry, something went wrong. Please try again later.</p></div></div></div><hr class="mt-5" /><div class="container"><div class="footer"><ul class="list-inline"><li class="list-inline-item">&copy; Go Rest 2025</li><li class="list-inline-item float-lg-end"><a href="/privacy-policy">Privacy Policy</a></li><li class="list-inline-item float-lg-end me-3"><a href="/contact-us">Contact Us</a></li></ul></div></div></body></html>

23:53:01.730 [pool-2-thread-3] DEBUG c.intuit.karate.core.ScenarioEngine - over-writing existing variable 'userId' with new value: karate.get('userId')
23:53:01.730 [pool-2-thread-1] ERROR com.intuit.karate - classpath:examples/posts/posts.feature:57
Then status 204
status code was: 404, expected: 204, response time in milliseconds: 1307, url: https://gorest.co.in/public/v2/posts, response: 
<!DOCTYPE html><html><head><meta charset="utf-8" /><meta content="width=device-width, initial-scale=1, shrink-to-fit=no" name="viewport" /><link href="/favicon.ico" rel="icon" type="image/x-icon" /><title>Page Not Found | GO REST</title><link rel="stylesheet" href="/assets/application-908c2251d58be479b7fb209519b40235fa8b917357737796da9f4462eea8cabe.css" media="all" data-turbolinks-track="reload" /><script src="/packs/js/application-194ed409298f13f197d2.js" data-turbolinks-track="reload" defer="defer"></script><script async="true" crossorigin="anonymous" src="https://pagead2.googlesyndication.com/pagead/js/adsbygoogle.js?client=ca-pub-4400401340006140"></script></head><body><nav class="navbar navbar-expand-lg navbar-dark bg-dark sticky-top"><div class="container"><a class="navbar-brand" href="/"><i class="fas fa-exchange-alt"></i> Go REST</a><button aria-controls="AppNavBar" aria-expanded="false" aria-label="Toggle navigation" class="navbar-toggler" data-bs-target="#AppNavBar" data-bs-toggle="collapse" type="button"><span class="navbar-toggler-icon"></span></button><div class="collapse navbar-collapse" id="AppNavBar"><ul class="navbar-nav ms-auto"><li class="nav-item"><a class="nav-link" href="/qa"><i class="fas fa-life-ring"></i> Help</a></li><li class="nav-item"><a class="nav-link" href="/rest-console"><i class="fab fa-linux"></i> Rest Console</a></li><li class="nav-item dropdown"><a aria-expanded="false" class="nav-link dropdown-toggle" data-bs-toggle="dropdown" href="#" id="ToolsDropDown" role="button"><i class="fas fa-tools"></i> Tools</a><ul aria-labelledby="ToolsDropDown" class="dropdown-menu"><li class=""><a class="dropdown-item" href="/tools/base64-encode-decode">Base64 Encode/Decode</a></li><li class=""><a class="dropdown-item" href="/tools/url-encode-decode">Url Encode/Decode</a></li><li class=""><a class="dropdown-item" href="/tools/gcode-translator">G-Code Translator</a></li></ul></li><li class="nav-item"><a class="nav-link" href="/consumer/login">Login</a></li></ul></div></div></nav><div class="container pt-3"><style type="text/css">.code-text code {color: #bdbdbd;display: block;}.code-text code b {color: #81a2be;font-weight: 900;}.code-text code em {color: #b294bb;font-style: unset;}.code-text code i {color: #b5bd68;}.code-text code span {color: #f0c674;}</style><div class="card text-white border-secondary bg-dark"><div class="card-header"><h1 class="card-title text-warning"><i class="fas fa-ghost text-white slide-right"></i> HTTP: Not Found </h1></div><div class="card-body"><h3 class="leaad code-text"><code class="mb-3"><span>this_page</span>.<em>not_found</em> = true</code></h3><p class="lead code-text"><code class="mb-2"><span>if</span> <b>you_spelt_it_wrong</b> <br />&nbsp;&nbsp;<span>try_again</span><br /></code><code class="mb-2"><span>elsif <b>we_screwed_up</b></span> <br />&nbsp;&nbsp;<em>print</em> <i>"We're really sorry about that."</i><br/></code><code class="mb-2"><span>end</span></code><code class="mb-2"><span>redirect_to</span> <em>home_page</em></code></p></div><div class="card-footer"><p class="text-danger">We are sorry, something went wrong. Please try again later.</p></div></div></div><hr class="mt-5" /><div class="container"><div class="footer"><ul class="list-inline"><li class="list-inline-item">&copy; Go Rest 2025</li><li class="list-inline-item float-lg-end"><a href="/privacy-policy">Privacy Policy</a></li><li class="list-inline-item float-lg-end me-3"><a href="/contact-us">Contact Us</a></li></ul></div></div></body></html>
classpath:examples/posts/posts.feature:57
23:53:01.732 [pool-2-thread-4] DEBUG c.intuit.karate.core.ScenarioEngine - over-writing existing variable 'userId' with new value: karate.get('userId')
23:53:01.737 [pool-2-thread-3] DEBUG com.intuit.karate - request:
1 > PATCH https://gorest.co.in/public/v2/todos
1 > Accept: application/json
1 > Content-Type: application/json; charset=UTF-8
1 > Authorization: Bearer e582c281c7b7462e01a3a05be8f93aaa4b40dda654ceb0126ba3f538b43da610
1 > Content-Length: 55
1 > Host: gorest.co.in
1 > Connection: Keep-Alive
1 > User-Agent: Apache-HttpClient/4.5.14 (Java/24.0.1)
1 > Accept-Encoding: gzip,deflate
{"title":"Todo title 1756353181722","status":"pending"}

23:53:01.737 [pool-2-thread-4] DEBUG com.intuit.karate - request:
1 > DELETE https://gorest.co.in/public/v2/todos
1 > Accept: application/json
1 > Content-Type: application/json
1 > Authorization: Bearer e582c281c7b7462e01a3a05be8f93aaa4b40dda654ceb0126ba3f538b43da610
1 > Host: gorest.co.in
1 > Connection: Keep-Alive
1 > User-Agent: Apache-HttpClient/4.5.14 (Java/24.0.1)
1 > Accept-Encoding: gzip,deflate


23:53:01.737 [pool-2-thread-1] INFO  com.intuit.karate - karate.env system property was: null 
23:53:01.745 [pool-2-thread-1] DEBUG com.intuit.karate - request:
1 > GET https://gorest.co.in/public/v2/users
1 > Accept: application/json
1 > Content-Type: application/json
1 > Authorization: Bearer e582c281c7b7462e01a3a05be8f93aaa4b40dda654ceb0126ba3f538b43da610
1 > Host: gorest.co.in
1 > Connection: Keep-Alive
1 > User-Agent: Apache-HttpClient/4.5.14 (Java/24.0.1)
1 > Accept-Encoding: gzip,deflate


23:53:01.808 [pool-2-thread-5] DEBUG com.intuit.karate - response time in milliseconds: 1339
1 < 404
1 < Date: Thu, 28 Aug 2025 03:53:01 GMT
1 < Content-Type: text/html; charset=utf-8
1 < Transfer-Encoding: chunked
1 < Connection: keep-alive
1 < Cache-Control: no-cache
1 < Feature-Policy: camera 'none'; gyroscope 'none'; microphone 'none'; usb 'none'; fullscreen 'self'
1 < Link: </assets/application-908c2251d58be479b7fb209519b40235fa8b917357737796da9f4462eea8cabe.css>; rel=preload; as=style; nopush
1 < Referrer-Policy: strict-origin-when-cross-origin
1 < Vary: Origin
1 < X-Content-Type-Options: nosniff
1 < X-Download-Options: noopen
1 < X-Frame-Options: SAMEORIGIN
1 < X-Permitted-Cross-Domain-Policies: none
1 < X-Request-Id: 43d116d0-a6af-400e-ba02-2b2f2a31a967
1 < X-Runtime: 0.024538
1 < X-Xss-Protection: 0
1 < Cf-Cache-Status: DYNAMIC
1 < Nel: {"report_to":"cf-nel","success_fraction":0.0,"max_age":604800}
1 < Report-To: {"group":"cf-nel","max_age":604800,"endpoints":[{"url":"https://a.nel.cloudflare.com/report/v4?s=rM8MZ41AcWq%2FocsOG%2BzS30F0cEeyEMATiL2uRGXFb8Cv%2FsTxtHl%2BYoS0UcrswLaMNdgjb9XITDSI%2FD%2FSR543lRM65LvyXHC%2FwBCn4g%3D%3D"}]}
1 < Server: cloudflare
1 < CF-RAY: 9760dbef0e2ca3f0-GRU
1 < alt-svc: h3=":443"; ma=86400
<!DOCTYPE html><html><head><meta charset="utf-8" /><meta content="width=device-width, initial-scale=1, shrink-to-fit=no" name="viewport" /><link href="/favicon.ico" rel="icon" type="image/x-icon" /><title>Page Not Found | GO REST</title><link rel="stylesheet" href="/assets/application-908c2251d58be479b7fb209519b40235fa8b917357737796da9f4462eea8cabe.css" media="all" data-turbolinks-track="reload" /><script src="/packs/js/application-194ed409298f13f197d2.js" data-turbolinks-track="reload" defer="defer"></script><script async="true" crossorigin="anonymous" src="https://pagead2.googlesyndication.com/pagead/js/adsbygoogle.js?client=ca-pub-4400401340006140"></script></head><body><nav class="navbar navbar-expand-lg navbar-dark bg-dark sticky-top"><div class="container"><a class="navbar-brand" href="/"><i class="fas fa-exchange-alt"></i> Go REST</a><button aria-controls="AppNavBar" aria-expanded="false" aria-label="Toggle navigation" class="navbar-toggler" data-bs-target="#AppNavBar" data-bs-toggle="collapse" type="button"><span class="navbar-toggler-icon"></span></button><div class="collapse navbar-collapse" id="AppNavBar"><ul class="navbar-nav ms-auto"><li class="nav-item"><a class="nav-link" href="/qa"><i class="fas fa-life-ring"></i> Help</a></li><li class="nav-item"><a class="nav-link" href="/rest-console"><i class="fab fa-linux"></i> Rest Console</a></li><li class="nav-item dropdown"><a aria-expanded="false" class="nav-link dropdown-toggle" data-bs-toggle="dropdown" href="#" id="ToolsDropDown" role="button"><i class="fas fa-tools"></i> Tools</a><ul aria-labelledby="ToolsDropDown" class="dropdown-menu"><li class=""><a class="dropdown-item" href="/tools/base64-encode-decode">Base64 Encode/Decode</a></li><li class=""><a class="dropdown-item" href="/tools/url-encode-decode">Url Encode/Decode</a></li><li class=""><a class="dropdown-item" href="/tools/gcode-translator">G-Code Translator</a></li></ul></li><li class="nav-item"><a class="nav-link" href="/consumer/login">Login</a></li></ul></div></div></nav><div class="container pt-3"><style type="text/css">.code-text code {color: #bdbdbd;display: block;}.code-text code b {color: #81a2be;font-weight: 900;}.code-text code em {color: #b294bb;font-style: unset;}.code-text code i {color: #b5bd68;}.code-text code span {color: #f0c674;}</style><div class="card text-white border-secondary bg-dark"><div class="card-header"><h1 class="card-title text-warning"><i class="fas fa-ghost text-white slide-right"></i> HTTP: Not Found </h1></div><div class="card-body"><h3 class="leaad code-text"><code class="mb-3"><span>this_page</span>.<em>not_found</em> = true</code></h3><p class="lead code-text"><code class="mb-2"><span>if</span> <b>you_spelt_it_wrong</b> <br />&nbsp;&nbsp;<span>try_again</span><br /></code><code class="mb-2"><span>elsif <b>we_screwed_up</b></span> <br />&nbsp;&nbsp;<em>print</em> <i>"We're really sorry about that."</i><br/></code><code class="mb-2"><span>end</span></code><code class="mb-2"><span>redirect_to</span> <em>home_page</em></code></p></div><div class="card-footer"><p class="text-danger">We are sorry, something went wrong. Please try again later.</p></div></div></div><hr class="mt-5" /><div class="container"><div class="footer"><ul class="list-inline"><li class="list-inline-item">&copy; Go Rest 2025</li><li class="list-inline-item float-lg-end"><a href="/privacy-policy">Privacy Policy</a></li><li class="list-inline-item float-lg-end me-3"><a href="/contact-us">Contact Us</a></li></ul></div></div></body></html>

23:53:01.810 [pool-2-thread-5] ERROR com.intuit.karate - classpath:examples/todos/todos.feature:22
Then status 201
status code was: 404, expected: 201, response time in milliseconds: 1339, url: https://gorest.co.in/public/v2/users/todos, response: 
<!DOCTYPE html><html><head><meta charset="utf-8" /><meta content="width=device-width, initial-scale=1, shrink-to-fit=no" name="viewport" /><link href="/favicon.ico" rel="icon" type="image/x-icon" /><title>Page Not Found | GO REST</title><link rel="stylesheet" href="/assets/application-908c2251d58be479b7fb209519b40235fa8b917357737796da9f4462eea8cabe.css" media="all" data-turbolinks-track="reload" /><script src="/packs/js/application-194ed409298f13f197d2.js" data-turbolinks-track="reload" defer="defer"></script><script async="true" crossorigin="anonymous" src="https://pagead2.googlesyndication.com/pagead/js/adsbygoogle.js?client=ca-pub-4400401340006140"></script></head><body><nav class="navbar navbar-expand-lg navbar-dark bg-dark sticky-top"><div class="container"><a class="navbar-brand" href="/"><i class="fas fa-exchange-alt"></i> Go REST</a><button aria-controls="AppNavBar" aria-expanded="false" aria-label="Toggle navigation" class="navbar-toggler" data-bs-target="#AppNavBar" data-bs-toggle="collapse" type="button"><span class="navbar-toggler-icon"></span></button><div class="collapse navbar-collapse" id="AppNavBar"><ul class="navbar-nav ms-auto"><li class="nav-item"><a class="nav-link" href="/qa"><i class="fas fa-life-ring"></i> Help</a></li><li class="nav-item"><a class="nav-link" href="/rest-console"><i class="fab fa-linux"></i> Rest Console</a></li><li class="nav-item dropdown"><a aria-expanded="false" class="nav-link dropdown-toggle" data-bs-toggle="dropdown" href="#" id="ToolsDropDown" role="button"><i class="fas fa-tools"></i> Tools</a><ul aria-labelledby="ToolsDropDown" class="dropdown-menu"><li class=""><a class="dropdown-item" href="/tools/base64-encode-decode">Base64 Encode/Decode</a></li><li class=""><a class="dropdown-item" href="/tools/url-encode-decode">Url Encode/Decode</a></li><li class=""><a class="dropdown-item" href="/tools/gcode-translator">G-Code Translator</a></li></ul></li><li class="nav-item"><a class="nav-link" href="/consumer/login">Login</a></li></ul></div></div></nav><div class="container pt-3"><style type="text/css">.code-text code {color: #bdbdbd;display: block;}.code-text code b {color: #81a2be;font-weight: 900;}.code-text code em {color: #b294bb;font-style: unset;}.code-text code i {color: #b5bd68;}.code-text code span {color: #f0c674;}</style><div class="card text-white border-secondary bg-dark"><div class="card-header"><h1 class="card-title text-warning"><i class="fas fa-ghost text-white slide-right"></i> HTTP: Not Found </h1></div><div class="card-body"><h3 class="leaad code-text"><code class="mb-3"><span>this_page</span>.<em>not_found</em> = true</code></h3><p class="lead code-text"><code class="mb-2"><span>if</span> <b>you_spelt_it_wrong</b> <br />&nbsp;&nbsp;<span>try_again</span><br /></code><code class="mb-2"><span>elsif <b>we_screwed_up</b></span> <br />&nbsp;&nbsp;<em>print</em> <i>"We're really sorry about that."</i><br/></code><code class="mb-2"><span>end</span></code><code class="mb-2"><span>redirect_to</span> <em>home_page</em></code></p></div><div class="card-footer"><p class="text-danger">We are sorry, something went wrong. Please try again later.</p></div></div></div><hr class="mt-5" /><div class="container"><div class="footer"><ul class="list-inline"><li class="list-inline-item">&copy; Go Rest 2025</li><li class="list-inline-item float-lg-end"><a href="/privacy-policy">Privacy Policy</a></li><li class="list-inline-item float-lg-end me-3"><a href="/contact-us">Contact Us</a></li></ul></div></div></body></html>
classpath:examples/todos/todos.feature:22
23:53:01.810 [pool-2-thread-2] DEBUG com.intuit.karate - response time in milliseconds: 1342
1 < 200
1 < Date: Thu, 28 Aug 2025 03:53:01 GMT
1 < Content-Type: application/json; charset=utf-8
1 < Transfer-Encoding: chunked
1 < Connection: keep-alive
1 < Cache-Control: max-age=0, private, must-revalidate
1 < Etag: W/"2f881e896697656da8d821fa84daf8a0"
1 < Feature-Policy: camera 'none'; gyroscope 'none'; microphone 'none'; usb 'none'; fullscreen 'self'
1 < Referrer-Policy: strict-origin-when-cross-origin
1 < Vary: Origin
1 < X-Content-Type-Options: nosniff
1 < X-Download-Options: noopen
1 < X-Frame-Options: SAMEORIGIN
1 < X-Links-Current: https://gorest.co.in/public/v2/todos?page=1
1 < X-Links-Next: https://gorest.co.in/public/v2/todos?page=2
1 < X-Links-Previous: 
1 < X-Pagination-Limit: 10
1 < X-Pagination-Page: 1
1 < X-Pagination-Pages: 150
1 < X-Pagination-Total: 1494
1 < X-Permitted-Cross-Domain-Policies: none
1 < X-Ratelimit-Limit: 90
1 < X-Ratelimit-Remaining: 89
1 < X-Ratelimit-Reset: 1
1 < X-Request-Id: 2fed3f25-b76c-459b-8a24-1f7c7d56ec96
1 < X-Runtime: 0.068709
1 < X-Xss-Protection: 0
1 < Cf-Cache-Status: DYNAMIC
1 < Nel: {"report_to":"cf-nel","success_fraction":0.0,"max_age":604800}
1 < Report-To: {"group":"cf-nel","max_age":604800,"endpoints":[{"url":"https://a.nel.cloudflare.com/report/v4?s=HXNB7ZeiNIlI2ZSg4yoLajd6ZKgSgndTbqzFln3%2B1DY1Q5iweVuXJANlnnZOgcy84prH5Y10uN79uXsWGY8tA9%2BYmeYDBS8KTTLqHg%3D%3D"}]}
1 < Server: cloudflare
1 < CF-RAY: 9760dbeeeab8f1f3-GRU
1 < alt-svc: h3=":443"; ma=86400
[{"id":88560,"user_id":8091253,"title":"Curtus amicitia stips ancilla uxor.","due_on":"2025-09-13T00:00:00.000+05:30","status":"completed"},{"id":88559,"user_id":8091252,"title":"Valeo voluptatem sed ullus confugo utrum coepi.","due_on":"2025-09-04T00:00:00.000+05:30","status":"completed"},{"id":88558,"user_id":8091251,"title":"Benigne desidero patria basium viduo deprimo decens.","due_on":"2025-09-19T00:00:00.000+05:30","status":"completed"},{"id":88557,"user_id":8091249,"title":"Adultus degusto valens speciosus conitor subiungo.","due_on":"2025-09-06T00:00:00.000+05:30","status":"pending"},{"id":88556,"user_id":8091245,"title":"Ultra catena defigo sublime cui sol neque nihil exercitationem.","due_on":"2025-09-04T00:00:00.000+05:30","status":"pending"},{"id":88555,"user_id":8091244,"title":"Et attonbitus non ambitus voluptas agnitio patior amitto.","due_on":"2025-09-02T00:00:00.000+05:30","status":"pending"},{"id":88554,"user_id":8091242,"title":"Calco harum uredo sumptus solium.","due_on":"2025-09-10T00:00:00.000+05:30","status":"pending"},{"id":88553,"user_id":8091240,"title":"Cogito infit vindico corpus demitto.","due_on":"2025-09-13T00:00:00.000+05:30","status":"pending"},{"id":88552,"user_id":8091236,"title":"Vita pecco virga verto vel cinis.","due_on":"2025-09-27T00:00:00.000+05:30","status":"completed"},{"id":88551,"user_id":8091235,"title":"Totus nobis aeger modi sperno ascisco.","due_on":"2025-09-19T00:00:00.000+05:30","status":"completed"}]

23:53:01.816 [pool-2-thread-5] INFO  com.intuit.karate - karate.env system property was: null 
23:53:01.822 [pool-2-thread-2] INFO  com.intuit.karate - karate.env system property was: null 
23:53:01.825 [pool-2-thread-5] INFO  com.intuit.karate - [print] >>> userEmail: juancarlos1756353181817@test.com 
23:53:01.826 [pool-2-thread-5] INFO  com.intuit.karate - [print] >>> userGender: male 
23:53:01.828 [pool-2-thread-5] INFO  com.intuit.karate - [print] >>> userStatus: active 
23:53:01.831 [pool-2-thread-5] DEBUG com.intuit.karate - request:
1 > POST https://gorest.co.in/public/v2/users
1 > Accept: application/json
1 > Content-Type: application/json; charset=UTF-8
1 > Authorization: Bearer e582c281c7b7462e01a3a05be8f93aaa4b40dda654ceb0126ba3f538b43da610
1 > Content-Length: 99
1 > Host: gorest.co.in
1 > Connection: Keep-Alive
1 > User-Agent: Apache-HttpClient/4.5.14 (Java/24.0.1)
1 > Accept-Encoding: gzip,deflate
{"name":"Juan Carlos","gender":"male","email":"juancarlos1756353181817@test.com","status":"active"}

23:53:01.831 [pool-2-thread-2] DEBUG com.intuit.karate - request:
1 > GET https://gorest.co.in/public/v2/users
1 > Accept: application/json
1 > Content-Type: application/json
1 > Authorization: Bearer e582c281c7b7462e01a3a05be8f93aaa4b40dda654ceb0126ba3f538b43da610
1 > Host: gorest.co.in
1 > Connection: Keep-Alive
1 > User-Agent: Apache-HttpClient/4.5.14 (Java/24.0.1)
1 > Accept-Encoding: gzip,deflate


---------------------------------------------------------
feature: classpath:examples/posts/posts.feature
scenarios:  4 | passed:  1 | failed:  3 | time: 5,8192
---------------------------------------------------------

23:53:01.985 [pool-3-thread-1] INFO  com.intuit.karate.Suite - <<fail>> feature 2 of 5 (3 remaining) classpath:examples/posts/posts.feature
23:53:03.052 [pool-2-thread-4] DEBUG com.intuit.karate - response time in milliseconds: 1313
1 < 404
1 < Date: Thu, 28 Aug 2025 03:53:02 GMT
1 < Content-Type: text/html; charset=utf-8
1 < Transfer-Encoding: chunked
1 < Connection: keep-alive
1 < Cache-Control: no-cache
1 < feature-policy: camera 'none'; gyroscope 'none'; microphone 'none'; usb 'none'; fullscreen 'self'
1 < link: </assets/application-908c2251d58be479b7fb209519b40235fa8b917357737796da9f4462eea8cabe.css>; rel=preload; as=style; nopush
1 < referrer-policy: strict-origin-when-cross-origin
1 < vary: Origin
1 < x-content-type-options: nosniff
1 < x-download-options: noopen
1 < x-frame-options: SAMEORIGIN
1 < x-permitted-cross-domain-policies: none
1 < x-request-id: 6149a644-2273-4979-af3c-2e434cbb5be6
1 < x-runtime: 0.009918
1 < x-xss-protection: 0
1 < cf-cache-status: DYNAMIC
1 < Nel: {"report_to":"cf-nel","success_fraction":0.0,"max_age":604800}
1 < Report-To: {"group":"cf-nel","max_age":604800,"endpoints":[{"url":"https://a.nel.cloudflare.com/report/v4?s=a%2BHgsNC2YAYu%2FAQ%2FDjJislRd1T6PT39RB6HDr%2B9BWUEBVLkLTFFvQABRZ0f%2F0fptwHXJ9%2FJH5Czu9eFeOw88l9TKxAxUATuO19BNyQ%3D%3D"}]}
1 < Server: cloudflare
1 < CF-RAY: 9760dbf6fae0ae69-GRU
1 < alt-svc: h3=":443"; ma=86400
<!DOCTYPE html><html><head><meta charset="utf-8" /><meta content="width=device-width, initial-scale=1, shrink-to-fit=no" name="viewport" /><link href="/favicon.ico" rel="icon" type="image/x-icon" /><title>Page Not Found | GO REST</title><link rel="stylesheet" href="/assets/application-908c2251d58be479b7fb209519b40235fa8b917357737796da9f4462eea8cabe.css" media="all" data-turbolinks-track="reload" /><script src="/packs/js/application-194ed409298f13f197d2.js" data-turbolinks-track="reload" defer="defer"></script><script async="true" crossorigin="anonymous" src="https://pagead2.googlesyndication.com/pagead/js/adsbygoogle.js?client=ca-pub-4400401340006140"></script></head><body><nav class="navbar navbar-expand-lg navbar-dark bg-dark sticky-top"><div class="container"><a class="navbar-brand" href="/"><i class="fas fa-exchange-alt"></i> Go REST</a><button aria-controls="AppNavBar" aria-expanded="false" aria-label="Toggle navigation" class="navbar-toggler" data-bs-target="#AppNavBar" data-bs-toggle="collapse" type="button"><span class="navbar-toggler-icon"></span></button><div class="collapse navbar-collapse" id="AppNavBar"><ul class="navbar-nav ms-auto"><li class="nav-item"><a class="nav-link" href="/qa"><i class="fas fa-life-ring"></i> Help</a></li><li class="nav-item"><a class="nav-link" href="/rest-console"><i class="fab fa-linux"></i> Rest Console</a></li><li class="nav-item dropdown"><a aria-expanded="false" class="nav-link dropdown-toggle" data-bs-toggle="dropdown" href="#" id="ToolsDropDown" role="button"><i class="fas fa-tools"></i> Tools</a><ul aria-labelledby="ToolsDropDown" class="dropdown-menu"><li class=""><a class="dropdown-item" href="/tools/base64-encode-decode">Base64 Encode/Decode</a></li><li class=""><a class="dropdown-item" href="/tools/url-encode-decode">Url Encode/Decode</a></li><li class=""><a class="dropdown-item" href="/tools/gcode-translator">G-Code Translator</a></li></ul></li><li class="nav-item"><a class="nav-link" href="/consumer/login">Login</a></li></ul></div></div></nav><div class="container pt-3"><style type="text/css">.code-text code {color: #bdbdbd;display: block;}.code-text code b {color: #81a2be;font-weight: 900;}.code-text code em {color: #b294bb;font-style: unset;}.code-text code i {color: #b5bd68;}.code-text code span {color: #f0c674;}</style><div class="card text-white border-secondary bg-dark"><div class="card-header"><h1 class="card-title text-warning"><i class="fas fa-ghost text-white slide-right"></i> HTTP: Not Found </h1></div><div class="card-body"><h3 class="leaad code-text"><code class="mb-3"><span>this_page</span>.<em>not_found</em> = true</code></h3><p class="lead code-text"><code class="mb-2"><span>if</span> <b>you_spelt_it_wrong</b> <br />&nbsp;&nbsp;<span>try_again</span><br /></code><code class="mb-2"><span>elsif <b>we_screwed_up</b></span> <br />&nbsp;&nbsp;<em>print</em> <i>"We're really sorry about that."</i><br/></code><code class="mb-2"><span>end</span></code><code class="mb-2"><span>redirect_to</span> <em>home_page</em></code></p></div><div class="card-footer"><p class="text-danger">We are sorry, something went wrong. Please try again later.</p></div></div></div><hr class="mt-5" /><div class="container"><div class="footer"><ul class="list-inline"><li class="list-inline-item">&copy; Go Rest 2025</li><li class="list-inline-item float-lg-end"><a href="/privacy-policy">Privacy Policy</a></li><li class="list-inline-item float-lg-end me-3"><a href="/contact-us">Contact Us</a></li></ul></div></div></body></html>

23:53:03.055 [pool-2-thread-4] ERROR com.intuit.karate - classpath:examples/todos/todos.feature:61
Then status 204
status code was: 404, expected: 204, response time in milliseconds: 1313, url: https://gorest.co.in/public/v2/todos, response: 
<!DOCTYPE html><html><head><meta charset="utf-8" /><meta content="width=device-width, initial-scale=1, shrink-to-fit=no" name="viewport" /><link href="/favicon.ico" rel="icon" type="image/x-icon" /><title>Page Not Found | GO REST</title><link rel="stylesheet" href="/assets/application-908c2251d58be479b7fb209519b40235fa8b917357737796da9f4462eea8cabe.css" media="all" data-turbolinks-track="reload" /><script src="/packs/js/application-194ed409298f13f197d2.js" data-turbolinks-track="reload" defer="defer"></script><script async="true" crossorigin="anonymous" src="https://pagead2.googlesyndication.com/pagead/js/adsbygoogle.js?client=ca-pub-4400401340006140"></script></head><body><nav class="navbar navbar-expand-lg navbar-dark bg-dark sticky-top"><div class="container"><a class="navbar-brand" href="/"><i class="fas fa-exchange-alt"></i> Go REST</a><button aria-controls="AppNavBar" aria-expanded="false" aria-label="Toggle navigation" class="navbar-toggler" data-bs-target="#AppNavBar" data-bs-toggle="collapse" type="button"><span class="navbar-toggler-icon"></span></button><div class="collapse navbar-collapse" id="AppNavBar"><ul class="navbar-nav ms-auto"><li class="nav-item"><a class="nav-link" href="/qa"><i class="fas fa-life-ring"></i> Help</a></li><li class="nav-item"><a class="nav-link" href="/rest-console"><i class="fab fa-linux"></i> Rest Console</a></li><li class="nav-item dropdown"><a aria-expanded="false" class="nav-link dropdown-toggle" data-bs-toggle="dropdown" href="#" id="ToolsDropDown" role="button"><i class="fas fa-tools"></i> Tools</a><ul aria-labelledby="ToolsDropDown" class="dropdown-menu"><li class=""><a class="dropdown-item" href="/tools/base64-encode-decode">Base64 Encode/Decode</a></li><li class=""><a class="dropdown-item" href="/tools/url-encode-decode">Url Encode/Decode</a></li><li class=""><a class="dropdown-item" href="/tools/gcode-translator">G-Code Translator</a></li></ul></li><li class="nav-item"><a class="nav-link" href="/consumer/login">Login</a></li></ul></div></div></nav><div class="container pt-3"><style type="text/css">.code-text code {color: #bdbdbd;display: block;}.code-text code b {color: #81a2be;font-weight: 900;}.code-text code em {color: #b294bb;font-style: unset;}.code-text code i {color: #b5bd68;}.code-text code span {color: #f0c674;}</style><div class="card text-white border-secondary bg-dark"><div class="card-header"><h1 class="card-title text-warning"><i class="fas fa-ghost text-white slide-right"></i> HTTP: Not Found </h1></div><div class="card-body"><h3 class="leaad code-text"><code class="mb-3"><span>this_page</span>.<em>not_found</em> = true</code></h3><p class="lead code-text"><code class="mb-2"><span>if</span> <b>you_spelt_it_wrong</b> <br />&nbsp;&nbsp;<span>try_again</span><br /></code><code class="mb-2"><span>elsif <b>we_screwed_up</b></span> <br />&nbsp;&nbsp;<em>print</em> <i>"We're really sorry about that."</i><br/></code><code class="mb-2"><span>end</span></code><code class="mb-2"><span>redirect_to</span> <em>home_page</em></code></p></div><div class="card-footer"><p class="text-danger">We are sorry, something went wrong. Please try again later.</p></div></div></div><hr class="mt-5" /><div class="container"><div class="footer"><ul class="list-inline"><li class="list-inline-item">&copy; Go Rest 2025</li><li class="list-inline-item float-lg-end"><a href="/privacy-policy">Privacy Policy</a></li><li class="list-inline-item float-lg-end me-3"><a href="/contact-us">Contact Us</a></li></ul></div></div></body></html>
classpath:examples/todos/todos.feature:61
23:53:03.062 [pool-2-thread-4] INFO  com.intuit.karate - karate.env system property was: null 
23:53:03.068 [pool-2-thread-3] DEBUG com.intuit.karate - response time in milliseconds: 1330
1 < 404
1 < Date: Thu, 28 Aug 2025 03:53:02 GMT
1 < Content-Type: text/html; charset=utf-8
1 < Transfer-Encoding: chunked
1 < Connection: keep-alive
1 < Cache-Control: no-cache
1 < Feature-Policy: camera 'none'; gyroscope 'none'; microphone 'none'; usb 'none'; fullscreen 'self'
1 < Link: </assets/application-908c2251d58be479b7fb209519b40235fa8b917357737796da9f4462eea8cabe.css>; rel=preload; as=style; nopush
1 < Referrer-Policy: strict-origin-when-cross-origin
1 < Vary: Origin
1 < X-Content-Type-Options: nosniff
1 < X-Download-Options: noopen
1 < X-Frame-Options: SAMEORIGIN
1 < X-Permitted-Cross-Domain-Policies: none
1 < X-Request-Id: c68626a6-5bc1-4a41-89d2-c8ccf8162296
1 < X-Runtime: 0.007644
1 < X-Xss-Protection: 0
1 < Cf-Cache-Status: DYNAMIC
1 < Nel: {"report_to":"cf-nel","success_fraction":0.0,"max_age":604800}
1 < Report-To: {"group":"cf-nel","max_age":604800,"endpoints":[{"url":"https://a.nel.cloudflare.com/report/v4?s=CY3V5fiG5ofz3C6w3m3lBbXKpykyAzktiBS5JqmH8eecI%2BFK0bB%2B80mBmVLMYoUUt1WIs95Tcb4tqrtNGsxxScg5YTWbUhNnIMPxhg%3D%3D"}]}
1 < Server: cloudflare
1 < CF-RAY: 9760dbf70ace02f4-GRU
1 < alt-svc: h3=":443"; ma=86400
<!DOCTYPE html><html><head><meta charset="utf-8" /><meta content="width=device-width, initial-scale=1, shrink-to-fit=no" name="viewport" /><link href="/favicon.ico" rel="icon" type="image/x-icon" /><title>Page Not Found | GO REST</title><link rel="stylesheet" href="/assets/application-908c2251d58be479b7fb209519b40235fa8b917357737796da9f4462eea8cabe.css" media="all" data-turbolinks-track="reload" /><script src="/packs/js/application-194ed409298f13f197d2.js" data-turbolinks-track="reload" defer="defer"></script><script async="true" crossorigin="anonymous" src="https://pagead2.googlesyndication.com/pagead/js/adsbygoogle.js?client=ca-pub-4400401340006140"></script></head><body><nav class="navbar navbar-expand-lg navbar-dark bg-dark sticky-top"><div class="container"><a class="navbar-brand" href="/"><i class="fas fa-exchange-alt"></i> Go REST</a><button aria-controls="AppNavBar" aria-expanded="false" aria-label="Toggle navigation" class="navbar-toggler" data-bs-target="#AppNavBar" data-bs-toggle="collapse" type="button"><span class="navbar-toggler-icon"></span></button><div class="collapse navbar-collapse" id="AppNavBar"><ul class="navbar-nav ms-auto"><li class="nav-item"><a class="nav-link" href="/qa"><i class="fas fa-life-ring"></i> Help</a></li><li class="nav-item"><a class="nav-link" href="/rest-console"><i class="fab fa-linux"></i> Rest Console</a></li><li class="nav-item dropdown"><a aria-expanded="false" class="nav-link dropdown-toggle" data-bs-toggle="dropdown" href="#" id="ToolsDropDown" role="button"><i class="fas fa-tools"></i> Tools</a><ul aria-labelledby="ToolsDropDown" class="dropdown-menu"><li class=""><a class="dropdown-item" href="/tools/base64-encode-decode">Base64 Encode/Decode</a></li><li class=""><a class="dropdown-item" href="/tools/url-encode-decode">Url Encode/Decode</a></li><li class=""><a class="dropdown-item" href="/tools/gcode-translator">G-Code Translator</a></li></ul></li><li class="nav-item"><a class="nav-link" href="/consumer/login">Login</a></li></ul></div></div></nav><div class="container pt-3"><style type="text/css">.code-text code {color: #bdbdbd;display: block;}.code-text code b {color: #81a2be;font-weight: 900;}.code-text code em {color: #b294bb;font-style: unset;}.code-text code i {color: #b5bd68;}.code-text code span {color: #f0c674;}</style><div class="card text-white border-secondary bg-dark"><div class="card-header"><h1 class="card-title text-warning"><i class="fas fa-ghost text-white slide-right"></i> HTTP: Not Found </h1></div><div class="card-body"><h3 class="leaad code-text"><code class="mb-3"><span>this_page</span>.<em>not_found</em> = true</code></h3><p class="lead code-text"><code class="mb-2"><span>if</span> <b>you_spelt_it_wrong</b> <br />&nbsp;&nbsp;<span>try_again</span><br /></code><code class="mb-2"><span>elsif <b>we_screwed_up</b></span> <br />&nbsp;&nbsp;<em>print</em> <i>"We're really sorry about that."</i><br/></code><code class="mb-2"><span>end</span></code><code class="mb-2"><span>redirect_to</span> <em>home_page</em></code></p></div><div class="card-footer"><p class="text-danger">We are sorry, something went wrong. Please try again later.</p></div></div></div><hr class="mt-5" /><div class="container"><div class="footer"><ul class="list-inline"><li class="list-inline-item">&copy; Go Rest 2025</li><li class="list-inline-item float-lg-end"><a href="/privacy-policy">Privacy Policy</a></li><li class="list-inline-item float-lg-end me-3"><a href="/contact-us">Contact Us</a></li></ul></div></div></body></html>

23:53:03.070 [pool-2-thread-3] ERROR com.intuit.karate - classpath:examples/todos/todos.feature:54
Then status 200
status code was: 404, expected: 200, response time in milliseconds: 1330, url: https://gorest.co.in/public/v2/todos, response: 
<!DOCTYPE html><html><head><meta charset="utf-8" /><meta content="width=device-width, initial-scale=1, shrink-to-fit=no" name="viewport" /><link href="/favicon.ico" rel="icon" type="image/x-icon" /><title>Page Not Found | GO REST</title><link rel="stylesheet" href="/assets/application-908c2251d58be479b7fb209519b40235fa8b917357737796da9f4462eea8cabe.css" media="all" data-turbolinks-track="reload" /><script src="/packs/js/application-194ed409298f13f197d2.js" data-turbolinks-track="reload" defer="defer"></script><script async="true" crossorigin="anonymous" src="https://pagead2.googlesyndication.com/pagead/js/adsbygoogle.js?client=ca-pub-4400401340006140"></script></head><body><nav class="navbar navbar-expand-lg navbar-dark bg-dark sticky-top"><div class="container"><a class="navbar-brand" href="/"><i class="fas fa-exchange-alt"></i> Go REST</a><button aria-controls="AppNavBar" aria-expanded="false" aria-label="Toggle navigation" class="navbar-toggler" data-bs-target="#AppNavBar" data-bs-toggle="collapse" type="button"><span class="navbar-toggler-icon"></span></button><div class="collapse navbar-collapse" id="AppNavBar"><ul class="navbar-nav ms-auto"><li class="nav-item"><a class="nav-link" href="/qa"><i class="fas fa-life-ring"></i> Help</a></li><li class="nav-item"><a class="nav-link" href="/rest-console"><i class="fab fa-linux"></i> Rest Console</a></li><li class="nav-item dropdown"><a aria-expanded="false" class="nav-link dropdown-toggle" data-bs-toggle="dropdown" href="#" id="ToolsDropDown" role="button"><i class="fas fa-tools"></i> Tools</a><ul aria-labelledby="ToolsDropDown" class="dropdown-menu"><li class=""><a class="dropdown-item" href="/tools/base64-encode-decode">Base64 Encode/Decode</a></li><li class=""><a class="dropdown-item" href="/tools/url-encode-decode">Url Encode/Decode</a></li><li class=""><a class="dropdown-item" href="/tools/gcode-translator">G-Code Translator</a></li></ul></li><li class="nav-item"><a class="nav-link" href="/consumer/login">Login</a></li></ul></div></div></nav><div class="container pt-3"><style type="text/css">.code-text code {color: #bdbdbd;display: block;}.code-text code b {color: #81a2be;font-weight: 900;}.code-text code em {color: #b294bb;font-style: unset;}.code-text code i {color: #b5bd68;}.code-text code span {color: #f0c674;}</style><div class="card text-white border-secondary bg-dark"><div class="card-header"><h1 class="card-title text-warning"><i class="fas fa-ghost text-white slide-right"></i> HTTP: Not Found </h1></div><div class="card-body"><h3 class="leaad code-text"><code class="mb-3"><span>this_page</span>.<em>not_found</em> = true</code></h3><p class="lead code-text"><code class="mb-2"><span>if</span> <b>you_spelt_it_wrong</b> <br />&nbsp;&nbsp;<span>try_again</span><br /></code><code class="mb-2"><span>elsif <b>we_screwed_up</b></span> <br />&nbsp;&nbsp;<em>print</em> <i>"We're really sorry about that."</i><br/></code><code class="mb-2"><span>end</span></code><code class="mb-2"><span>redirect_to</span> <em>home_page</em></code></p></div><div class="card-footer"><p class="text-danger">We are sorry, something went wrong. Please try again later.</p></div></div></div><hr class="mt-5" /><div class="container"><div class="footer"><ul class="list-inline"><li class="list-inline-item">&copy; Go Rest 2025</li><li class="list-inline-item float-lg-end"><a href="/privacy-policy">Privacy Policy</a></li><li class="list-inline-item float-lg-end me-3"><a href="/contact-us">Contact Us</a></li></ul></div></div></body></html>
classpath:examples/todos/todos.feature:54
23:53:03.074 [pool-2-thread-4] DEBUG com.intuit.karate - request:
1 > PATCH https://gorest.co.in/public/v2/users
1 > Accept: application/json
1 > Content-Type: application/json; charset=UTF-8
1 > Authorization: Bearer e582c281c7b7462e01a3a05be8f93aaa4b40dda654ceb0126ba3f538b43da610
1 > Content-Length: 83
1 > Host: gorest.co.in
1 > Connection: Keep-Alive
1 > User-Agent: Apache-HttpClient/4.5.14 (Java/24.0.1)
1 > Accept-Encoding: gzip,deflate
{"name":"Juan Carlos","email":"juancarlos1756353183062@test.com","status":"active"}

23:53:03.077 [pool-2-thread-3] INFO  com.intuit.karate - karate.env system property was: null 
23:53:03.084 [pool-2-thread-3] DEBUG com.intuit.karate - request:
1 > DELETE https://gorest.co.in/public/v2/users
1 > Accept: application/json
1 > Content-Type: application/json
1 > Authorization: Bearer e582c281c7b7462e01a3a05be8f93aaa4b40dda654ceb0126ba3f538b43da610
1 > Host: gorest.co.in
1 > Connection: Keep-Alive
1 > User-Agent: Apache-HttpClient/4.5.14 (Java/24.0.1)
1 > Accept-Encoding: gzip,deflate


23:53:03.100 [pool-2-thread-1] DEBUG com.intuit.karate - response time in milliseconds: 1354
1 < 200
1 < Date: Thu, 28 Aug 2025 03:53:02 GMT
1 < Content-Type: application/json; charset=utf-8
1 < Transfer-Encoding: chunked
1 < Connection: keep-alive
1 < Cache-Control: max-age=0, private, must-revalidate
1 < etag: W/"29deaf616e296bcbe305dc652d3f9039"
1 < feature-policy: camera 'none'; gyroscope 'none'; microphone 'none'; usb 'none'; fullscreen 'self'
1 < referrer-policy: strict-origin-when-cross-origin
1 < vary: Origin
1 < x-content-type-options: nosniff
1 < x-download-options: noopen
1 < x-frame-options: SAMEORIGIN
1 < x-links-current: https://gorest.co.in/public/v2/users?page=1
1 < x-links-next: https://gorest.co.in/public/v2/users?page=2
1 < x-links-previous: 
1 < x-pagination-limit: 10
1 < x-pagination-page: 1
1 < x-pagination-pages: 293
1 < x-pagination-total: 2925
1 < x-permitted-cross-domain-policies: none
1 < x-ratelimit-limit: 90
1 < x-ratelimit-remaining: 89
1 < x-ratelimit-reset: 1
1 < x-request-id: 05c9d3a4-1d6f-493a-b6a2-619d74c504fc
1 < x-runtime: 0.050232
1 < x-xss-protection: 0
1 < cf-cache-status: DYNAMIC
1 < Nel: {"report_to":"cf-nel","success_fraction":0.0,"max_age":604800}
1 < Report-To: {"group":"cf-nel","max_age":604800,"endpoints":[{"url":"https://a.nel.cloudflare.com/report/v4?s=lP9qDwlp9yxAXKudVpZu4bm%2Fo9RH26STx1GPFy01%2FsLkGYISatXYwhzy0WKY2bFACjqKf3Jl%2Byb%2FfHMNVYn9abtefwur23gn9yo92A%3D%3D"}]}
1 < Server: cloudflare
1 < CF-RAY: 9760dbf6f930f02f-GRU
1 < alt-svc: h3=":443"; ma=86400
[{"id":8091394,"name":"Juan Carlos","email":"juancarlos1756352785862@test.com","gender":"male","status":"active"},{"id":8091393,"name":"Juan Carlos","email":"juancarlos1756352672746@test.com","gender":"male","status":"active"},{"id":8091391,"name":"Juan Carlos","email":"juancarlos1756352300774@test.com","gender":"male","status":"active"},{"id":8091252,"name":"Goswami Desai","email":"desai_goswami@reinger.example","gender":"male","status":"active"},{"id":8091251,"name":"Sarada Talwar DC","email":"talwar_sarada_dc@hettinger.example","gender":"female","status":"active"},{"id":8091250,"name":"Sweta Sethi","email":"sethi_sweta@daniel.example","gender":"male","status":"active"},{"id":8091249,"name":"Sen. Gatik Reddy","email":"sen_gatik_reddy@mann.example","gender":"male","status":"inactive"},{"id":8091248,"name":"Nawal Abbott DDS","email":"dds_nawal_abbott@buckridge.test","gender":"male","status":"inactive"},{"id":8091247,"name":"Anandamayi Varrier","email":"anandamayi_varrier@rath.example","gender":"male","status":"inactive"},{"id":8091246,"name":"Trisha Somayaji","email":"trisha_somayaji@carter.test","gender":"female","status":"active"}]

23:53:03.112 [pool-2-thread-1] INFO  com.intuit.karate - karate.env system property was: null 
23:53:03.119 [pool-2-thread-1] DEBUG com.intuit.karate - request:
1 > GET https://jsonplaceholder.typicode.com/users
1 > Host: jsonplaceholder.typicode.com
1 > Connection: Keep-Alive
1 > User-Agent: Apache-HttpClient/4.5.14 (Java/24.0.1)
1 > Accept-Encoding: gzip,deflate


23:53:03.174 [pool-2-thread-5] DEBUG com.intuit.karate - response time in milliseconds: 1341
1 < 201
1 < Date: Thu, 28 Aug 2025 03:53:02 GMT
1 < Content-Type: application/json; charset=utf-8
1 < Content-Length: 112
1 < Connection: keep-alive
1 < Cache-Control: max-age=0, private, must-revalidate
1 < Etag: W/"6ac3f6e9674b6798334289ee35116ff5"
1 < Feature-Policy: camera 'none'; gyroscope 'none'; microphone 'none'; usb 'none'; fullscreen 'self'
1 < Location: https://gorest.co.in/public/v2/users/8091395
1 < Referrer-Policy: strict-origin-when-cross-origin
1 < Vary: Origin
1 < X-Content-Type-Options: nosniff
1 < X-Download-Options: noopen
1 < X-Frame-Options: SAMEORIGIN
1 < X-Permitted-Cross-Domain-Policies: none
1 < X-Ratelimit-Limit: 90
1 < X-Ratelimit-Remaining: 89
1 < X-Ratelimit-Reset: 2
1 < X-Request-Id: 246a8dd2-6a99-48a1-856b-1dbcc3e4946c
1 < X-Runtime: 0.056100
1 < X-Xss-Protection: 0
1 < Cf-Cache-Status: DYNAMIC
1 < Nel: {"report_to":"cf-nel","success_fraction":0.0,"max_age":604800}
1 < Report-To: {"group":"cf-nel","max_age":604800,"endpoints":[{"url":"https://a.nel.cloudflare.com/report/v4?s=%2BkPAJwqej2m3FeewdEAuGJ1hf90wMhtER%2BDhC2c3R%2BCxbTwmUtfHcTDLONIQM3Zfs3Z3mymQA%2B5cig1DWGT9Y%2FEGAHvi4XeSAplsfA%3D%3D"}]}
1 < Server: cloudflare
1 < CF-RAY: 9760dbf78f73f17d-GRU
1 < alt-svc: h3=":443"; ma=86400
{"id":8091395,"name":"Juan Carlos","email":"juancarlos1756353181817@test.com","gender":"male","status":"active"}

23:53:03.177 [pool-2-thread-2] DEBUG com.intuit.karate - response time in milliseconds: 1344
1 < 200
1 < Date: Thu, 28 Aug 2025 03:53:02 GMT
1 < Content-Type: application/json; charset=utf-8
1 < Transfer-Encoding: chunked
1 < Connection: keep-alive
1 < Cache-Control: max-age=0, private, must-revalidate
1 < Etag: W/"69a780b0dbffac95800274655cb64bcb"
1 < Feature-Policy: camera 'none'; gyroscope 'none'; microphone 'none'; usb 'none'; fullscreen 'self'
1 < Referrer-Policy: strict-origin-when-cross-origin
1 < Vary: Origin
1 < X-Content-Type-Options: nosniff
1 < X-Download-Options: noopen
1 < X-Frame-Options: SAMEORIGIN
1 < X-Links-Current: https://gorest.co.in/public/v2/users?page=1
1 < X-Links-Next: https://gorest.co.in/public/v2/users?page=2
1 < X-Links-Previous: 
1 < X-Pagination-Limit: 10
1 < X-Pagination-Page: 1
1 < X-Pagination-Pages: 293
1 < X-Pagination-Total: 2925
1 < X-Permitted-Cross-Domain-Policies: none
1 < X-Ratelimit-Limit: 90
1 < X-Ratelimit-Remaining: 89
1 < X-Ratelimit-Reset: 2
1 < X-Request-Id: d01cd96f-3642-40ad-9806-213d8892ef99
1 < X-Runtime: 0.041239
1 < X-Xss-Protection: 0
1 < Cf-Cache-Status: DYNAMIC
1 < Nel: {"report_to":"cf-nel","success_fraction":0.0,"max_age":604800}
1 < Report-To: {"group":"cf-nel","max_age":604800,"endpoints":[{"url":"https://a.nel.cloudflare.com/report/v4?s=iCJlJb7qxDLHffvCxf4%2BwhLg1RCTxwXyBfJFOmVi1fN1LFUWNvdJaW8kO%2FVj5JRJYaTXGd%2BzVwzzrpXPVQgA7Mz%2B5wEW40AJETpifA%3D%3D"}]}
1 < Server: cloudflare
1 < CF-RAY: 9760dbf77a201d11-GRU
1 < alt-svc: h3=":443"; ma=86400
[{"id":8091395,"name":"Juan Carlos","email":"juancarlos1756353181817@test.com","gender":"male","status":"active"},{"id":8091394,"name":"Juan Carlos","email":"juancarlos1756352785862@test.com","gender":"male","status":"active"},{"id":8091393,"name":"Juan Carlos","email":"juancarlos1756352672746@test.com","gender":"male","status":"active"},{"id":8091391,"name":"Juan Carlos","email":"juancarlos1756352300774@test.com","gender":"male","status":"active"},{"id":8091252,"name":"Goswami Desai","email":"desai_goswami@reinger.example","gender":"male","status":"active"},{"id":8091251,"name":"Sarada Talwar DC","email":"talwar_sarada_dc@hettinger.example","gender":"female","status":"active"},{"id":8091250,"name":"Sweta Sethi","email":"sethi_sweta@daniel.example","gender":"male","status":"active"},{"id":8091249,"name":"Sen. Gatik Reddy","email":"sen_gatik_reddy@mann.example","gender":"male","status":"inactive"},{"id":8091248,"name":"Nawal Abbott DDS","email":"dds_nawal_abbott@buckridge.test","gender":"male","status":"inactive"},{"id":8091247,"name":"Anandamayi Varrier","email":"anandamayi_varrier@rath.example","gender":"male","status":"inactive"}]

23:53:03.181 [pool-2-thread-5] INFO  com.intuit.karate - [print] >>> userId set globally = 8091395 
23:53:03.182 [pool-2-thread-2] ERROR com.intuit.karate - classpath:examples/user/user.feature:51
And match response.id == userId
match failed: EQUALS
  $ | actual path does not exist (STRING:NULL)
  '#notpresent'
  null

classpath:examples/user/user.feature:51
23:53:03.190 [pool-2-thread-5] INFO  com.intuit.karate - karate.env system property was: null 
23:53:03.196 [pool-2-thread-5] ERROR com.intuit.karate - classpath:examples/users/users.feature:19
* def examples.user =
"""
{
  "name": "Test User",
  "username": "testuser",
  "email": "test@examples.user.com",
  "address": {
    "street": "Has No Name",
    "suite": "Apt. 123",
    "city": "Electri",
    "zipcode": "54321-6789"
  }
}
"""
invalid variable name: examples.user
classpath:examples/users/users.feature:19
---------------------------------------------------------
feature: classpath:examples/todos/todos.feature
scenarios:  4 | passed:  1 | failed:  3 | time: 5,3738
---------------------------------------------------------

23:53:03.292 [pool-3-thread-1] INFO  com.intuit.karate.Suite - <<fail>> feature 3 of 5 (2 remaining) classpath:examples/todos/todos.feature
23:53:03.382 [pool-2-thread-1] DEBUG com.intuit.karate - response time in milliseconds: 261
1 < 200
1 < Date: Thu, 28 Aug 2025 03:53:02 GMT
1 < Content-Type: application/json; charset=utf-8
1 < Connection: keep-alive
1 < access-control-allow-credentials: true
1 < Cache-Control: max-age=43200
1 < etag: W/"160d-1eMSsxeJRfnVLRBmYJSbCiJZ1qQ"
1 < expires: -1
1 < nel: {"report_to":"heroku-nel","response_headers":["Via"],"max_age":3600,"success_fraction":0.01,"failure_fraction":0.1}
1 < pragma: no-cache
1 < report-to: {"group":"heroku-nel","endpoints":[{"url":"https://nel.heroku.com/reports?s=lG590KbX3UWAIrJBchHZJ1H0eAmZZe5e7vOtb4QtO5g%3D\u0026sid=e11707d5-02a7-43ef-b45e-2cf4d2036f7d\u0026ts=1752263277"}],"max_age":3600}
1 < reporting-endpoints: heroku-nel="https://nel.heroku.com/reports?s=lG590KbX3UWAIrJBchHZJ1H0eAmZZe5e7vOtb4QtO5g%3D&sid=e11707d5-02a7-43ef-b45e-2cf4d2036f7d&ts=1752263277"
1 < Server: cloudflare
1 < vary: Origin, Accept-Encoding
1 < via: 2.0 heroku-router
1 < x-content-type-options: nosniff
1 < x-powered-by: Express
1 < x-ratelimit-limit: 1000
1 < x-ratelimit-remaining: 999
1 < x-ratelimit-reset: 1752263294
1 < Age: 26119
1 < cf-cache-status: HIT
1 < Server-Timing: cfCacheStatus;desc="HIT"
1 < Server-Timing: cfEdge;dur=25,cfOrigin;dur=0
1 < CF-RAY: 9760dbffbcd1f1af-GRU
1 < alt-svc: h3=":443"; ma=86400
[
  {
    "id": 1,
    "name": "Leanne Graham",
    "username": "Bret",
    "email": "Sincere@april.biz",
    "address": {
      "street": "Kulas Light",
      "suite": "Apt. 556",
      "city": "Gwenborough",
      "zipcode": "92998-3874",
      "geo": {
        "lat": "-37.3159",
        "lng": "81.1496"
      }
    },
    "phone": "1-770-736-8031 x56442",
    "website": "hildegard.org",
    "company": {
      "name": "Romaguera-Crona",
      "catchPhrase": "Multi-layered client-server neural-net",
      "bs": "harness real-time e-markets"
    }
  },
  {
    "id": 2,
    "name": "Ervin Howell",
    "username": "Antonette",
    "email": "Shanna@melissa.tv",
    "address": {
      "street": "Victor Plains",
      "suite": "Suite 879",
      "city": "Wisokyburgh",
      "zipcode": "90566-7771",
      "geo": {
        "lat": "-43.9509",
        "lng": "-34.4618"
      }
    },
    "phone": "010-692-6593 x09125",
    "website": "anastasia.net",
    "company": {
      "name": "Deckow-Crist",
      "catchPhrase": "Proactive didactic contingency",
      "bs": "synergize scalable supply-chains"
    }
  },
  {
    "id": 3,
    "name": "Clementine Bauch",
    "username": "Samantha",
    "email": "Nathan@yesenia.net",
    "address": {
      "street": "Douglas Extension",
      "suite": "Suite 847",
      "city": "McKenziehaven",
      "zipcode": "59590-4157",
      "geo": {
        "lat": "-68.6102",
        "lng": "-47.0653"
      }
    },
    "phone": "1-463-123-4447",
    "website": "ramiro.info",
    "company": {
      "name": "Romaguera-Jacobson",
      "catchPhrase": "Face to face bifurcated interface",
      "bs": "e-enable strategic applications"
    }
  },
  {
    "id": 4,
    "name": "Patricia Lebsack",
    "username": "Karianne",
    "email": "Julianne.OConner@kory.org",
    "address": {
      "street": "Hoeger Mall",
      "suite": "Apt. 692",
      "city": "South Elvis",
      "zipcode": "53919-4257",
      "geo": {
        "lat": "29.4572",
        "lng": "-164.2990"
      }
    },
    "phone": "493-170-9623 x156",
    "website": "kale.biz",
    "company": {
      "name": "Robel-Corkery",
      "catchPhrase": "Multi-tiered zero tolerance productivity",
      "bs": "transition cutting-edge web services"
    }
  },
  {
    "id": 5,
    "name": "Chelsey Dietrich",
    "username": "Kamren",
    "email": "Lucio_Hettinger@annie.ca",
    "address": {
      "street": "Skiles Walks",
      "suite": "Suite 351",
      "city": "Roscoeview",
      "zipcode": "33263",
      "geo": {
        "lat": "-31.8129",
        "lng": "62.5342"
      }
    },
    "phone": "(254)954-1289",
    "website": "demarco.info",
    "company": {
      "name": "Keebler LLC",
      "catchPhrase": "User-centric fault-tolerant solution",
      "bs": "revolutionize end-to-end systems"
    }
  },
  {
    "id": 6,
    "name": "Mrs. Dennis Schulist",
    "username": "Leopoldo_Corkery",
    "email": "Karley_Dach@jasper.info",
    "address": {
      "street": "Norberto Crossing",
      "suite": "Apt. 950",
      "city": "South Christy",
      "zipcode": "23505-1337",
      "geo": {
        "lat": "-71.4197",
        "lng": "71.7478"
      }
    },
    "phone": "1-477-935-8478 x6430",
    "website": "ola.org",
    "company": {
      "name": "Considine-Lockman",
      "catchPhrase": "Synchronised bottom-line interface",
      "bs": "e-enable innovative applications"
    }
  },
  {
    "id": 7,
    "name": "Kurtis Weissnat",
    "username": "Elwyn.Skiles",
    "email": "Telly.Hoeger@billy.biz",
    "address": {
      "street": "Rex Trail",
      "suite": "Suite 280",
      "city": "Howemouth",
      "zipcode": "58804-1099",
      "geo": {
        "lat": "24.8918",
        "lng": "21.8984"
      }
    },
    "phone": "210.067.6132",
    "website": "elvis.io",
    "company": {
      "name": "Johns Group",
      "catchPhrase": "Configurable multimedia task-force",
      "bs": "generate enterprise e-tailers"
    }
  },
  {
    "id": 8,
    "name": "Nicholas Runolfsdottir V",
    "username": "Maxime_Nienow",
    "email": "Sherwood@rosamond.me",
    "address": {
      "street": "Ellsworth Summit",
      "suite": "Suite 729",
      "city": "Aliyaview",
      "zipcode": "45169",
      "geo": {
        "lat": "-14.3990",
        "lng": "-120.7677"
      }
    },
    "phone": "586.493.6943 x140",
    "website": "jacynthe.com",
    "company": {
      "name": "Abernathy Group",
      "catchPhrase": "Implemented secondary concept",
      "bs": "e-enable extensible e-tailers"
    }
  },
  {
    "id": 9,
    "name": "Glenna Reichert",
    "username": "Delphine",
    "email": "Chaim_McDermott@dana.io",
    "address": {
      "street": "Dayna Park",
      "suite": "Suite 449",
      "city": "Bartholomebury",
      "zipcode": "76495-3109",
      "geo": {
        "lat": "24.6463",
        "lng": "-168.8889"
      }
    },
    "phone": "(775)976-6794 x41206",
    "website": "conrad.com",
    "company": {
      "name": "Yost and Sons",
      "catchPhrase": "Switchable contextually-based project",
      "bs": "aggregate real-time technologies"
    }
  },
  {
    "id": 10,
    "name": "Clementina DuBuque",
    "username": "Moriah.Stanton",
    "email": "Rey.Padberg@karina.biz",
    "address": {
      "street": "Kattie Turnpike",
      "suite": "Suite 198",
      "city": "Lebsackbury",
      "zipcode": "31428-2261",
      "geo": {
        "lat": "-38.2386",
        "lng": "57.2232"
      }
    },
    "phone": "024-648-3804",
    "website": "ambrose.net",
    "company": {
      "name": "Hoeger LLC",
      "catchPhrase": "Centralized empowering task-force",
      "bs": "target end-to-end models"
    }
  }
]

23:53:03.394 [pool-2-thread-1] DEBUG com.intuit.karate - request:
2 > GET https://jsonplaceholder.typicode.com/users/1
2 > Host: jsonplaceholder.typicode.com
2 > Connection: Keep-Alive
2 > User-Agent: Apache-HttpClient/4.5.14 (Java/24.0.1)
2 > Accept-Encoding: gzip,deflate


23:53:03.606 [pool-2-thread-1] DEBUG com.intuit.karate - response time in milliseconds: 210
2 < 200
2 < Date: Thu, 28 Aug 2025 03:53:02 GMT
2 < Content-Type: application/json; charset=utf-8
2 < Transfer-Encoding: chunked
2 < Connection: keep-alive
2 < Access-Control-Allow-Credentials: true
2 < Cache-Control: max-age=43200
2 < Etag: W/"1fd-+2Y3G3w049iSZtw5t1mzSnunngE"
2 < Expires: -1
2 < Nel: {"report_to":"heroku-nel","response_headers":["Via"],"max_age":3600,"success_fraction":0.01,"failure_fraction":0.1}
2 < Pragma: no-cache
2 < Report-To: {"group":"heroku-nel","endpoints":[{"url":"https://nel.heroku.com/reports?s=223ZsMOGtxX%2FJBB2fAn2E%2BgYcOctaTZIidppTD9OSZM%3D\u0026sid=e11707d5-02a7-43ef-b45e-2cf4d2036f7d\u0026ts=1752068921"}],"max_age":3600}
2 < Reporting-Endpoints: heroku-nel="https://nel.heroku.com/reports?s=223ZsMOGtxX%2FJBB2fAn2E%2BgYcOctaTZIidppTD9OSZM%3D&sid=e11707d5-02a7-43ef-b45e-2cf4d2036f7d&ts=1752068921"
2 < Server: cloudflare
2 < Vary: Origin, Accept-Encoding
2 < Via: 2.0 heroku-router
2 < X-Content-Type-Options: nosniff
2 < X-Powered-By: Express
2 < X-Ratelimit-Limit: 1000
2 < X-Ratelimit-Remaining: 999
2 < X-Ratelimit-Reset: 1752068976
2 < Age: 10577
2 < Cf-Cache-Status: HIT
2 < Server-Timing: cfCacheStatus;desc="HIT"
2 < Server-Timing: cfEdge;dur=4,cfOrigin;dur=0
2 < CF-RAY: 9760dc0139fb1225-GRU
2 < alt-svc: h3=":443"; ma=86400
{
  "id": 1,
  "name": "Leanne Graham",
  "username": "Bret",
  "email": "Sincere@april.biz",
  "address": {
    "street": "Kulas Light",
    "suite": "Apt. 556",
    "city": "Gwenborough",
    "zipcode": "92998-3874",
    "geo": {
      "lat": "-37.3159",
      "lng": "81.1496"
    }
  },
  "phone": "1-770-736-8031 x56442",
  "website": "hildegard.org",
  "company": {
    "name": "Romaguera-Crona",
    "catchPhrase": "Multi-layered client-server neural-net",
    "bs": "harness real-time e-markets"
  }
}

23:53:04.372 [pool-2-thread-4] DEBUG com.intuit.karate - response time in milliseconds: 1298
1 < 404
1 < Date: Thu, 28 Aug 2025 03:53:03 GMT
1 < Content-Type: text/html; charset=utf-8
1 < Transfer-Encoding: chunked
1 < Connection: keep-alive
1 < Cache-Control: no-cache
1 < feature-policy: camera 'none'; gyroscope 'none'; microphone 'none'; usb 'none'; fullscreen 'self'
1 < link: </assets/application-908c2251d58be479b7fb209519b40235fa8b917357737796da9f4462eea8cabe.css>; rel=preload; as=style; nopush
1 < referrer-policy: strict-origin-when-cross-origin
1 < vary: Origin
1 < x-content-type-options: nosniff
1 < x-download-options: noopen
1 < x-frame-options: SAMEORIGIN
1 < x-permitted-cross-domain-policies: none
1 < x-request-id: 4a038e52-53c0-488c-ac30-8a978d530a4e
1 < x-runtime: 0.007892
1 < x-xss-protection: 0
1 < cf-cache-status: DYNAMIC
1 < Nel: {"report_to":"cf-nel","success_fraction":0.0,"max_age":604800}
1 < Report-To: {"group":"cf-nel","max_age":604800,"endpoints":[{"url":"https://a.nel.cloudflare.com/report/v4?s=b3EpVRWGKPuxGN5SCj88B%2BqR8Ms6HHnsJdG7oN6g2z9LVKrLJ5r9BDdTs5HVJgkVEAicbDV2X1z1ihftHb0F5OTZNe%2B4FNdh7g4WMA%3D%3D"}]}
1 < Server: cloudflare
1 < CF-RAY: 9760dbff3a35031e-GRU
1 < alt-svc: h3=":443"; ma=86400
<!DOCTYPE html><html><head><meta charset="utf-8" /><meta content="width=device-width, initial-scale=1, shrink-to-fit=no" name="viewport" /><link href="/favicon.ico" rel="icon" type="image/x-icon" /><title>Page Not Found | GO REST</title><link rel="stylesheet" href="/assets/application-908c2251d58be479b7fb209519b40235fa8b917357737796da9f4462eea8cabe.css" media="all" data-turbolinks-track="reload" /><script src="/packs/js/application-194ed409298f13f197d2.js" data-turbolinks-track="reload" defer="defer"></script><script async="true" crossorigin="anonymous" src="https://pagead2.googlesyndication.com/pagead/js/adsbygoogle.js?client=ca-pub-4400401340006140"></script></head><body><nav class="navbar navbar-expand-lg navbar-dark bg-dark sticky-top"><div class="container"><a class="navbar-brand" href="/"><i class="fas fa-exchange-alt"></i> Go REST</a><button aria-controls="AppNavBar" aria-expanded="false" aria-label="Toggle navigation" class="navbar-toggler" data-bs-target="#AppNavBar" data-bs-toggle="collapse" type="button"><span class="navbar-toggler-icon"></span></button><div class="collapse navbar-collapse" id="AppNavBar"><ul class="navbar-nav ms-auto"><li class="nav-item"><a class="nav-link" href="/qa"><i class="fas fa-life-ring"></i> Help</a></li><li class="nav-item"><a class="nav-link" href="/rest-console"><i class="fab fa-linux"></i> Rest Console</a></li><li class="nav-item dropdown"><a aria-expanded="false" class="nav-link dropdown-toggle" data-bs-toggle="dropdown" href="#" id="ToolsDropDown" role="button"><i class="fas fa-tools"></i> Tools</a><ul aria-labelledby="ToolsDropDown" class="dropdown-menu"><li class=""><a class="dropdown-item" href="/tools/base64-encode-decode">Base64 Encode/Decode</a></li><li class=""><a class="dropdown-item" href="/tools/url-encode-decode">Url Encode/Decode</a></li><li class=""><a class="dropdown-item" href="/tools/gcode-translator">G-Code Translator</a></li></ul></li><li class="nav-item"><a class="nav-link" href="/consumer/login">Login</a></li></ul></div></div></nav><div class="container pt-3"><style type="text/css">.code-text code {color: #bdbdbd;display: block;}.code-text code b {color: #81a2be;font-weight: 900;}.code-text code em {color: #b294bb;font-style: unset;}.code-text code i {color: #b5bd68;}.code-text code span {color: #f0c674;}</style><div class="card text-white border-secondary bg-dark"><div class="card-header"><h1 class="card-title text-warning"><i class="fas fa-ghost text-white slide-right"></i> HTTP: Not Found </h1></div><div class="card-body"><h3 class="leaad code-text"><code class="mb-3"><span>this_page</span>.<em>not_found</em> = true</code></h3><p class="lead code-text"><code class="mb-2"><span>if</span> <b>you_spelt_it_wrong</b> <br />&nbsp;&nbsp;<span>try_again</span><br /></code><code class="mb-2"><span>elsif <b>we_screwed_up</b></span> <br />&nbsp;&nbsp;<em>print</em> <i>"We're really sorry about that."</i><br/></code><code class="mb-2"><span>end</span></code><code class="mb-2"><span>redirect_to</span> <em>home_page</em></code></p></div><div class="card-footer"><p class="text-danger">We are sorry, something went wrong. Please try again later.</p></div></div></div><hr class="mt-5" /><div class="container"><div class="footer"><ul class="list-inline"><li class="list-inline-item">&copy; Go Rest 2025</li><li class="list-inline-item float-lg-end"><a href="/privacy-policy">Privacy Policy</a></li><li class="list-inline-item float-lg-end me-3"><a href="/contact-us">Contact Us</a></li></ul></div></div></body></html>

23:53:04.374 [pool-2-thread-4] ERROR com.intuit.karate - classpath:examples/user/user.feature:67
Then status 200
status code was: 404, expected: 200, response time in milliseconds: 1298, url: https://gorest.co.in/public/v2/users, response: 
<!DOCTYPE html><html><head><meta charset="utf-8" /><meta content="width=device-width, initial-scale=1, shrink-to-fit=no" name="viewport" /><link href="/favicon.ico" rel="icon" type="image/x-icon" /><title>Page Not Found | GO REST</title><link rel="stylesheet" href="/assets/application-908c2251d58be479b7fb209519b40235fa8b917357737796da9f4462eea8cabe.css" media="all" data-turbolinks-track="reload" /><script src="/packs/js/application-194ed409298f13f197d2.js" data-turbolinks-track="reload" defer="defer"></script><script async="true" crossorigin="anonymous" src="https://pagead2.googlesyndication.com/pagead/js/adsbygoogle.js?client=ca-pub-4400401340006140"></script></head><body><nav class="navbar navbar-expand-lg navbar-dark bg-dark sticky-top"><div class="container"><a class="navbar-brand" href="/"><i class="fas fa-exchange-alt"></i> Go REST</a><button aria-controls="AppNavBar" aria-expanded="false" aria-label="Toggle navigation" class="navbar-toggler" data-bs-target="#AppNavBar" data-bs-toggle="collapse" type="button"><span class="navbar-toggler-icon"></span></button><div class="collapse navbar-collapse" id="AppNavBar"><ul class="navbar-nav ms-auto"><li class="nav-item"><a class="nav-link" href="/qa"><i class="fas fa-life-ring"></i> Help</a></li><li class="nav-item"><a class="nav-link" href="/rest-console"><i class="fab fa-linux"></i> Rest Console</a></li><li class="nav-item dropdown"><a aria-expanded="false" class="nav-link dropdown-toggle" data-bs-toggle="dropdown" href="#" id="ToolsDropDown" role="button"><i class="fas fa-tools"></i> Tools</a><ul aria-labelledby="ToolsDropDown" class="dropdown-menu"><li class=""><a class="dropdown-item" href="/tools/base64-encode-decode">Base64 Encode/Decode</a></li><li class=""><a class="dropdown-item" href="/tools/url-encode-decode">Url Encode/Decode</a></li><li class=""><a class="dropdown-item" href="/tools/gcode-translator">G-Code Translator</a></li></ul></li><li class="nav-item"><a class="nav-link" href="/consumer/login">Login</a></li></ul></div></div></nav><div class="container pt-3"><style type="text/css">.code-text code {color: #bdbdbd;display: block;}.code-text code b {color: #81a2be;font-weight: 900;}.code-text code em {color: #b294bb;font-style: unset;}.code-text code i {color: #b5bd68;}.code-text code span {color: #f0c674;}</style><div class="card text-white border-secondary bg-dark"><div class="card-header"><h1 class="card-title text-warning"><i class="fas fa-ghost text-white slide-right"></i> HTTP: Not Found </h1></div><div class="card-body"><h3 class="leaad code-text"><code class="mb-3"><span>this_page</span>.<em>not_found</em> = true</code></h3><p class="lead code-text"><code class="mb-2"><span>if</span> <b>you_spelt_it_wrong</b> <br />&nbsp;&nbsp;<span>try_again</span><br /></code><code class="mb-2"><span>elsif <b>we_screwed_up</b></span> <br />&nbsp;&nbsp;<em>print</em> <i>"We're really sorry about that."</i><br/></code><code class="mb-2"><span>end</span></code><code class="mb-2"><span>redirect_to</span> <em>home_page</em></code></p></div><div class="card-footer"><p class="text-danger">We are sorry, something went wrong. Please try again later.</p></div></div></div><hr class="mt-5" /><div class="container"><div class="footer"><ul class="list-inline"><li class="list-inline-item">&copy; Go Rest 2025</li><li class="list-inline-item float-lg-end"><a href="/privacy-policy">Privacy Policy</a></li><li class="list-inline-item float-lg-end me-3"><a href="/contact-us">Contact Us</a></li></ul></div></div></body></html>
classpath:examples/user/user.feature:67
23:53:04.387 [pool-2-thread-3] DEBUG com.intuit.karate - response time in milliseconds: 1303
1 < 404
1 < Date: Thu, 28 Aug 2025 03:53:03 GMT
1 < Content-Type: text/html; charset=utf-8
1 < Transfer-Encoding: chunked
1 < Connection: keep-alive
1 < Cache-Control: no-cache
1 < feature-policy: camera 'none'; gyroscope 'none'; microphone 'none'; usb 'none'; fullscreen 'self'
1 < link: </assets/application-908c2251d58be479b7fb209519b40235fa8b917357737796da9f4462eea8cabe.css>; rel=preload; as=style; nopush
1 < referrer-policy: strict-origin-when-cross-origin
1 < vary: Origin
1 < x-content-type-options: nosniff
1 < x-download-options: noopen
1 < x-frame-options: SAMEORIGIN
1 < x-permitted-cross-domain-policies: none
1 < x-request-id: f1c39152-b5d0-4eab-9b91-03d32175bab0
1 < x-runtime: 0.010946
1 < x-xss-protection: 0
1 < cf-cache-status: DYNAMIC
1 < Nel: {"report_to":"cf-nel","success_fraction":0.0,"max_age":604800}
1 < Report-To: {"group":"cf-nel","max_age":604800,"endpoints":[{"url":"https://a.nel.cloudflare.com/report/v4?s=FVZbUzKHeFb63x7llaD%2FqucttTKww0K708jA2ZlYMcvy1RLSsRQkjFlRmJq3I4SPo%2BHcUQhsmVAuPiOHaEWNEkMPrX5F6k8Omlpavw%3D%3D"}]}
1 < Server: cloudflare
1 < CF-RAY: 9760dbff4f93af23-GRU
1 < alt-svc: h3=":443"; ma=86400
<!DOCTYPE html><html><head><meta charset="utf-8" /><meta content="width=device-width, initial-scale=1, shrink-to-fit=no" name="viewport" /><link href="/favicon.ico" rel="icon" type="image/x-icon" /><title>Page Not Found | GO REST</title><link rel="stylesheet" href="/assets/application-908c2251d58be479b7fb209519b40235fa8b917357737796da9f4462eea8cabe.css" media="all" data-turbolinks-track="reload" /><script src="/packs/js/application-194ed409298f13f197d2.js" data-turbolinks-track="reload" defer="defer"></script><script async="true" crossorigin="anonymous" src="https://pagead2.googlesyndication.com/pagead/js/adsbygoogle.js?client=ca-pub-4400401340006140"></script></head><body><nav class="navbar navbar-expand-lg navbar-dark bg-dark sticky-top"><div class="container"><a class="navbar-brand" href="/"><i class="fas fa-exchange-alt"></i> Go REST</a><button aria-controls="AppNavBar" aria-expanded="false" aria-label="Toggle navigation" class="navbar-toggler" data-bs-target="#AppNavBar" data-bs-toggle="collapse" type="button"><span class="navbar-toggler-icon"></span></button><div class="collapse navbar-collapse" id="AppNavBar"><ul class="navbar-nav ms-auto"><li class="nav-item"><a class="nav-link" href="/qa"><i class="fas fa-life-ring"></i> Help</a></li><li class="nav-item"><a class="nav-link" href="/rest-console"><i class="fab fa-linux"></i> Rest Console</a></li><li class="nav-item dropdown"><a aria-expanded="false" class="nav-link dropdown-toggle" data-bs-toggle="dropdown" href="#" id="ToolsDropDown" role="button"><i class="fas fa-tools"></i> Tools</a><ul aria-labelledby="ToolsDropDown" class="dropdown-menu"><li class=""><a class="dropdown-item" href="/tools/base64-encode-decode">Base64 Encode/Decode</a></li><li class=""><a class="dropdown-item" href="/tools/url-encode-decode">Url Encode/Decode</a></li><li class=""><a class="dropdown-item" href="/tools/gcode-translator">G-Code Translator</a></li></ul></li><li class="nav-item"><a class="nav-link" href="/consumer/login">Login</a></li></ul></div></div></nav><div class="container pt-3"><style type="text/css">.code-text code {color: #bdbdbd;display: block;}.code-text code b {color: #81a2be;font-weight: 900;}.code-text code em {color: #b294bb;font-style: unset;}.code-text code i {color: #b5bd68;}.code-text code span {color: #f0c674;}</style><div class="card text-white border-secondary bg-dark"><div class="card-header"><h1 class="card-title text-warning"><i class="fas fa-ghost text-white slide-right"></i> HTTP: Not Found </h1></div><div class="card-body"><h3 class="leaad code-text"><code class="mb-3"><span>this_page</span>.<em>not_found</em> = true</code></h3><p class="lead code-text"><code class="mb-2"><span>if</span> <b>you_spelt_it_wrong</b> <br />&nbsp;&nbsp;<span>try_again</span><br /></code><code class="mb-2"><span>elsif <b>we_screwed_up</b></span> <br />&nbsp;&nbsp;<em>print</em> <i>"We're really sorry about that."</i><br/></code><code class="mb-2"><span>end</span></code><code class="mb-2"><span>redirect_to</span> <em>home_page</em></code></p></div><div class="card-footer"><p class="text-danger">We are sorry, something went wrong. Please try again later.</p></div></div></div><hr class="mt-5" /><div class="container"><div class="footer"><ul class="list-inline"><li class="list-inline-item">&copy; Go Rest 2025</li><li class="list-inline-item float-lg-end"><a href="/privacy-policy">Privacy Policy</a></li><li class="list-inline-item float-lg-end me-3"><a href="/contact-us">Contact Us</a></li></ul></div></div></body></html>

23:53:04.388 [pool-2-thread-3] ERROR com.intuit.karate - classpath:examples/user/user.feature:74
Then status 204
status code was: 404, expected: 204, response time in milliseconds: 1303, url: https://gorest.co.in/public/v2/users, response: 
<!DOCTYPE html><html><head><meta charset="utf-8" /><meta content="width=device-width, initial-scale=1, shrink-to-fit=no" name="viewport" /><link href="/favicon.ico" rel="icon" type="image/x-icon" /><title>Page Not Found | GO REST</title><link rel="stylesheet" href="/assets/application-908c2251d58be479b7fb209519b40235fa8b917357737796da9f4462eea8cabe.css" media="all" data-turbolinks-track="reload" /><script src="/packs/js/application-194ed409298f13f197d2.js" data-turbolinks-track="reload" defer="defer"></script><script async="true" crossorigin="anonymous" src="https://pagead2.googlesyndication.com/pagead/js/adsbygoogle.js?client=ca-pub-4400401340006140"></script></head><body><nav class="navbar navbar-expand-lg navbar-dark bg-dark sticky-top"><div class="container"><a class="navbar-brand" href="/"><i class="fas fa-exchange-alt"></i> Go REST</a><button aria-controls="AppNavBar" aria-expanded="false" aria-label="Toggle navigation" class="navbar-toggler" data-bs-target="#AppNavBar" data-bs-toggle="collapse" type="button"><span class="navbar-toggler-icon"></span></button><div class="collapse navbar-collapse" id="AppNavBar"><ul class="navbar-nav ms-auto"><li class="nav-item"><a class="nav-link" href="/qa"><i class="fas fa-life-ring"></i> Help</a></li><li class="nav-item"><a class="nav-link" href="/rest-console"><i class="fab fa-linux"></i> Rest Console</a></li><li class="nav-item dropdown"><a aria-expanded="false" class="nav-link dropdown-toggle" data-bs-toggle="dropdown" href="#" id="ToolsDropDown" role="button"><i class="fas fa-tools"></i> Tools</a><ul aria-labelledby="ToolsDropDown" class="dropdown-menu"><li class=""><a class="dropdown-item" href="/tools/base64-encode-decode">Base64 Encode/Decode</a></li><li class=""><a class="dropdown-item" href="/tools/url-encode-decode">Url Encode/Decode</a></li><li class=""><a class="dropdown-item" href="/tools/gcode-translator">G-Code Translator</a></li></ul></li><li class="nav-item"><a class="nav-link" href="/consumer/login">Login</a></li></ul></div></div></nav><div class="container pt-3"><style type="text/css">.code-text code {color: #bdbdbd;display: block;}.code-text code b {color: #81a2be;font-weight: 900;}.code-text code em {color: #b294bb;font-style: unset;}.code-text code i {color: #b5bd68;}.code-text code span {color: #f0c674;}</style><div class="card text-white border-secondary bg-dark"><div class="card-header"><h1 class="card-title text-warning"><i class="fas fa-ghost text-white slide-right"></i> HTTP: Not Found </h1></div><div class="card-body"><h3 class="leaad code-text"><code class="mb-3"><span>this_page</span>.<em>not_found</em> = true</code></h3><p class="lead code-text"><code class="mb-2"><span>if</span> <b>you_spelt_it_wrong</b> <br />&nbsp;&nbsp;<span>try_again</span><br /></code><code class="mb-2"><span>elsif <b>we_screwed_up</b></span> <br />&nbsp;&nbsp;<em>print</em> <i>"We're really sorry about that."</i><br/></code><code class="mb-2"><span>end</span></code><code class="mb-2"><span>redirect_to</span> <em>home_page</em></code></p></div><div class="card-footer"><p class="text-danger">We are sorry, something went wrong. Please try again later.</p></div></div></div><hr class="mt-5" /><div class="container"><div class="footer"><ul class="list-inline"><li class="list-inline-item">&copy; Go Rest 2025</li><li class="list-inline-item float-lg-end"><a href="/privacy-policy">Privacy Policy</a></li><li class="list-inline-item float-lg-end me-3"><a href="/contact-us">Contact Us</a></li></ul></div></div></body></html>
classpath:examples/user/user.feature:74
---------------------------------------------------------
feature: classpath:examples/user/user.feature
scenarios:  5 | passed:  2 | failed:  3 | time: 6,6890
---------------------------------------------------------

23:53:04.532 [pool-3-thread-1] INFO  com.intuit.karate.Suite - <<fail>> feature 4 of 5 (1 remaining) classpath:examples/user/user.feature
---------------------------------------------------------
feature: classpath:examples/users/users.feature
scenarios:  2 | passed:  1 | failed:  1 | time: 0,4922
---------------------------------------------------------

23:53:04.594 [pool-3-thread-1] INFO  com.intuit.karate.Suite - <<fail>> feature 5 of 5 (0 remaining) classpath:examples/users/users.feature
Karate version: 1.5.0
======================================================
elapsed:   9,02 | threads:    5 | thread time: 25,81 
features:     5 | skipped:    0 | efficiency: 0,57
scenarios:   19 | passed:     6 | failed: 13
======================================================
>>> failed features:
status code was: 404, expected: 201, response time in milliseconds: 1632, url: https://gorest.co.in/public/v2/posts/comments, response: 
<!DOCTYPE html><html><head><meta charset="utf-8" /><meta content="width=device-width, initial-scale=1, shrink-to-fit=no" name="viewport" /><link href="/favicon.ico" rel="icon" type="image/x-icon" /><title>Page Not Found | GO REST</title><link rel="stylesheet" href="/assets/application-908c2251d58be479b7fb209519b40235fa8b917357737796da9f4462eea8cabe.css" media="all" data-turbolinks-track="reload" /><script src="/packs/js/application-194ed409298f13f197d2.js" data-turbolinks-track="reload" defer="defer"></script><script async="true" crossorigin="anonymous" src="https://pagead2.googlesyndication.com/pagead/js/adsbygoogle.js?client=ca-pub-4400401340006140"></script></head><body><nav class="navbar navbar-expand-lg navbar-dark bg-dark sticky-top"><div class="container"><a class="navbar-brand" href="/"><i class="fas fa-exchange-alt"></i> Go REST</a><button aria-controls="AppNavBar" aria-expanded="false" aria-label="Toggle navigation" class="navbar-toggler" data-bs-target="#AppNavBar" data-bs-toggle="collapse" type="button"><span class="navbar-toggler-icon"></span></button><div class="collapse navbar-collapse" id="AppNavBar"><ul class="navbar-nav ms-auto"><li class="nav-item"><a class="nav-link" href="/qa"><i class="fas fa-life-ring"></i> Help</a></li><li class="nav-item"><a class="nav-link" href="/rest-console"><i class="fab fa-linux"></i> Rest Console</a></li><li class="nav-item dropdown"><a aria-expanded="false" class="nav-link dropdown-toggle" data-bs-toggle="dropdown" href="#" id="ToolsDropDown" role="button"><i class="fas fa-tools"></i> Tools</a><ul aria-labelledby="ToolsDropDown" class="dropdown-menu"><li class=""><a class="dropdown-item" href="/tools/base64-encode-decode">Base64 Encode/Decode</a></li><li class=""><a class="dropdown-item" href="/tools/url-encode-decode">Url Encode/Decode</a></li><li class=""><a class="dropdown-item" href="/tools/gcode-translator">G-Code Translator</a></li></ul></li><li class="nav-item"><a class="nav-link" href="/consumer/login">Login</a></li></ul></div></div></nav><div class="container pt-3"><style type="text/css">.code-text code {color: #bdbdbd;display: block;}.code-text code b {color: #81a2be;font-weight: 900;}.code-text code em {color: #b294bb;font-style: unset;}.code-text code i {color: #b5bd68;}.code-text code span {color: #f0c674;}</style><div class="card text-white border-secondary bg-dark"><div class="card-header"><h1 class="card-title text-warning"><i class="fas fa-ghost text-white slide-right"></i> HTTP: Not Found </h1></div><div class="card-body"><h3 class="leaad code-text"><code class="mb-3"><span>this_page</span>.<em>not_found</em> = true</code></h3><p class="lead code-text"><code class="mb-2"><span>if</span> <b>you_spelt_it_wrong</b> <br />&nbsp;&nbsp;<span>try_again</span><br /></code><code class="mb-2"><span>elsif <b>we_screwed_up</b></span> <br />&nbsp;&nbsp;<em>print</em> <i>"We're really sorry about that."</i><br/></code><code class="mb-2"><span>end</span></code><code class="mb-2"><span>redirect_to</span> <em>home_page</em></code></p></div><div class="card-footer"><p class="text-danger">We are sorry, something went wrong. Please try again later.</p></div></div></div><hr class="mt-5" /><div class="container"><div class="footer"><ul class="list-inline"><li class="list-inline-item">&copy; Go Rest 2025</li><li class="list-inline-item float-lg-end"><a href="/privacy-policy">Privacy Policy</a></li><li class="list-inline-item float-lg-end me-3"><a href="/contact-us">Contact Us</a></li></ul></div></div></body></html>
classpath:examples/comments/comments.feature:22
status code was: 404, expected: 200, response time in milliseconds: 1632, url: https://gorest.co.in/public/v2/comments, response: 
<!DOCTYPE html><html><head><meta charset="utf-8" /><meta content="width=device-width, initial-scale=1, shrink-to-fit=no" name="viewport" /><link href="/favicon.ico" rel="icon" type="image/x-icon" /><title>Page Not Found | GO REST</title><link rel="stylesheet" href="/assets/application-908c2251d58be479b7fb209519b40235fa8b917357737796da9f4462eea8cabe.css" media="all" data-turbolinks-track="reload" /><script src="/packs/js/application-194ed409298f13f197d2.js" data-turbolinks-track="reload" defer="defer"></script><script async="true" crossorigin="anonymous" src="https://pagead2.googlesyndication.com/pagead/js/adsbygoogle.js?client=ca-pub-4400401340006140"></script></head><body><nav class="navbar navbar-expand-lg navbar-dark bg-dark sticky-top"><div class="container"><a class="navbar-brand" href="/"><i class="fas fa-exchange-alt"></i> Go REST</a><button aria-controls="AppNavBar" aria-expanded="false" aria-label="Toggle navigation" class="navbar-toggler" data-bs-target="#AppNavBar" data-bs-toggle="collapse" type="button"><span class="navbar-toggler-icon"></span></button><div class="collapse navbar-collapse" id="AppNavBar"><ul class="navbar-nav ms-auto"><li class="nav-item"><a class="nav-link" href="/qa"><i class="fas fa-life-ring"></i> Help</a></li><li class="nav-item"><a class="nav-link" href="/rest-console"><i class="fab fa-linux"></i> Rest Console</a></li><li class="nav-item dropdown"><a aria-expanded="false" class="nav-link dropdown-toggle" data-bs-toggle="dropdown" href="#" id="ToolsDropDown" role="button"><i class="fas fa-tools"></i> Tools</a><ul aria-labelledby="ToolsDropDown" class="dropdown-menu"><li class=""><a class="dropdown-item" href="/tools/base64-encode-decode">Base64 Encode/Decode</a></li><li class=""><a class="dropdown-item" href="/tools/url-encode-decode">Url Encode/Decode</a></li><li class=""><a class="dropdown-item" href="/tools/gcode-translator">G-Code Translator</a></li></ul></li><li class="nav-item"><a class="nav-link" href="/consumer/login">Login</a></li></ul></div></div></nav><div class="container pt-3"><style type="text/css">.code-text code {color: #bdbdbd;display: block;}.code-text code b {color: #81a2be;font-weight: 900;}.code-text code em {color: #b294bb;font-style: unset;}.code-text code i {color: #b5bd68;}.code-text code span {color: #f0c674;}</style><div class="card text-white border-secondary bg-dark"><div class="card-header"><h1 class="card-title text-warning"><i class="fas fa-ghost text-white slide-right"></i> HTTP: Not Found </h1></div><div class="card-body"><h3 class="leaad code-text"><code class="mb-3"><span>this_page</span>.<em>not_found</em> = true</code></h3><p class="lead code-text"><code class="mb-2"><span>if</span> <b>you_spelt_it_wrong</b> <br />&nbsp;&nbsp;<span>try_again</span><br /></code><code class="mb-2"><span>elsif <b>we_screwed_up</b></span> <br />&nbsp;&nbsp;<em>print</em> <i>"We're really sorry about that."</i><br/></code><code class="mb-2"><span>end</span></code><code class="mb-2"><span>redirect_to</span> <em>home_page</em></code></p></div><div class="card-footer"><p class="text-danger">We are sorry, something went wrong. Please try again later.</p></div></div></div><hr class="mt-5" /><div class="container"><div class="footer"><ul class="list-inline"><li class="list-inline-item">&copy; Go Rest 2025</li><li class="list-inline-item float-lg-end"><a href="/privacy-policy">Privacy Policy</a></li><li class="list-inline-item float-lg-end me-3"><a href="/contact-us">Contact Us</a></li></ul></div></div></body></html>
classpath:examples/comments/comments.feature:48
status code was: 404, expected: 204, response time in milliseconds: 1657, url: https://gorest.co.in/public/v2/comments, response: 
<!DOCTYPE html><html><head><meta charset="utf-8" /><meta content="width=device-width, initial-scale=1, shrink-to-fit=no" name="viewport" /><link href="/favicon.ico" rel="icon" type="image/x-icon" /><title>Page Not Found | GO REST</title><link rel="stylesheet" href="/assets/application-908c2251d58be479b7fb209519b40235fa8b917357737796da9f4462eea8cabe.css" media="all" data-turbolinks-track="reload" /><script src="/packs/js/application-194ed409298f13f197d2.js" data-turbolinks-track="reload" defer="defer"></script><script async="true" crossorigin="anonymous" src="https://pagead2.googlesyndication.com/pagead/js/adsbygoogle.js?client=ca-pub-4400401340006140"></script></head><body><nav class="navbar navbar-expand-lg navbar-dark bg-dark sticky-top"><div class="container"><a class="navbar-brand" href="/"><i class="fas fa-exchange-alt"></i> Go REST</a><button aria-controls="AppNavBar" aria-expanded="false" aria-label="Toggle navigation" class="navbar-toggler" data-bs-target="#AppNavBar" data-bs-toggle="collapse" type="button"><span class="navbar-toggler-icon"></span></button><div class="collapse navbar-collapse" id="AppNavBar"><ul class="navbar-nav ms-auto"><li class="nav-item"><a class="nav-link" href="/qa"><i class="fas fa-life-ring"></i> Help</a></li><li class="nav-item"><a class="nav-link" href="/rest-console"><i class="fab fa-linux"></i> Rest Console</a></li><li class="nav-item dropdown"><a aria-expanded="false" class="nav-link dropdown-toggle" data-bs-toggle="dropdown" href="#" id="ToolsDropDown" role="button"><i class="fas fa-tools"></i> Tools</a><ul aria-labelledby="ToolsDropDown" class="dropdown-menu"><li class=""><a class="dropdown-item" href="/tools/base64-encode-decode">Base64 Encode/Decode</a></li><li class=""><a class="dropdown-item" href="/tools/url-encode-decode">Url Encode/Decode</a></li><li class=""><a class="dropdown-item" href="/tools/gcode-translator">G-Code Translator</a></li></ul></li><li class="nav-item"><a class="nav-link" href="/consumer/login">Login</a></li></ul></div></div></nav><div class="container pt-3"><style type="text/css">.code-text code {color: #bdbdbd;display: block;}.code-text code b {color: #81a2be;font-weight: 900;}.code-text code em {color: #b294bb;font-style: unset;}.code-text code i {color: #b5bd68;}.code-text code span {color: #f0c674;}</style><div class="card text-white border-secondary bg-dark"><div class="card-header"><h1 class="card-title text-warning"><i class="fas fa-ghost text-white slide-right"></i> HTTP: Not Found </h1></div><div class="card-body"><h3 class="leaad code-text"><code class="mb-3"><span>this_page</span>.<em>not_found</em> = true</code></h3><p class="lead code-text"><code class="mb-2"><span>if</span> <b>you_spelt_it_wrong</b> <br />&nbsp;&nbsp;<span>try_again</span><br /></code><code class="mb-2"><span>elsif <b>we_screwed_up</b></span> <br />&nbsp;&nbsp;<em>print</em> <i>"We're really sorry about that."</i><br/></code><code class="mb-2"><span>end</span></code><code class="mb-2"><span>redirect_to</span> <em>home_page</em></code></p></div><div class="card-footer"><p class="text-danger">We are sorry, something went wrong. Please try again later.</p></div></div></div><hr class="mt-5" /><div class="container"><div class="footer"><ul class="list-inline"><li class="list-inline-item">&copy; Go Rest 2025</li><li class="list-inline-item float-lg-end"><a href="/privacy-policy">Privacy Policy</a></li><li class="list-inline-item float-lg-end me-3"><a href="/contact-us">Contact Us</a></li></ul></div></div></body></html>
classpath:examples/comments/comments.feature:55
status code was: 404, expected: 201, response time in milliseconds: 1291, url: https://gorest.co.in/public/v2/users/posts, response: 
<!DOCTYPE html><html><head><meta charset="utf-8" /><meta content="width=device-width, initial-scale=1, shrink-to-fit=no" name="viewport" /><link href="/favicon.ico" rel="icon" type="image/x-icon" /><title>Page Not Found | GO REST</title><link rel="stylesheet" href="/assets/application-908c2251d58be479b7fb209519b40235fa8b917357737796da9f4462eea8cabe.css" media="all" data-turbolinks-track="reload" /><script src="/packs/js/application-194ed409298f13f197d2.js" data-turbolinks-track="reload" defer="defer"></script><script async="true" crossorigin="anonymous" src="https://pagead2.googlesyndication.com/pagead/js/adsbygoogle.js?client=ca-pub-4400401340006140"></script></head><body><nav class="navbar navbar-expand-lg navbar-dark bg-dark sticky-top"><div class="container"><a class="navbar-brand" href="/"><i class="fas fa-exchange-alt"></i> Go REST</a><button aria-controls="AppNavBar" aria-expanded="false" aria-label="Toggle navigation" class="navbar-toggler" data-bs-target="#AppNavBar" data-bs-toggle="collapse" type="button"><span class="navbar-toggler-icon"></span></button><div class="collapse navbar-collapse" id="AppNavBar"><ul class="navbar-nav ms-auto"><li class="nav-item"><a class="nav-link" href="/qa"><i class="fas fa-life-ring"></i> Help</a></li><li class="nav-item"><a class="nav-link" href="/rest-console"><i class="fab fa-linux"></i> Rest Console</a></li><li class="nav-item dropdown"><a aria-expanded="false" class="nav-link dropdown-toggle" data-bs-toggle="dropdown" href="#" id="ToolsDropDown" role="button"><i class="fas fa-tools"></i> Tools</a><ul aria-labelledby="ToolsDropDown" class="dropdown-menu"><li class=""><a class="dropdown-item" href="/tools/base64-encode-decode">Base64 Encode/Decode</a></li><li class=""><a class="dropdown-item" href="/tools/url-encode-decode">Url Encode/Decode</a></li><li class=""><a class="dropdown-item" href="/tools/gcode-translator">G-Code Translator</a></li></ul></li><li class="nav-item"><a class="nav-link" href="/consumer/login">Login</a></li></ul></div></div></nav><div class="container pt-3"><style type="text/css">.code-text code {color: #bdbdbd;display: block;}.code-text code b {color: #81a2be;font-weight: 900;}.code-text code em {color: #b294bb;font-style: unset;}.code-text code i {color: #b5bd68;}.code-text code span {color: #f0c674;}</style><div class="card text-white border-secondary bg-dark"><div class="card-header"><h1 class="card-title text-warning"><i class="fas fa-ghost text-white slide-right"></i> HTTP: Not Found </h1></div><div class="card-body"><h3 class="leaad code-text"><code class="mb-3"><span>this_page</span>.<em>not_found</em> = true</code></h3><p class="lead code-text"><code class="mb-2"><span>if</span> <b>you_spelt_it_wrong</b> <br />&nbsp;&nbsp;<span>try_again</span><br /></code><code class="mb-2"><span>elsif <b>we_screwed_up</b></span> <br />&nbsp;&nbsp;<em>print</em> <i>"We're really sorry about that."</i><br/></code><code class="mb-2"><span>end</span></code><code class="mb-2"><span>redirect_to</span> <em>home_page</em></code></p></div><div class="card-footer"><p class="text-danger">We are sorry, something went wrong. Please try again later.</p></div></div></div><hr class="mt-5" /><div class="container"><div class="footer"><ul class="list-inline"><li class="list-inline-item">&copy; Go Rest 2025</li><li class="list-inline-item float-lg-end"><a href="/privacy-policy">Privacy Policy</a></li><li class="list-inline-item float-lg-end me-3"><a href="/contact-us">Contact Us</a></li></ul></div></div></body></html>
classpath:examples/posts/posts.feature:27
status code was: 404, expected: 200, response time in milliseconds: 1298, url: https://gorest.co.in/public/v2/posts, response: 
<!DOCTYPE html><html><head><meta charset="utf-8" /><meta content="width=device-width, initial-scale=1, shrink-to-fit=no" name="viewport" /><link href="/favicon.ico" rel="icon" type="image/x-icon" /><title>Page Not Found | GO REST</title><link rel="stylesheet" href="/assets/application-908c2251d58be479b7fb209519b40235fa8b917357737796da9f4462eea8cabe.css" media="all" data-turbolinks-track="reload" /><script src="/packs/js/application-194ed409298f13f197d2.js" data-turbolinks-track="reload" defer="defer"></script><script async="true" crossorigin="anonymous" src="https://pagead2.googlesyndication.com/pagead/js/adsbygoogle.js?client=ca-pub-4400401340006140"></script></head><body><nav class="navbar navbar-expand-lg navbar-dark bg-dark sticky-top"><div class="container"><a class="navbar-brand" href="/"><i class="fas fa-exchange-alt"></i> Go REST</a><button aria-controls="AppNavBar" aria-expanded="false" aria-label="Toggle navigation" class="navbar-toggler" data-bs-target="#AppNavBar" data-bs-toggle="collapse" type="button"><span class="navbar-toggler-icon"></span></button><div class="collapse navbar-collapse" id="AppNavBar"><ul class="navbar-nav ms-auto"><li class="nav-item"><a class="nav-link" href="/qa"><i class="fas fa-life-ring"></i> Help</a></li><li class="nav-item"><a class="nav-link" href="/rest-console"><i class="fab fa-linux"></i> Rest Console</a></li><li class="nav-item dropdown"><a aria-expanded="false" class="nav-link dropdown-toggle" data-bs-toggle="dropdown" href="#" id="ToolsDropDown" role="button"><i class="fas fa-tools"></i> Tools</a><ul aria-labelledby="ToolsDropDown" class="dropdown-menu"><li class=""><a class="dropdown-item" href="/tools/base64-encode-decode">Base64 Encode/Decode</a></li><li class=""><a class="dropdown-item" href="/tools/url-encode-decode">Url Encode/Decode</a></li><li class=""><a class="dropdown-item" href="/tools/gcode-translator">G-Code Translator</a></li></ul></li><li class="nav-item"><a class="nav-link" href="/consumer/login">Login</a></li></ul></div></div></nav><div class="container pt-3"><style type="text/css">.code-text code {color: #bdbdbd;display: block;}.code-text code b {color: #81a2be;font-weight: 900;}.code-text code em {color: #b294bb;font-style: unset;}.code-text code i {color: #b5bd68;}.code-text code span {color: #f0c674;}</style><div class="card text-white border-secondary bg-dark"><div class="card-header"><h1 class="card-title text-warning"><i class="fas fa-ghost text-white slide-right"></i> HTTP: Not Found </h1></div><div class="card-body"><h3 class="leaad code-text"><code class="mb-3"><span>this_page</span>.<em>not_found</em> = true</code></h3><p class="lead code-text"><code class="mb-2"><span>if</span> <b>you_spelt_it_wrong</b> <br />&nbsp;&nbsp;<span>try_again</span><br /></code><code class="mb-2"><span>elsif <b>we_screwed_up</b></span> <br />&nbsp;&nbsp;<em>print</em> <i>"We're really sorry about that."</i><br/></code><code class="mb-2"><span>end</span></code><code class="mb-2"><span>redirect_to</span> <em>home_page</em></code></p></div><div class="card-footer"><p class="text-danger">We are sorry, something went wrong. Please try again later.</p></div></div></div><hr class="mt-5" /><div class="container"><div class="footer"><ul class="list-inline"><li class="list-inline-item">&copy; Go Rest 2025</li><li class="list-inline-item float-lg-end"><a href="/privacy-policy">Privacy Policy</a></li><li class="list-inline-item float-lg-end me-3"><a href="/contact-us">Contact Us</a></li></ul></div></div></body></html>
classpath:examples/posts/posts.feature:50
status code was: 404, expected: 204, response time in milliseconds: 1307, url: https://gorest.co.in/public/v2/posts, response: 
<!DOCTYPE html><html><head><meta charset="utf-8" /><meta content="width=device-width, initial-scale=1, shrink-to-fit=no" name="viewport" /><link href="/favicon.ico" rel="icon" type="image/x-icon" /><title>Page Not Found | GO REST</title><link rel="stylesheet" href="/assets/application-908c2251d58be479b7fb209519b40235fa8b917357737796da9f4462eea8cabe.css" media="all" data-turbolinks-track="reload" /><script src="/packs/js/application-194ed409298f13f197d2.js" data-turbolinks-track="reload" defer="defer"></script><script async="true" crossorigin="anonymous" src="https://pagead2.googlesyndication.com/pagead/js/adsbygoogle.js?client=ca-pub-4400401340006140"></script></head><body><nav class="navbar navbar-expand-lg navbar-dark bg-dark sticky-top"><div class="container"><a class="navbar-brand" href="/"><i class="fas fa-exchange-alt"></i> Go REST</a><button aria-controls="AppNavBar" aria-expanded="false" aria-label="Toggle navigation" class="navbar-toggler" data-bs-target="#AppNavBar" data-bs-toggle="collapse" type="button"><span class="navbar-toggler-icon"></span></button><div class="collapse navbar-collapse" id="AppNavBar"><ul class="navbar-nav ms-auto"><li class="nav-item"><a class="nav-link" href="/qa"><i class="fas fa-life-ring"></i> Help</a></li><li class="nav-item"><a class="nav-link" href="/rest-console"><i class="fab fa-linux"></i> Rest Console</a></li><li class="nav-item dropdown"><a aria-expanded="false" class="nav-link dropdown-toggle" data-bs-toggle="dropdown" href="#" id="ToolsDropDown" role="button"><i class="fas fa-tools"></i> Tools</a><ul aria-labelledby="ToolsDropDown" class="dropdown-menu"><li class=""><a class="dropdown-item" href="/tools/base64-encode-decode">Base64 Encode/Decode</a></li><li class=""><a class="dropdown-item" href="/tools/url-encode-decode">Url Encode/Decode</a></li><li class=""><a class="dropdown-item" href="/tools/gcode-translator">G-Code Translator</a></li></ul></li><li class="nav-item"><a class="nav-link" href="/consumer/login">Login</a></li></ul></div></div></nav><div class="container pt-3"><style type="text/css">.code-text code {color: #bdbdbd;display: block;}.code-text code b {color: #81a2be;font-weight: 900;}.code-text code em {color: #b294bb;font-style: unset;}.code-text code i {color: #b5bd68;}.code-text code span {color: #f0c674;}</style><div class="card text-white border-secondary bg-dark"><div class="card-header"><h1 class="card-title text-warning"><i class="fas fa-ghost text-white slide-right"></i> HTTP: Not Found </h1></div><div class="card-body"><h3 class="leaad code-text"><code class="mb-3"><span>this_page</span>.<em>not_found</em> = true</code></h3><p class="lead code-text"><code class="mb-2"><span>if</span> <b>you_spelt_it_wrong</b> <br />&nbsp;&nbsp;<span>try_again</span><br /></code><code class="mb-2"><span>elsif <b>we_screwed_up</b></span> <br />&nbsp;&nbsp;<em>print</em> <i>"We're really sorry about that."</i><br/></code><code class="mb-2"><span>end</span></code><code class="mb-2"><span>redirect_to</span> <em>home_page</em></code></p></div><div class="card-footer"><p class="text-danger">We are sorry, something went wrong. Please try again later.</p></div></div></div><hr class="mt-5" /><div class="container"><div class="footer"><ul class="list-inline"><li class="list-inline-item">&copy; Go Rest 2025</li><li class="list-inline-item float-lg-end"><a href="/privacy-policy">Privacy Policy</a></li><li class="list-inline-item float-lg-end me-3"><a href="/contact-us">Contact Us</a></li></ul></div></div></body></html>
classpath:examples/posts/posts.feature:57
status code was: 404, expected: 201, response time in milliseconds: 1339, url: https://gorest.co.in/public/v2/users/todos, response: 
<!DOCTYPE html><html><head><meta charset="utf-8" /><meta content="width=device-width, initial-scale=1, shrink-to-fit=no" name="viewport" /><link href="/favicon.ico" rel="icon" type="image/x-icon" /><title>Page Not Found | GO REST</title><link rel="stylesheet" href="/assets/application-908c2251d58be479b7fb209519b40235fa8b917357737796da9f4462eea8cabe.css" media="all" data-turbolinks-track="reload" /><script src="/packs/js/application-194ed409298f13f197d2.js" data-turbolinks-track="reload" defer="defer"></script><script async="true" crossorigin="anonymous" src="https://pagead2.googlesyndication.com/pagead/js/adsbygoogle.js?client=ca-pub-4400401340006140"></script></head><body><nav class="navbar navbar-expand-lg navbar-dark bg-dark sticky-top"><div class="container"><a class="navbar-brand" href="/"><i class="fas fa-exchange-alt"></i> Go REST</a><button aria-controls="AppNavBar" aria-expanded="false" aria-label="Toggle navigation" class="navbar-toggler" data-bs-target="#AppNavBar" data-bs-toggle="collapse" type="button"><span class="navbar-toggler-icon"></span></button><div class="collapse navbar-collapse" id="AppNavBar"><ul class="navbar-nav ms-auto"><li class="nav-item"><a class="nav-link" href="/qa"><i class="fas fa-life-ring"></i> Help</a></li><li class="nav-item"><a class="nav-link" href="/rest-console"><i class="fab fa-linux"></i> Rest Console</a></li><li class="nav-item dropdown"><a aria-expanded="false" class="nav-link dropdown-toggle" data-bs-toggle="dropdown" href="#" id="ToolsDropDown" role="button"><i class="fas fa-tools"></i> Tools</a><ul aria-labelledby="ToolsDropDown" class="dropdown-menu"><li class=""><a class="dropdown-item" href="/tools/base64-encode-decode">Base64 Encode/Decode</a></li><li class=""><a class="dropdown-item" href="/tools/url-encode-decode">Url Encode/Decode</a></li><li class=""><a class="dropdown-item" href="/tools/gcode-translator">G-Code Translator</a></li></ul></li><li class="nav-item"><a class="nav-link" href="/consumer/login">Login</a></li></ul></div></div></nav><div class="container pt-3"><style type="text/css">.code-text code {color: #bdbdbd;display: block;}.code-text code b {color: #81a2be;font-weight: 900;}.code-text code em {color: #b294bb;font-style: unset;}.code-text code i {color: #b5bd68;}.code-text code span {color: #f0c674;}</style><div class="card text-white border-secondary bg-dark"><div class="card-header"><h1 class="card-title text-warning"><i class="fas fa-ghost text-white slide-right"></i> HTTP: Not Found </h1></div><div class="card-body"><h3 class="leaad code-text"><code class="mb-3"><span>this_page</span>.<em>not_found</em> = true</code></h3><p class="lead code-text"><code class="mb-2"><span>if</span> <b>you_spelt_it_wrong</b> <br />&nbsp;&nbsp;<span>try_again</span><br /></code><code class="mb-2"><span>elsif <b>we_screwed_up</b></span> <br />&nbsp;&nbsp;<em>print</em> <i>"We're really sorry about that."</i><br/></code><code class="mb-2"><span>end</span></code><code class="mb-2"><span>redirect_to</span> <em>home_page</em></code></p></div><div class="card-footer"><p class="text-danger">We are sorry, something went wrong. Please try again later.</p></div></div></div><hr class="mt-5" /><div class="container"><div class="footer"><ul class="list-inline"><li class="list-inline-item">&copy; Go Rest 2025</li><li class="list-inline-item float-lg-end"><a href="/privacy-policy">Privacy Policy</a></li><li class="list-inline-item float-lg-end me-3"><a href="/contact-us">Contact Us</a></li></ul></div></div></body></html>
classpath:examples/todos/todos.feature:22
status code was: 404, expected: 200, response time in milliseconds: 1330, url: https://gorest.co.in/public/v2/todos, response: 
<!DOCTYPE html><html><head><meta charset="utf-8" /><meta content="width=device-width, initial-scale=1, shrink-to-fit=no" name="viewport" /><link href="/favicon.ico" rel="icon" type="image/x-icon" /><title>Page Not Found | GO REST</title><link rel="stylesheet" href="/assets/application-908c2251d58be479b7fb209519b40235fa8b917357737796da9f4462eea8cabe.css" media="all" data-turbolinks-track="reload" /><script src="/packs/js/application-194ed409298f13f197d2.js" data-turbolinks-track="reload" defer="defer"></script><script async="true" crossorigin="anonymous" src="https://pagead2.googlesyndication.com/pagead/js/adsbygoogle.js?client=ca-pub-4400401340006140"></script></head><body><nav class="navbar navbar-expand-lg navbar-dark bg-dark sticky-top"><div class="container"><a class="navbar-brand" href="/"><i class="fas fa-exchange-alt"></i> Go REST</a><button aria-controls="AppNavBar" aria-expanded="false" aria-label="Toggle navigation" class="navbar-toggler" data-bs-target="#AppNavBar" data-bs-toggle="collapse" type="button"><span class="navbar-toggler-icon"></span></button><div class="collapse navbar-collapse" id="AppNavBar"><ul class="navbar-nav ms-auto"><li class="nav-item"><a class="nav-link" href="/qa"><i class="fas fa-life-ring"></i> Help</a></li><li class="nav-item"><a class="nav-link" href="/rest-console"><i class="fab fa-linux"></i> Rest Console</a></li><li class="nav-item dropdown"><a aria-expanded="false" class="nav-link dropdown-toggle" data-bs-toggle="dropdown" href="#" id="ToolsDropDown" role="button"><i class="fas fa-tools"></i> Tools</a><ul aria-labelledby="ToolsDropDown" class="dropdown-menu"><li class=""><a class="dropdown-item" href="/tools/base64-encode-decode">Base64 Encode/Decode</a></li><li class=""><a class="dropdown-item" href="/tools/url-encode-decode">Url Encode/Decode</a></li><li class=""><a class="dropdown-item" href="/tools/gcode-translator">G-Code Translator</a></li></ul></li><li class="nav-item"><a class="nav-link" href="/consumer/login">Login</a></li></ul></div></div></nav><div class="container pt-3"><style type="text/css">.code-text code {color: #bdbdbd;display: block;}.code-text code b {color: #81a2be;font-weight: 900;}.code-text code em {color: #b294bb;font-style: unset;}.code-text code i {color: #b5bd68;}.code-text code span {color: #f0c674;}</style><div class="card text-white border-secondary bg-dark"><div class="card-header"><h1 class="card-title text-warning"><i class="fas fa-ghost text-white slide-right"></i> HTTP: Not Found </h1></div><div class="card-body"><h3 class="leaad code-text"><code class="mb-3"><span>this_page</span>.<em>not_found</em> = true</code></h3><p class="lead code-text"><code class="mb-2"><span>if</span> <b>you_spelt_it_wrong</b> <br />&nbsp;&nbsp;<span>try_again</span><br /></code><code class="mb-2"><span>elsif <b>we_screwed_up</b></span> <br />&nbsp;&nbsp;<em>print</em> <i>"We're really sorry about that."</i><br/></code><code class="mb-2"><span>end</span></code><code class="mb-2"><span>redirect_to</span> <em>home_page</em></code></p></div><div class="card-footer"><p class="text-danger">We are sorry, something went wrong. Please try again later.</p></div></div></div><hr class="mt-5" /><div class="container"><div class="footer"><ul class="list-inline"><li class="list-inline-item">&copy; Go Rest 2025</li><li class="list-inline-item float-lg-end"><a href="/privacy-policy">Privacy Policy</a></li><li class="list-inline-item float-lg-end me-3"><a href="/contact-us">Contact Us</a></li></ul></div></div></body></html>
classpath:examples/todos/todos.feature:54
status code was: 404, expected: 204, response time in milliseconds: 1313, url: https://gorest.co.in/public/v2/todos, response: 
<!DOCTYPE html><html><head><meta charset="utf-8" /><meta content="width=device-width, initial-scale=1, shrink-to-fit=no" name="viewport" /><link href="/favicon.ico" rel="icon" type="image/x-icon" /><title>Page Not Found | GO REST</title><link rel="stylesheet" href="/assets/application-908c2251d58be479b7fb209519b40235fa8b917357737796da9f4462eea8cabe.css" media="all" data-turbolinks-track="reload" /><script src="/packs/js/application-194ed409298f13f197d2.js" data-turbolinks-track="reload" defer="defer"></script><script async="true" crossorigin="anonymous" src="https://pagead2.googlesyndication.com/pagead/js/adsbygoogle.js?client=ca-pub-4400401340006140"></script></head><body><nav class="navbar navbar-expand-lg navbar-dark bg-dark sticky-top"><div class="container"><a class="navbar-brand" href="/"><i class="fas fa-exchange-alt"></i> Go REST</a><button aria-controls="AppNavBar" aria-expanded="false" aria-label="Toggle navigation" class="navbar-toggler" data-bs-target="#AppNavBar" data-bs-toggle="collapse" type="button"><span class="navbar-toggler-icon"></span></button><div class="collapse navbar-collapse" id="AppNavBar"><ul class="navbar-nav ms-auto"><li class="nav-item"><a class="nav-link" href="/qa"><i class="fas fa-life-ring"></i> Help</a></li><li class="nav-item"><a class="nav-link" href="/rest-console"><i class="fab fa-linux"></i> Rest Console</a></li><li class="nav-item dropdown"><a aria-expanded="false" class="nav-link dropdown-toggle" data-bs-toggle="dropdown" href="#" id="ToolsDropDown" role="button"><i class="fas fa-tools"></i> Tools</a><ul aria-labelledby="ToolsDropDown" class="dropdown-menu"><li class=""><a class="dropdown-item" href="/tools/base64-encode-decode">Base64 Encode/Decode</a></li><li class=""><a class="dropdown-item" href="/tools/url-encode-decode">Url Encode/Decode</a></li><li class=""><a class="dropdown-item" href="/tools/gcode-translator">G-Code Translator</a></li></ul></li><li class="nav-item"><a class="nav-link" href="/consumer/login">Login</a></li></ul></div></div></nav><div class="container pt-3"><style type="text/css">.code-text code {color: #bdbdbd;display: block;}.code-text code b {color: #81a2be;font-weight: 900;}.code-text code em {color: #b294bb;font-style: unset;}.code-text code i {color: #b5bd68;}.code-text code span {color: #f0c674;}</style><div class="card text-white border-secondary bg-dark"><div class="card-header"><h1 class="card-title text-warning"><i class="fas fa-ghost text-white slide-right"></i> HTTP: Not Found </h1></div><div class="card-body"><h3 class="leaad code-text"><code class="mb-3"><span>this_page</span>.<em>not_found</em> = true</code></h3><p class="lead code-text"><code class="mb-2"><span>if</span> <b>you_spelt_it_wrong</b> <br />&nbsp;&nbsp;<span>try_again</span><br /></code><code class="mb-2"><span>elsif <b>we_screwed_up</b></span> <br />&nbsp;&nbsp;<em>print</em> <i>"We're really sorry about that."</i><br/></code><code class="mb-2"><span>end</span></code><code class="mb-2"><span>redirect_to</span> <em>home_page</em></code></p></div><div class="card-footer"><p class="text-danger">We are sorry, something went wrong. Please try again later.</p></div></div></div><hr class="mt-5" /><div class="container"><div class="footer"><ul class="list-inline"><li class="list-inline-item">&copy; Go Rest 2025</li><li class="list-inline-item float-lg-end"><a href="/privacy-policy">Privacy Policy</a></li><li class="list-inline-item float-lg-end me-3"><a href="/contact-us">Contact Us</a></li></ul></div></div></body></html>
classpath:examples/todos/todos.feature:61
match failed: EQUALS
  $ | actual path does not exist (STRING:NULL)
  '#notpresent'
  null

classpath:examples/user/user.feature:51
status code was: 404, expected: 200, response time in milliseconds: 1298, url: https://gorest.co.in/public/v2/users, response: 
<!DOCTYPE html><html><head><meta charset="utf-8" /><meta content="width=device-width, initial-scale=1, shrink-to-fit=no" name="viewport" /><link href="/favicon.ico" rel="icon" type="image/x-icon" /><title>Page Not Found | GO REST</title><link rel="stylesheet" href="/assets/application-908c2251d58be479b7fb209519b40235fa8b917357737796da9f4462eea8cabe.css" media="all" data-turbolinks-track="reload" /><script src="/packs/js/application-194ed409298f13f197d2.js" data-turbolinks-track="reload" defer="defer"></script><script async="true" crossorigin="anonymous" src="https://pagead2.googlesyndication.com/pagead/js/adsbygoogle.js?client=ca-pub-4400401340006140"></script></head><body><nav class="navbar navbar-expand-lg navbar-dark bg-dark sticky-top"><div class="container"><a class="navbar-brand" href="/"><i class="fas fa-exchange-alt"></i> Go REST</a><button aria-controls="AppNavBar" aria-expanded="false" aria-label="Toggle navigation" class="navbar-toggler" data-bs-target="#AppNavBar" data-bs-toggle="collapse" type="button"><span class="navbar-toggler-icon"></span></button><div class="collapse navbar-collapse" id="AppNavBar"><ul class="navbar-nav ms-auto"><li class="nav-item"><a class="nav-link" href="/qa"><i class="fas fa-life-ring"></i> Help</a></li><li class="nav-item"><a class="nav-link" href="/rest-console"><i class="fab fa-linux"></i> Rest Console</a></li><li class="nav-item dropdown"><a aria-expanded="false" class="nav-link dropdown-toggle" data-bs-toggle="dropdown" href="#" id="ToolsDropDown" role="button"><i class="fas fa-tools"></i> Tools</a><ul aria-labelledby="ToolsDropDown" class="dropdown-menu"><li class=""><a class="dropdown-item" href="/tools/base64-encode-decode">Base64 Encode/Decode</a></li><li class=""><a class="dropdown-item" href="/tools/url-encode-decode">Url Encode/Decode</a></li><li class=""><a class="dropdown-item" href="/tools/gcode-translator">G-Code Translator</a></li></ul></li><li class="nav-item"><a class="nav-link" href="/consumer/login">Login</a></li></ul></div></div></nav><div class="container pt-3"><style type="text/css">.code-text code {color: #bdbdbd;display: block;}.code-text code b {color: #81a2be;font-weight: 900;}.code-text code em {color: #b294bb;font-style: unset;}.code-text code i {color: #b5bd68;}.code-text code span {color: #f0c674;}</style><div class="card text-white border-secondary bg-dark"><div class="card-header"><h1 class="card-title text-warning"><i class="fas fa-ghost text-white slide-right"></i> HTTP: Not Found </h1></div><div class="card-body"><h3 class="leaad code-text"><code class="mb-3"><span>this_page</span>.<em>not_found</em> = true</code></h3><p class="lead code-text"><code class="mb-2"><span>if</span> <b>you_spelt_it_wrong</b> <br />&nbsp;&nbsp;<span>try_again</span><br /></code><code class="mb-2"><span>elsif <b>we_screwed_up</b></span> <br />&nbsp;&nbsp;<em>print</em> <i>"We're really sorry about that."</i><br/></code><code class="mb-2"><span>end</span></code><code class="mb-2"><span>redirect_to</span> <em>home_page</em></code></p></div><div class="card-footer"><p class="text-danger">We are sorry, something went wrong. Please try again later.</p></div></div></div><hr class="mt-5" /><div class="container"><div class="footer"><ul class="list-inline"><li class="list-inline-item">&copy; Go Rest 2025</li><li class="list-inline-item float-lg-end"><a href="/privacy-policy">Privacy Policy</a></li><li class="list-inline-item float-lg-end me-3"><a href="/contact-us">Contact Us</a></li></ul></div></div></body></html>
classpath:examples/user/user.feature:67
status code was: 404, expected: 204, response time in milliseconds: 1303, url: https://gorest.co.in/public/v2/users, response: 
<!DOCTYPE html><html><head><meta charset="utf-8" /><meta content="width=device-width, initial-scale=1, shrink-to-fit=no" name="viewport" /><link href="/favicon.ico" rel="icon" type="image/x-icon" /><title>Page Not Found | GO REST</title><link rel="stylesheet" href="/assets/application-908c2251d58be479b7fb209519b40235fa8b917357737796da9f4462eea8cabe.css" media="all" data-turbolinks-track="reload" /><script src="/packs/js/application-194ed409298f13f197d2.js" data-turbolinks-track="reload" defer="defer"></script><script async="true" crossorigin="anonymous" src="https://pagead2.googlesyndication.com/pagead/js/adsbygoogle.js?client=ca-pub-4400401340006140"></script></head><body><nav class="navbar navbar-expand-lg navbar-dark bg-dark sticky-top"><div class="container"><a class="navbar-brand" href="/"><i class="fas fa-exchange-alt"></i> Go REST</a><button aria-controls="AppNavBar" aria-expanded="false" aria-label="Toggle navigation" class="navbar-toggler" data-bs-target="#AppNavBar" data-bs-toggle="collapse" type="button"><span class="navbar-toggler-icon"></span></button><div class="collapse navbar-collapse" id="AppNavBar"><ul class="navbar-nav ms-auto"><li class="nav-item"><a class="nav-link" href="/qa"><i class="fas fa-life-ring"></i> Help</a></li><li class="nav-item"><a class="nav-link" href="/rest-console"><i class="fab fa-linux"></i> Rest Console</a></li><li class="nav-item dropdown"><a aria-expanded="false" class="nav-link dropdown-toggle" data-bs-toggle="dropdown" href="#" id="ToolsDropDown" role="button"><i class="fas fa-tools"></i> Tools</a><ul aria-labelledby="ToolsDropDown" class="dropdown-menu"><li class=""><a class="dropdown-item" href="/tools/base64-encode-decode">Base64 Encode/Decode</a></li><li class=""><a class="dropdown-item" href="/tools/url-encode-decode">Url Encode/Decode</a></li><li class=""><a class="dropdown-item" href="/tools/gcode-translator">G-Code Translator</a></li></ul></li><li class="nav-item"><a class="nav-link" href="/consumer/login">Login</a></li></ul></div></div></nav><div class="container pt-3"><style type="text/css">.code-text code {color: #bdbdbd;display: block;}.code-text code b {color: #81a2be;font-weight: 900;}.code-text code em {color: #b294bb;font-style: unset;}.code-text code i {color: #b5bd68;}.code-text code span {color: #f0c674;}</style><div class="card text-white border-secondary bg-dark"><div class="card-header"><h1 class="card-title text-warning"><i class="fas fa-ghost text-white slide-right"></i> HTTP: Not Found </h1></div><div class="card-body"><h3 class="leaad code-text"><code class="mb-3"><span>this_page</span>.<em>not_found</em> = true</code></h3><p class="lead code-text"><code class="mb-2"><span>if</span> <b>you_spelt_it_wrong</b> <br />&nbsp;&nbsp;<span>try_again</span><br /></code><code class="mb-2"><span>elsif <b>we_screwed_up</b></span> <br />&nbsp;&nbsp;<em>print</em> <i>"We're really sorry about that."</i><br/></code><code class="mb-2"><span>end</span></code><code class="mb-2"><span>redirect_to</span> <em>home_page</em></code></p></div><div class="card-footer"><p class="text-danger">We are sorry, something went wrong. Please try again later.</p></div></div></div><hr class="mt-5" /><div class="container"><div class="footer"><ul class="list-inline"><li class="list-inline-item">&copy; Go Rest 2025</li><li class="list-inline-item float-lg-end"><a href="/privacy-policy">Privacy Policy</a></li><li class="list-inline-item float-lg-end me-3"><a href="/contact-us">Contact Us</a></li></ul></div></div></body></html>
classpath:examples/user/user.feature:74
invalid variable name: examples.user
classpath:examples/users/users.feature:19
<<<

HTML report: (paste into browser to view) | Karate version: 1.5.0
file:///C:/Users/dikyd/Documents/Maven/Proyecto_QA2_example1/target/karate-reports/karate-summary.html
===================================================================

]]></system-out>
  </testcase>
</testsuite>